----system---- --total-cpu-usage-- -dsk/total- ------memory-usage----- ------tcp-sockets------- -net/total-
     time     |usr sys idl wai stl| read  writ| used  free  buff  cach|lis  act  syn  tim  clo | recv  send
23-11 14:34:36|  3   0  96   1   0| 837k 2961k| 607M 1479M  108M 1438M|  9    4    0    9    0 |   0     0 
23-11 14:34:37|  3   2  94   0   0|   0   320k| 607M 1479M  108M 1438M|  9    4    0    9    0 |  76B   90B
23-11 14:34:38|  0   0 100   0   0|   0    11M| 607M 1479M  108M 1438M|  9    4    0    9    0 |   0     0 
23-11 14:34:39|  1   0  98   2   0|   0  7328k| 608M 1479M  108M 1438M|  9    4    0    9    0 |   0     0 
23-11 14:34:40|  0   0  99   0   0|   0   144k| 608M 1479M  108M 1438M|  9    4    0    9    0 |   0     0 
23-11 14:34:41|  0   0 100   0   0|   0    24k| 608M 1479M  108M 1438M|  9    4    0    9    0 |   0     0 
23-11 14:34:42|  0   0 100   0   0|   0     0 | 609M 1478M  108M 1438M|  9    9    0    9    0 | 421B  140B
23-11 14:34:43| 21   5  44  30   0| 864k   77M| 688M 1394M  108M 1443M|  9    9    0   10    0 |   0     0 
23-11 14:34:44| 47   3  43   7   0|   0    54M| 697M 1362M  108M 1465M|  9    9    0   10    0 |   0     0 
23-11 14:34:45| 49   3  40   9   0|   0    62M| 706M 1333M  108M 1486M|  9    9    0   10    0 |   0     0 
23-11 14:34:46| 47   2  37  14   0|   0    79M| 714M 1307M  108M 1504M|  9    9    0   10    0 |   0     0 
23-11 14:34:47| 41   4  36  19   0|   0    79M| 731M 1273M  108M 1521M|  9    9    0   10    0 |   0     0 
23-11 14:34:48| 44   3  35  18   0|   0    84M| 734M 1250M  108M 1541M|  9    9    0   10    0 |  28B   42B
23-11 14:34:49| 44   6  32  19   0|   0    86M| 737M 1227M  108M 1560M|  9    9    0   10    0 |   0     0 
23-11 14:34:50| 42   4  35  18   0|  96k   88M| 750M 1208M  108M 1567M|  9    9    0   10    0 |  76B   90B
23-11 14:34:51| 45   4  37  15   0|   0   102M| 760M 1192M  108M 1572M|  9    9    0   10    0 |   0     0 
23-11 14:34:52| 43   4  35  18   0|   0   102M| 778M 1170M  108M 1577M|  9    9    0   10    0 |   0     0 
23-11 14:34:53| 34   4  35  27   0|  64k  114M| 773M 1171M  108M 1580M|  9    9    0   10    0 |   0     0 
23-11 14:34:54| 36   3  34  28   0|   0   133M| 776M 1165M  108M 1584M|  9    9    0   10    0 |   0     0 
23-11 14:34:55| 43   5  26  26   0|   0   195M| 782M 1153M  108M 1589M|  9    9    0   10    0 |   0     0 
23-11 14:34:56| 31   4  29  36   0|   0   138M| 789M 1143M  108M 1593M|  9    9    0   10    0 |   0     0 
23-11 14:34:57| 48   3  27  22   0|   0   115M| 799M 1127M  108M 1599M|  9    9    0   10    0 |   0     0 
23-11 14:34:58| 48   3  27  22   0|  64k  124M| 810M 1110M  108M 1605M|  9    9    0   10    0 |   0     0 
23-11 14:34:59| 34   6  28  33   0| 110M  144M| 862M 1055M  108M 1607M|  9    9    0   13    0 | 292B 1081B
23-11 14:35:00| 21   5  26  49   0|  96M   15M| 919M  998M  108M 1607M|  9    9    0   13    0 |   0     0 
23-11 14:35:01| 23   3  25  49   0|  84M   19M| 969M  948M  108M 1607M|  9    9    0   13    0 |   0     0 
23-11 14:35:02| 27   3  19  52   0|  83M   21M|1019M  898M  108M 1607M|  9    9    0   13    0 |   0     0 
23-11 14:35:03| 29   2  22  47   0|  78M   28M|1065M  852M  108M 1607M|  9    9    0   13    0 |   0     0 
23-11 14:35:04| 32   2  30  36   0|  80M   25M|1113M  804M  108M 1607M|  9    9    0   13    0 |   0     0 
23-11 14:35:05| 39   2  34  25   0|  85M   17M|1150M  767M  108M 1607M|  9    9    0   13    0 |   0     0 
23-11 14:35:06| 40   2  32  25   1|  78M   27M|1151M  767M  108M 1607M|  9    9    0   13    0 |  76B   90B
23-11 14:35:07| 34   4  17  46   0|  38M   85M|1151M  767M  108M 1607M|  9    9    0   13    0 |   0     0 
23-11 14:35:08| 25   3  17  54   0|  28M   98M|1151M  767M  108M 1607M|  9    9    0   13    0 |   0     0 
23-11 14:35:09| 27   2  18  52   0|  24M  103M|1151M  767M  108M 1607M|  9    9    0   13    0 |   0     0 
23-11 14:35:10| 20   4  21  55   0|  19M  106M|1151M  767M  108M 1607M|  9    9    0   13    0 |   0     0 
23-11 14:35:11| 32   4  17  48   0|  29M   99M|1151M  767M  108M 1607M|  9    9    0   13    0 |   0     0 
23-11 14:35:12| 20   2  20  57   0|  14M  117M|1151M  767M  108M 1607M|  9    9    0   13    0 |   0     0 
23-11 14:35:13| 35   5  25  35   0|  14M  115M|1151M  766M  108M 1607M|  9   12    0   19    0 |2519B 3499B
23-11 14:35:14| 48  11  12  29   0|  28M  124M|1153M  763M  108M 1608M|  9   46    0  115    0 |  50k  133k
23-11 14:35:15| 54  18   5  22   0|  20M  123M|1154M  761M  108M 1610M|  9   73    0  273    0 |  80k  179k
23-11 14:35:16| 58  15   5  22   0|  21M  117M|1154M  760M  108M 1611M|  9   99    0  408    0 |  67k  134k
23-11 14:35:17| 56  16   6  22   0|  19M  109M|1154M  758M  108M 1612M|  9  123    0  549    0 |  70k  160k
23-11 14:35:18| 54  16   4  26   0|  19M  110M|1155M  756M  108M 1614M|  9  152    0  716    0 |  84k  187k
23-11 14:35:19| 52  15   7  26   0|  18M  109M|1155M  755M  108M 1615M|  9  175    0  847    0 |  65k  153k
23-11 14:35:20| 55  16   6  23   0|  17M  114M|1155M  753M  108M 1616M|  9  198    0  990    0 |  73k  162k
23-11 14:35:21| 55  16   5  24   0|  18M  117M|1155M  752M  108M 1618M|  9  228    0    1k   0 |  76k  159k
23-11 14:35:22| 58  16   5  20   0|  21M  104M|1155M  750M  108M 1619M|  9  250    0    1k   1 |  82k  180k
23-11 14:35:23| 56  18   5  21   0|  17M   97M|1155M  748M  108M 1621M|  9  280    0    1k   0 |  83k  186k
23-11 14:35:24| 61  16   6  17   0|  37M   74M|1157M  745M  108M 1622M|  9  337    0    2k   0 |  90k  197k
23-11 14:35:25| 80  18   0   2   0|  46M   42M|1158M  741M  108M 1624M|  9  379    0    2k   0 | 105k  244k
23-11 14:35:26| 77  20   0   2   0|  46M  107M|1159M  739M  108M 1626M|  9  415    0    2k   0 | 110k  265k
23-11 14:35:27| 75  23   0   2   0|  46M   40M|1160M  736M  108M 1628M|  9  450    0    2k   0 | 108k  256k
23-11 14:35:28| 74  22   0   3   0|  45M   39M|1160M  734M  108M 1630M|  9  486    0    3k   2 | 116k  270k
23-11 14:35:29| 75  21   1   3   0|  47M   40M|1160M  731M  108M 1632M|  9  524    0    3k   0 | 115k  274k
23-11 14:35:30| 73  22   0   4   0|  36M   54M|1161M  728M  108M 1635M|  9  558    0    3k   0 | 119k  280k
23-11 14:35:31| 75  21   0   3   0|  29M   51M|1161M  726M  108M 1637M|  9  598    0    3k   0 | 119k  285k
23-11 14:35:32| 73  24   1   3   0|  25M   38M|1161M  723M  108M 1639M|  9  638    0    4k   1 | 121k  269k
23-11 14:35:33| 70  26   1   3   0|  28M   39M|1162M  720M  108M 1641M|  9  675    0    4k   0 | 114k  268k
23-11 14:35:34| 78  19   0   2   0|  30M   47M|1202M  678M  108M 1643M|  9  750    0    4k   0 | 124k  293k
23-11 14:35:35| 76  24   0   0   0|  28M   14M|1204M  674M  108M 1645M|  9  801    0    4k   2 | 109k  269k
23-11 14:35:36| 78  20   0   2   0|  24M   43M|1205M  671M  108M 1648M|  9  843    0    4k   0 | 111k  269k
23-11 14:35:37| 76  22   0   2   0|  25M   23M|1207M  667M  108M 1650M|  9  878    0    5k   0 | 110k  271k
23-11 14:35:38| 76  21   1   3   0|  22M   30M|1207M  665M  108M 1652M|  9  914    0    5k   4 | 116k  285k
23-11 14:35:39| 74  21   1   5   0|  22M   59M|1208M  662M  108M 1654M|  9  950    0    5k   0 | 109k  268k
23-11 14:35:40| 75  20   1   4   0|  21M   58M|1208M  660M  108M 1656M|  9  990    0    5k   2 | 114k  276k
23-11 14:35:41| 78  22   0   0   0|  22M 4264k|1209M  657M  108M 1658M|  9    1k   0    5k   0 | 116k  289k
23-11 14:35:42| 79  19   1   2   0|  19M   35M|1209M  654M  108M 1660M|  9    1k   0    6k   0 | 115k  283k
23-11 14:35:43| 82  17   0   1   0|  20M   34M|1209M  652M  108M 1662M|  9    1k   0    6k   0 | 105k  238k
23-11 14:35:44| 76  20   0   4   0|  22M   62M|1212M  647M  108M 1664M|  9    1k   0    6k   1 | 114k  263k
23-11 14:35:45| 79  20   0   1   0|  26M   21M|1214M  643M  108M 1666M|  9    1k   0    6k   0 | 116k  288k
23-11 14:35:46| 74  24   0   2   0|  13M   45M|1216M  639M  108M 1668M|  9    1k   0    6k   1 | 118k  286k
23-11 14:35:47| 78  22   0   0   0|  20M 9416k|1218M  634M  108M 1671M|  9    1k   0    7k   0 | 109k  271k
23-11 14:35:48| 80  20   0   0   0|  19M   17M|1219M  631M  108M 1673M|  9    1k   0    7k   0 | 108k  275k
23-11 14:35:49| 73  25   0   1   0|  17M   58M|1219M  628M  108M 1675M|  9    1k   0    7k   0 | 106k  262k
23-11 14:35:50| 77  22   0   1   0|  18M   29M|1219M  626M  108M 1677M|  9    1k   0    7k   0 | 119k  291k
23-11 14:35:51| 78  21   0   0   0|  18M   24M|1220M  623M  108M 1680M|  9    2k   0    7k   0 | 109k  272k
23-11 14:35:52| 77  20   0   3   0|  14M   53M|1220M  620M  108M 1682M|  9    2k   0    8k   0 | 110k  273k
23-11 14:35:53| 82  18   0   0   0|  19M 6248k|1221M  618M  108M 1684M|  9    2k   0    8k   0 | 111k  266k
23-11 14:35:54| 77  22   0   0   0|  15M   37M|1224M  612M  108M 1686M|  9    2k   0    8k   0 | 112k  265k
23-11 14:35:55| 78  21   0   0   0|  19M   58M|1226M  607M  108M 1689M|  9    2k   0    8k   1 | 103k  235k
23-11 14:35:56| 79  21   0   0   0|  22M 9616k|1227M  603M  108M 1691M|  9    2k   0    8k   0 | 113k  292k
23-11 14:35:57| 74  22   0   4   0|  19M  159M|1230M  599M  108M 1693M|  9    2k   0    8k   2 | 103k  245k
23-11 14:35:58| 79  20   0   1   0|  14M   32M|1231M  595M  108M 1695M|  9    2k   0    9k   0 | 109k  273k
23-11 14:35:59| 80  20   0   0   0|  21M   22M|1232M  592M  108M 1697M|  9    2k   0    9k   1 | 111k  276k
23-11 14:36:00| 81  18   0   1   0|  12M   29M|1233M  589M  108M 1699M|  9    2k   0    9k   0 | 106k  272k
23-11 14:36:01| 72  26   0   2   0|  13M   59M|1234M  586M  108M 1702M|  9    2k   0    9k   0 | 105k  261k
23-11 14:36:02| 79  21   0   0   0|  23M   14M|1235M  583M  108M 1703M|  9    2k   0    9k   1 | 105k  267k
23-11 14:36:03| 82  18   0   0   0|  15M   17M|1235M  581M  108M 1705M|  9    2k   0    9k   0 | 105k  263k
23-11 14:36:04| 80  20   0   0   0|  13M   12M|1238M  575M  108M 1708M|  9    2k   0    9k   2 | 108k  263k
23-11 14:36:05| 75  23   0   2   0|  20M   68M|1240M  571M  108M 1710M|  9    2k   0   10k   3 |  99k  265k
23-11 14:36:06| 82  18   0   0   0|  26M   20M|1241M  568M  108M 1712M|  9    2k   0   10k   0 | 113k  288k
23-11 14:36:07| 81  18   0   0   0|  23M   19M|1241M  566M  108M 1713M|  9    2k   0   10k   0 |  98k  256k
23-11 14:36:08| 80  19   0   1   0|  19M   67M|1243M  562M  108M 1715M|  9    2k   0   10k   4 | 105k  240k
23-11 14:36:09| 77  23   0   0   0|  14M   20M|1247M  556M  108M 1717M|  9    3k   0   10k   0 | 103k  255k
23-11 14:36:10| 81  19   0   0   0|  17M   12M|1248M  553M  108M 1720M|  9    3k   0   10k   1 | 101k  266k
23-11 14:36:11| 80  19   0   1   0|  22M   47M|1249M  550M  108M 1721M|  9    3k   0   11k   1 | 107k  276k
23-11 14:36:12| 83  17   0   0   0|  15M   13M|1249M  548M  108M 1723M|  9    3k   0   11k   0 | 104k  271k
23-11 14:36:13| 81  19   0   0   0|  14M   15M|1250M  545M  108M 1726M|  9    3k   0   11k   3 | 113k  292k
23-11 14:36:14| 60  18  11  11   0|6880k   61M|1250M  543M  108M 1728M|  9    2k   0   11k   0 |  46k  150k
23-11 14:36:15|  2   1  79  18   0| 160k   52M|1251M  542M  108M 1728M|  9    2k   0   11k   0 |  52B    0 
23-11 14:36:16|  1   2  92   6   0|  64k   15M|1251M  542M  108M 1728M|  9    2k   0   11k   0 | 208B  264B
23-11 14:36:17|  2   2  91   5   0|   0    14M|1255M  540M  108M 1728M|  9    8    0   11k   0 | 217k  138k
23-11 14:36:18|  0   1  93   6   0|   0    14M|1255M  540M  108M 1728M|  9    8    0   10k   0 |   0     0 
23-11 14:36:19|  1   1  93   5   0|  32k   14M|1255M  540M  108M 1728M|  9    8    0   10k   0 |   0     0 
23-11 14:36:20|  1   1  89  10   0|   0    28M|1255M  539M  108M 1728M|  9    8    0   10k   0 |   0     0 
23-11 14:36:21|  1   1  87  10   0|   0    28M|1255M  539M  108M 1728M|  9    8    0   10k   0 |   0     0 
23-11 14:36:22|  1   1  93   6   0|   0    16M|1255M  539M  108M 1728M|  9    8    0   10k   0 |   0     0 
23-11 14:36:23|  1   1  94   5   0|   0    14M|1255M  539M  108M 1728M|  9    8    0   10k   0 |   0     0 
23-11 14:36:24|  0   1  93   5   0|   0    14M|1255M  539M  108M 1728M|  9    8    0    9k   0 |   0     0 
23-11 14:36:25|  1   1  94   5   0|   0    16M|1255M  539M  108M 1728M|  9    8    0    9k   0 |   0     0 
23-11 14:36:26|  1   1  94   4   0|   0    14M|1255M  539M  108M 1728M|  9    8    0    9k   0 |   0     0 
23-11 14:36:27|  0   1  94   4   0|   0    14M|1255M  539M  108M 1728M|  9    8    0    9k   0 |  76B   90B
23-11 14:36:28|  1   1  91   7   0|   0    71M|1255M  539M  108M 1728M|  9    8    0    9k   0 |   0     0 
23-11 14:36:29|  0   2  94   5   0|   0    14M|1255M  539M  108M 1728M|  9    8    0    9k   0 |   0     0 
23-11 14:36:30|  1   0  88  10   0|   0    32M|1255M  539M  108M 1728M|  9    8    0    9k   0 |   0     0 
23-11 14:36:31|  0   2  85  13   0|   0    50M|1255M  539M  108M 1728M|  9    8    0    9k   0 |  76B   90B
23-11 14:36:32|  1   1  91   7   0|   0    18M|1255M  539M  108M 1728M|  9    8    0    9k   0 |   0     0 
23-11 14:36:33|  1   1  94   5   0|   0    14M|1255M  539M  108M 1728M|  9    8    0    8k   0 |   0     0 
23-11 14:36:34|  1   1  94   5   0|   0    14M|1255M  539M  108M 1728M|  9    8    0    8k   0 |   0     0 
23-11 14:36:35|  1   1  93   5   0|   0    14M|1255M  539M  108M 1728M|  9    8    0    8k   0 |   0     0 
