----system---- --total-cpu-usage-- -dsk/total- ------memory-usage----- ------tcp-sockets------- -net/total-
     time     |usr sys idl wai stl| read  writ| used  free  buff  cach|lis  act  syn  tim  clo | recv  send
23-11 16:58:15|  3   0  96   1   0| 797k 2660k| 597M 1362M  109M 1561M|  9    3    1    3    0 |   0     0 
23-11 16:58:16|  4   8  89   0   0|   0    10M| 597M 1362M  109M 1561M|  9    3    1    3    0 |   0     0 
23-11 16:58:17|  0   0 100   0   0|   0   688k| 597M 1362M  109M 1561M|  9    3    1    3    0 |   0     0 
23-11 16:58:18|  0   1  98   1   0|   0  7288k| 597M 1362M  109M 1561M|  9    3    1    3    0 |   0     0 
23-11 16:58:19|  0   0 100   0   0|   0   144k| 597M 1362M  109M 1561M|  9    3    1    3    0 |   0     0 
23-11 16:58:20|  0   0  99   1   0|   0  2376k| 597M 1362M  109M 1561M|  9    3    1    3    0 |   0     0 
23-11 16:58:21|  0   0 100   0   0|   0     0 | 597M 1362M  109M 1561M|  9    3    1    3    0 |   0     0 
23-11 16:58:22|  0   0 100   0   0|   0    10M| 597M 1362M  109M 1561M|  9    3    1    3    0 |   0     0 
23-11 16:58:23|  0   0 100   0   0|   0     0 | 597M 1362M  109M 1561M|  9    3    1    3    0 |   0     0 
23-11 16:58:24|  0   0 100   0   0|   0     0 | 597M 1362M  109M 1561M|  9    3    1    3    0 |   0     0 
23-11 16:58:25|  0   0 100   0   0|   0    96k| 597M 1362M  109M 1561M|  9    3    1    3    0 |   0    58B
23-11 16:58:26|  0   0 100   0   0|   0     0 | 597M 1362M  109M 1561M|  9    3    1    3    0 |   0     0 
23-11 16:58:27|  0   0 100   0   0|   0     0 | 597M 1362M  109M 1561M|  9    5    1    3    0 | 533B  598B
23-11 16:58:28|  0   0 100   0   0|   0     0 | 597M 1362M  109M 1561M|  9    5    1    3    0 |   0     0 
23-11 16:58:29|  0   0 100   0   0|   0     0 | 597M 1362M  109M 1561M|  9    5    1    3    0 |   0     0 
23-11 16:58:30|  0   0 100   0   0|   0    32k| 597M 1362M  109M 1561M|  9    5    1    3    0 |   0     0 
23-11 16:58:31|  0   0 100   0   0|   0     0 | 597M 1362M  109M 1561M|  9    5    1    3    0 |  76B   90B
23-11 16:58:32|  0   0 100   0   0|   0     0 | 597M 1362M  109M 1561M|  9    5    1    3    0 |  56B   84B
23-11 16:58:33|  0   0 100   0   0|   0     0 | 597M 1362M  109M 1561M|  9    5    1    3    0 |   0     0 
23-11 16:58:34|  0   0 100   0   0|   0     0 | 597M 1362M  109M 1561M|  9    5    1    3    0 |   0     0 
23-11 16:58:35|  0   0 100   0   0|   0     0 | 597M 1362M  109M 1561M|  9    5    1    3    0 |   0     0 
23-11 16:58:36|  0   0 100   0   0|   0    32k| 597M 1362M  109M 1561M|  9    5    1    3    0 |   0     0 
23-11 16:58:37|  0   0 100   0   0|   0     0 | 597M 1362M  109M 1561M|  9    5    1    3    0 |   0     0 
23-11 16:58:38|  0   0 100   0   0|   0     0 | 597M 1362M  109M 1561M|  9    5    1    3    0 |   0     0 
23-11 16:58:39|  0   0 100   0   0|   0     0 | 597M 1362M  109M 1561M|  9    5    1    3    0 |   0     0 
23-11 16:58:40|  0   0 100   0   0|   0     0 | 597M 1362M  109M 1561M|  9    5    1    3    0 |   0     0 
23-11 16:58:41|  0   0 100   0   0|   0    32k| 597M 1362M  109M 1561M|  9    5    1    3    0 |   0     0 
23-11 16:58:42|  0   0 100   0   0|   0     0 | 597M 1362M  109M 1561M|  9    5    1    3    0 |   0     0 
23-11 16:58:43|  0   0 100   0   0|   0     0 | 597M 1362M  109M 1561M|  9    5    1    3    0 |   0     0 
23-11 16:58:44|  0   0  99   0   0|   0   784k| 597M 1362M  109M 1561M|  9    5    1    3    0 |   0     0 
23-11 16:58:45|  0   0 100   0   0|   0     0 | 597M 1362M  109M 1561M|  9    5    1    3    0 |   0     0 
23-11 16:58:46|  0   0 100   0   0|   0     0 | 597M 1362M  109M 1561M|  9    5    1    3    0 |   0     0 
23-11 16:58:47|  0   0 100   0   0|   0   152k| 597M 1362M  109M 1561M|  9    5    1    3    0 |  76B   90B
23-11 16:58:48|  0   0 100   0   0|   0     0 | 597M 1362M  109M 1561M|  9    5    1    3    0 |  76B   90B
23-11 16:58:49|  0   0 100   0   0|   0     0 | 597M 1362M  109M 1561M|  9    5    1    3    0 |   0     0 
23-11 16:58:50|  0   0 100   0   0|   0     0 | 597M 1362M  109M 1561M|  9    5    1    3    0 |   0     0 
23-11 16:58:51|  0   0 100   0   0|   0     0 | 597M 1362M  109M 1561M|  9    5    1    3    0 |  28B   42B
23-11 16:58:52|  0   0 100   0   0|   0    48k| 597M 1362M  109M 1561M|  9    5    1    3    0 |  28B   42B
23-11 16:58:53|  0   0 100   0   0|   0     0 | 597M 1362M  109M 1561M|  9    5    1    3    0 |   0     0 
23-11 16:58:54|  0   0 100   0   0|   0     0 | 597M 1362M  109M 1561M|  9    5    1    3    0 |   0     0 
23-11 16:58:55|  0   0 100   0   0|   0     0 | 597M 1362M  109M 1561M|  9    5    1    3    0 |   0     0 
23-11 16:58:56|  0   0 100   0   0|   0     0 | 597M 1362M  109M 1561M|  9    5    1    3    0 |   0     0 
23-11 16:58:57|  0   0 100   0   0|   0     0 | 597M 1362M  109M 1561M|  9    5    1    3    0 |   0     0 
23-11 16:58:58|  0   0 100   0   0|   0    32k| 597M 1362M  109M 1561M|  9    5    0    3    0 |   0     0 
23-11 16:58:59|  0   0 100   0   0|   0     0 | 597M 1362M  109M 1561M|  9    5    0    3    0 |   0     0 
23-11 16:59:00|  0   0 100   0   0|   0     0 | 597M 1362M  109M 1561M|  9    5    0    3    0 |   0     0 
23-11 16:59:01|  0   0 100   0   0|   0     0 | 597M 1362M  109M 1561M|  9    5    0    3    0 |   0     0 
23-11 16:59:02|  0   0 100   0   0|   0     0 | 597M 1362M  109M 1561M|  9    5    0    0    0 |   0     0 
23-11 16:59:03|  0   0  99   0   0|   0   672k| 597M 1362M  109M 1561M|  9    5    0    0    0 |  76B   90B
23-11 16:59:04| 10   1  89   0   0|   0     0 | 598M 1362M  109M 1561M|  9   33    0   39    0 | 565k  219k
23-11 16:59:05|  7   5  89   0   0|   0     0 | 598M 1362M  109M 1561M|  9   59    0  175    0 |1728k  763k
23-11 16:59:06|  9   4  88   0   0|   0     0 | 598M 1362M  109M 1561M|  9   83    0  319    0 |1762k  782k
23-11 16:59:07| 12   8  80   0   0|   0     0 | 598M 1361M  109M 1561M|  9  118    0  506    0 |2324k 1038k
23-11 16:59:08| 11   7  82   0   0|   0    88k| 597M 1361M  109M 1562M|  9  149    0  672    0 |2101k  929k
23-11 16:59:09| 10   4  85   0   1|   0   936k| 597M 1361M  109M 1562M|  9  179    0  834    0 |1998k  894k
23-11 16:59:10| 12   8  80   0   0|   0     0 | 597M 1361M  109M 1562M|  9  214    0    1k   0 |2471k 1092k
23-11 16:59:11| 12   5  83   0   0|   0     0 | 597M 1361M  109M 1562M|  9  251    0    1k   0 |2673k 1160k
23-11 16:59:12| 12   5  83   0   0|   0     0 | 597M 1361M  109M 1563M|  9  290    0    1k   0 |2638k 1124k
23-11 16:59:13| 12   8  80   0   0|   0   104k| 597M 1360M  109M 1563M|  9  327    0    2k   0 |2678k 1176k
23-11 16:59:14| 12   9  79   0   0|   0    40k| 597M 1360M  109M 1563M|  9  370    0    2k   0 |2974k 1305k
23-11 16:59:15| 20  12  68   0   0|   0     0 | 597M 1360M  109M 1564M|  9  457    0    2k   0 |4401k 1764k
23-11 16:59:16| 24  14  62   0   0|   0     0 | 596M 1359M  109M 1564M|  9  519    0    3k   0 |4850k 1989k
23-11 16:59:17| 25   9  66   0   0|   0    72k| 596M 1359M  109M 1565M|  9  583    0    3k   0 |4840k 1963k
23-11 16:59:18| 21  15  64   0   0|   0    80k| 596M 1359M  109M 1565M|  9  647    0    3k   0 |5113k 2073k
23-11 16:59:19| 26  11  63   0   0|   0  1888k| 596M 1358M  109M 1566M|  9  710    0    3k   0 |5115k 2072k
23-11 16:59:20| 24  11  65   0   0|   0    32k| 596M 1357M  109M 1566M|  9  779    0    4k   0 |5392k 2198k
23-11 16:59:21| 28  11  62   0   0|   0     0 | 596M 1356M  109M 1567M|  9  847    0    4k   0 |5133k 2074k
23-11 16:59:22| 25  14  61   0   0|   0     0 | 596M 1356M  109M 1567M|  9  909    0    4k   0 |5064k 2060k
23-11 16:59:23| 23  11  66   0   0|   0   104k| 596M 1355M  109M 1568M|  9  972    0    5k   0 |5036k 2008k
23-11 16:59:24| 26  12  62   0   0|   0     0 | 597M 1355M  109M 1568M|  9    1k   0    5k   0 |4787k 1906k
23-11 16:59:25| 23  11  66   0   0|   0    32k| 599M 1352M  109M 1569M|  9    1k   0    6k   0 |5045k 1978k
23-11 16:59:26| 24  10  66   0   0|   0     0 | 599M 1351M  109M 1569M|  9    1k   0    6k   1 |5042k 2023k
23-11 16:59:27| 23  11  66   0   0|   0     0 | 600M 1350M  109M 1570M|  9    1k   0    6k   0 |4829k 1947k
23-11 16:59:28| 19  12  69   0   0|   0    80k| 601M 1348M  109M 1570M|  9    1k   0    6k   0 |4567k 1907k
23-11 16:59:29| 21  11  68   0   0|   0     0 | 602M 1347M  109M 1571M|  9    1k   0    7k   0 |4714k 1897k
23-11 16:59:30| 21  12  67   0   0|   0     0 | 602M 1346M  109M 1571M|  9    1k   0    7k   0 |4718k 1877k
23-11 16:59:31| 26  12  63   0   0|   0    40k| 602M 1345M  109M 1572M|  9    2k   0    7k   0 |4704k 1916k
23-11 16:59:32| 21  13  66   0   0|   0     0 | 603M 1344M  109M 1572M|  9    2k   0    8k   0 |4743k 1954k
23-11 16:59:33| 25   8  66   1   0|   0   112k| 603M 1343M  109M 1573M|  9    2k   0    8k   0 |4589k 1861k
23-11 16:59:34| 22   8  69   0   0|   0     0 | 603M 1343M  109M 1573M|  9    2k   0    8k   0 |4716k 1913k
23-11 16:59:35| 24  12  57   7   0|   0    41M| 604M 1341M  109M 1574M|  9    2k   0    9k   0 |4668k 1787k
23-11 16:59:36| 23  11  66   0   0|   0    32k| 606M 1339M  109M 1574M|  9    2k   0    9k   0 |4411k 1882k
23-11 16:59:37| 23  11  67   0   0|   0     0 | 607M 1337M  109M 1575M|  9    2k   0    9k   0 |4399k 1742k
23-11 16:59:38| 20  12  68   1   0|   0    88k| 607M 1336M  109M 1575M|  9    2k   0    9k   0 |4304k 1776k
23-11 16:59:39| 21  14  65   0   0|   0  5040k| 608M 1335M  109M 1576M|  9    2k   0    9k   0 |4253k 1715k
23-11 16:59:40| 22  11  67   0   1|   0  5000k| 608M 1335M  109M 1576M|  9    2k   0   10k   0 |4436k 1805k
23-11 16:59:41| 22  10  68   0   0|   0     0 | 607M 1334M  109M 1576M|  9    2k   0   10k   1 |4329k 1766k
23-11 16:59:42| 24  10  66   0   0|   0    32k| 609M 1333M  109M 1577M|  9    2k   0   10k   0 |4153k 1671k
23-11 16:59:43| 25  10  66   0   0|   0   120k| 610M 1331M  109M 1577M|  9    2k   0   10k   0 |4170k 1750k
23-11 16:59:44| 18  10  72   0   0|   0   800k| 610M 1330M  109M 1578M|  9    2k   0   10k   0 |4000k 1547k
23-11 16:59:45| 21  11  67   0   0|   0     0 | 611M 1329M  109M 1578M|  9    3k   0   11k   1 |4277k 1782k
23-11 16:59:46| 21   8  70   0   0|   0     0 | 611M 1328M  109M 1578M|  9    3k   0   11k   0 |3864k 1487k
23-11 16:59:47| 22  11  68   0   0|   0    24k| 612M 1327M  109M 1579M|  9    3k   0   11k   0 |4500k 1821k
23-11 16:59:48| 21  11  68   0   0|   0    96k| 613M 1325M  109M 1579M|  9    3k   0   11k   0 |4131k 1765k
23-11 16:59:49| 22  12  67   0   0|   0    64k| 614M 1324M  109M 1580M|  9    3k   0   12k   0 |3829k 1543k
23-11 16:59:50| 19  12  69   0   0|   0  2408k| 615M 1323M  109M 1580M|  9    3k   0   12k   0 |4229k 1842k
23-11 16:59:51| 23  11  66   0   0|   0     0 | 616M 1321M  109M 1581M|  9    3k   0   12k   0 |4234k 1699k
23-11 16:59:52| 21   9  70   0   0|   0    32k| 616M 1321M  109M 1581M|  9    3k   0   13k   0 |3750k 1531k
23-11 16:59:53| 16  13  71   0   0|   0   120k| 616M 1321M  109M 1581M|  9    3k   0   13k   0 |4006k 1663k
23-11 16:59:54| 22  12  65   0   0|   0     0 | 616M 1320M  109M 1582M|  9    3k   0   13k   0 |4348k 1809k
23-11 16:59:55| 20  12  68   0   0|   0     0 | 616M 1320M  109M 1582M|  9    3k   0   13k   0 |3784k 1584k
23-11 16:59:56| 21  12  68   0   0|   0     0 | 616M 1319M  109M 1583M|  9    3k   0   13k   0 |4445k 1761k
23-11 16:59:57| 17  12  72   0   0|   0    32k| 616M 1318M  109M 1583M|  9    3k   0   14k   0 |3549k 1372k
23-11 16:59:58| 19  11  70   0   0|   0    96k| 617M 1317M  109M 1584M|  9    3k   0   14k   0 |4162k 1807k
23-11 16:59:59| 23  11  66   0   0|   0     0 | 618M 1316M  109M 1584M|  9    3k   0   14k   0 |4120k 1717k
23-11 17:00:00| 17  13  70   0   0|   0     0 | 619M 1314M  109M 1584M|  9    3k   0   14k   0 |3684k 1475k
23-11 17:00:01| 21  11  68   0   0|   0     0 | 620M 1313M  109M 1585M|  9    3k   0   15k   0 |3820k 1515k
23-11 17:00:02| 20   8  71   0   0|   0    32k| 621M 1312M  109M 1585M|  9    3k   0   15k   0 |3522k 1456k
23-11 17:00:03| 21  12  68   0   0|   0   104k| 621M 1311M  109M 1586M|  9    3k   0   15k   0 |4293k 1862k
23-11 17:00:04| 20  10  70   0   0|   0     0 | 621M 1310M  109M 1586M|  9    2k   0   15k 156 |4049k 1666k
23-11 17:00:05|  6   3  91   0   0|   0     0 | 622M 1309M  109M 1586M|  9    2k   0   15k   0 | 499k  276k
23-11 17:00:06|  0   3  86  10   0|   0    43M| 622M 1309M  109M 1586M|  9    2k   0   15k   0 |  52B   66B
23-11 17:00:07|  3   2  95   0   0|   0    40k| 626M 1307M  109M 1586M|  9  125    0   15k   0 | 239k  152k
23-11 17:00:08|  1   1  98   0   0|   0   112k| 626M 1307M  109M 1586M|  9  125    0   15k   0 |  76B   90B
23-11 17:00:09|  1   1  98   0   0|   0     0 | 626M 1307M  109M 1586M|  9  125    0   15k   0 |   0     0 
23-11 17:00:10|  1   1  98   0   0|   0  3056k| 626M 1307M  109M 1586M|  9  125    0   15k   0 |   0     0 
23-11 17:00:11|  1   1  98   0   0|   0     0 | 626M 1307M  109M 1586M|  9  125    0   15k   0 |   0     0 
23-11 17:00:12|  1   1  98   0   0|   0    32k| 626M 1307M  109M 1586M|  9  125    0   15k   0 |   0     0 
23-11 17:00:13|  0   1  98   0   0|   0     0 | 626M 1307M  109M 1586M|  9  125    0   15k   0 |   0     0 
23-11 17:00:14|  1   1  98   0   0|   0    72k| 626M 1307M  109M 1586M|  9  125    0   14k   0 |   0     0 
