----system---- --total-cpu-usage-- -dsk/total- ------memory-usage----- ------tcp-sockets------- -net/total-
     time     |usr sys idl wai stl| read  writ| used  free  buff  cach|lis  act  syn  tim  clo | recv  send
23-11 16:58:21|  3   1  92   4   0|1521k 6716k| 657M 1121M 98.4M 1644M|  8    1    0    2    1 |   0     0 
23-11 16:58:22| 38   9  44   9   0|  16k  183M| 674M 1106M 98.4M 1644M|  8    1    0    2    0 | 187B  108B
23-11 16:58:23| 46   4  48   2   0|1192k   15M| 662M 1208M 98.4M 1554M|  8    1    0    2    0 |   0     0 
23-11 16:58:24| 38   8  48   6   0| 536k 2696k| 630M 1149M 98.4M 1645M|  8    1    0    2    0 |   0     0 
23-11 16:58:25| 30   1  69   0   0|   0  8192B| 597M 1182M 98.4M 1645M|  8    1    0    2    0 |   0     0 
23-11 16:58:26|  0   0 100   0   0|   0     0 | 597M 1182M 98.4M 1645M|  8    1    0    2    0 |   0     0 
23-11 16:58:27| 21   6  44  29   0| 768k   66M| 682M 1092M 98.4M 1650M|  8    6    0    3    0 | 416B  140B
23-11 16:58:28| 48   3  42   6   0|   0    61M| 699M 1053M 98.4M 1672M|  8    6    0    3    0 |   0     0 
23-11 16:58:29| 48   3  40   9   0|   0    86M| 708M 1025M 98.4M 1691M|  8    6    0    3    0 |   0     0 
23-11 16:58:30| 47   3  41   9   0|   0    61M| 719M  995M 98.4M 1709M|  8    6    0    3    0 |   0     0 
23-11 16:58:31| 44   5  37  13   0|   0    79M| 728M  968M 98.4M 1727M|  8    6    0    3    0 |  76B   90B
23-11 16:58:32| 45   4  37  14   0|   0    85M| 733M  945M 98.4M 1747M|  8    6    0    3    0 |   0     0 
23-11 16:58:33| 48   2  36  14   0|   0    78M| 743M  915M 98.4M 1766M|  8    6    0    3    0 |   0     0 
23-11 16:58:34| 20   2  30  49   0|8192B  137M| 743M  910M 98.4M 1771M|  8    6    0    3    0 |   0     0 
23-11 16:58:35| 20   2  35  42   0|   0    86M| 748M  903M 98.4M 1773M|  8    6    0    3    0 |   0     0 
23-11 16:58:36| 27   3  44  26   0|   0    44M| 754M  894M 98.4M 1776M|  8    6    0    3    0 |   0     0 
23-11 16:58:37| 26   2  40  32   0| 160k   78M| 757M  888M 98.4M 1779M|  8    6    0    3    0 |   0     0 
23-11 16:58:38| 22   1  44  33   0|   0    45M| 767M  876M 98.4M 1781M|  8    6    0    3    0 |   0     0 
23-11 16:58:39| 23   2  41  33   0|   0    72M| 773M  868M 98.4M 1783M|  8    6    0    3    0 |   0     0 
23-11 16:58:40| 11   2  28  59   0|   0    88M| 775M  865M 98.4M 1784M|  8    6    0    3    0 |   0     0 
23-11 16:58:41| 20   2  36  42   0|   0    88M| 776M  861M 98.4M 1787M|  8    6    0    3    0 |   0     0 
23-11 16:58:42|  7   2  43  48   0|   0    67M| 776M  860M 98.4M 1787M|  8    6    0    3    0 |   0     0 
23-11 16:58:43|  5   1  46  48   0|   0    51M| 777M  859M 98.4M 1787M|  8    6    0    3    0 |   0     0 
23-11 16:58:44| 21   2  41  35   0|   0   144M| 785M  849M 98.4M 1790M|  8    6    0    3    0 |   0     0 
23-11 16:58:45| 48   3  39  10   0|   0    85M| 797M  831M 98.4M 1796M|  8    6    0    3    0 |   0     0 
23-11 16:58:46| 38   2  37  23   0|   0   121M| 803M  820M 98.4M 1800M|  8    6    0    3    0 |   0     0 
23-11 16:58:47| 49   3  36  13   0|   0   105M| 810M  808M 98.4M 1806M|  8    6    0    3    0 |  76B   90B
23-11 16:58:48| 49   3  31  16   0|   0   119M| 814M  798M 98.4M 1811M|  8    6    0    3    0 |   0     0 
23-11 16:58:49| 37   8  32  23   0|  95M  147M| 856M  753M 98.4M 1814M|  8    6    0    6    0 | 227B  118B
23-11 16:58:50| 24   4  22  50   0| 100M   34M| 916M  693M 98.4M 1814M|  8    6    0    6    0 |   0     0 
23-11 16:58:51| 24   2  18  55   0|  82M   21M| 965M  644M 98.4M 1814M|  8    6    0    6    0 |   0     0 
23-11 16:58:52| 28   4  22  46   0|  80M   23M|1013M  595M 98.4M 1814M|  8    6    0    6    0 |   0     0 
23-11 16:58:53| 30   3  21  47   0|  76M   30M|1059M  550M 98.4M 1814M|  8    6    0    6    0 |   0     0 
23-11 16:58:54| 35   3  25  36   0|  78M   26M|1105M  504M 98.4M 1814M|  8    6    0    6    0 |   0     0 
23-11 16:58:55| 34   2  21  44   0|  67M   45M|1145M  463M 98.4M 1814M|  8    6    0    6    0 |   0     0 
23-11 16:58:56| 34   3  18  45   0|  64M   52M|1157M  451M 98.4M 1814M|  8    6    0    6    0 |   0     0 
23-11 16:58:57| 39   2  19  39   0|  60M   57M|1157M  451M 98.4M 1814M|  8    6    0    6    0 |   0     0 
23-11 16:58:58| 41   3  16  41   0|  42M   81M|1157M  451M 98.4M 1814M|  8    6    0    6    0 |   0     0 
23-11 16:58:59| 20   2  21  57   0|  15M  117M|1157M  451M 98.4M 1814M|  8    6    0    6    0 |   0     0 
23-11 16:59:00| 28   4  20  48   0|  27M  102M|1157M  451M 98.4M 1814M|  8    6    0    6    0 |   0     0 
23-11 16:59:01| 29   2  19  50   0|  23M  105M|1157M  451M 98.4M 1814M|  8    6    0    6    0 |   0     0 
23-11 16:59:02| 21   3  22  53   0|  19M  113M|1157M  451M 98.4M 1814M|  8    6    0    6    0 |   0     0 
23-11 16:59:03| 32   4  16  48   0|  32M   93M|1157M  451M 98.4M 1814M|  8    6    0    6    0 |   0     0 
23-11 16:59:04| 26   4  32  38   0|  14M  137M|1158M  450M 98.4M 1815M|  8    4    0    9    0 | 196k  706k
23-11 16:59:05| 40   7  11  43   0|  31M  103M|1157M  450M 98.4M 1816M|  8    4    0    9    0 | 559k 1706k
23-11 16:59:06| 53   7  10  29   0|  15M  126M|1157M  449M 98.4M 1817M|  8    4    0    9    0 | 572k 1777k
23-11 16:59:07| 44   9  11  35   0|  21M  121M|1157M  447M 98.4M 1819M|  8    4    0    9    0 | 752k 2290k
23-11 16:59:08| 47  10  13  31   0|  23M  122M|1157M  446M 98.4M 1820M|  8    4    0    9    0 | 666k 2053k
23-11 16:59:09| 55   7  11  27   0|  20M  123M|1157M  444M 98.4M 1822M|  8    4    0    9    0 | 679k 2070k
23-11 16:59:10| 49   9  11  30   0|  20M  125M|1157M  442M 98.4M 1823M|  8    4    0    9    0 | 785k 2463k
23-11 16:59:11| 52   7  14  28   0|  27M  107M|1157M  441M 98.4M 1825M|  8    4    0    9    0 | 819k 2564k
23-11 16:59:12| 55   9  14  22   0|  28M   95M|1157M  439M 98.4M 1827M|  8    4    0    9    0 | 839k 2626k
23-11 16:59:13| 52   9  14  25   0|  30M   90M|1157M  437M 98.4M 1829M|  8    4    0    9    0 | 866k 2694k
23-11 16:59:14| 52   8  16  24   0|  31M   32M|1159M  433M 98.4M 1831M|  8    9    0    9    0 | 963k 3050k
23-11 16:59:15| 84  15   0   0   1|  68M   89M|1197M  392M 98.4M 1833M|  8   14    0    9    0 |1305k 4389k
23-11 16:59:16| 86  12   0   2   0|  60M   36M|1198M  388M 98.4M 1836M|  8   15    0    9    0 |1406k 4766k
23-11 16:59:17| 80  15   0   4   0|  63M   70M|1198M  385M 98.4M 1840M|  8   15    0    9    0 |1407k 4796k
23-11 16:59:18| 83  14   0   3   0|  58M   43M|1198M  381M 98.4M 1843M|  8   15    0    9    0 |1460k 5029k
23-11 16:59:19| 81  16   1   3   0|  43M   48M|1198M  378M 98.4M 1846M|  8   15    0    9    0 |1507k 5085k
23-11 16:59:20| 85  14   0   0   0|  34M   15M|1199M  374M 98.4M 1849M|  8   15    0    9    0 |1533k 5245k
23-11 16:59:21| 85  13   0   2   0|  33M   51M|1199M  371M 98.4M 1853M|  8   15    0    9    0 |1472k 5067k
23-11 16:59:22| 85  13   1   1   0|  34M   53M|1199M  367M 98.4M 1856M|  8   15    0    7    0 |1477k 5021k
23-11 16:59:23| 85  13   0   2   0|  35M   43M|1199M  364M 98.4M 1859M|  8   15    0    7    0 |1414k 4942k
23-11 16:59:24| 81  17   1   2   0|  32M   60M|1201M  359M 98.4M 1862M|  8   25    0    7    0 |1378k 4931k
23-11 16:59:25| 84  14   0   1   0|  42M   56M|1206M  351M 98.4M 1865M|  8   33    0    7    0 |1343k 4772k
23-11 16:59:26| 87  13   0   0   0|  30M   34M|1207M  347M 98.4M 1868M|  8   37    0    7    0 |1414k 4876k
23-11 16:59:27| 85  14   0   1   0|  25M   36M|1208M  343M 98.4M 1871M|  8   37    0    7    0 |1378k 4787k
23-11 16:59:28| 88  11   0   1   0|  25M   70M|1208M  339M 98.4M 1874M|  8   37    0    6    0 |1339k 4507k
23-11 16:59:29| 85  13   0   1   0|  29M   35M|1209M  336M 98.4M 1876M|  8   37    0    6    0 |1338k 4672k
23-11 16:59:30| 87  12   0   1   0|  21M   44M|1209M  333M 98.4M 1879M|  8   37    0    6    0 |1368k 4687k
23-11 16:59:31| 87  12   0   1   0|  27M   62M|1209M  330M 98.4M 1882M|  8   37    0    6    0 |1330k 4634k
23-11 16:59:32| 87  13   0   0   0|  27M   14M|1210M  326M 98.4M 1885M|  8   37    0    6    0 |1381k 4708k
23-11 16:59:33| 84  16   0   0   0|  27M   63M|1210M  323M 98.4M 1888M|  8   37    0    6    0 |1306k 4511k
23-11 16:59:34| 90  10   0   0   0|  24M   11M|1212M  318M 98.4M 1891M|  8   54    0    6    0 |1363k 4702k
23-11 16:59:35| 86  12   0   1   0|  30M   66M|1214M  313M 98.4M 1894M|  8   55    0    6    0 |1230k 4510k
23-11 16:59:36| 86  14   0   0   0|  26M   14M|1216M  308M 98.4M 1897M|  8   61    0    6    0 |1371k 4377k
23-11 16:59:37| 88  12   0   0   0|  22M   21M|1217M  305M 98.4M 1899M|  8   61    0    6    0 |1207k 4404k
23-11 16:59:38| 91   9   0   0   0|  30M   57M|1217M  301M 98.4M 1902M|  8   61    0    6    0 |1269k 4246k
23-11 16:59:39| 90  10   0   0   0|  24M   16M|1218M  298M 98.4M 1905M|  8   61    0    6    0 |1166k 4177k
23-11 16:59:40| 90  10   0   1   0|  25M   41M|1218M  295M 98.4M 1907M|  8   61    0    6    0 |1238k 4402k
23-11 16:59:41| 88  11   0   0   0|  20M   35M|1218M  292M 98.4M 1910M|  8   61    0    6    0 |1231k 4182k
23-11 16:59:42| 88  12   0   0   0|  26M   17M|1218M  289M 98.4M 1913M|  8   61    0    6    0 |1173k 4153k
23-11 16:59:43| 86  12   0   2   0|  22M   61M|1219M  286M 98.4M 1915M|  8   61    0    6    0 |1253k 4121k
23-11 16:59:44| 87  13   0   0   0|  26M   13M|1220M  282M 98.4M 1918M|  8   84    0    6    0 |1088k 4053k
23-11 16:59:45| 88  12   0   0   0|  25M   20M|1223M  277M 98.4M 1920M|  8   85    0    6    0 |1229k 4156k
23-11 16:59:46| 80  16   1   3   0|  26M  237M|1224M  274M 98.4M 1922M|  8   86    0    6    0 | 987k 3794k
23-11 16:59:47| 86  14   0   0   0|  18M   13M|1226M  269M 98.4M 1925M|  8   92    0    6    0 |1361k 4451k
23-11 16:59:48| 88  12   0   0   0|  19M   16M|1227M  265M 98.4M 1928M|  8   92    0    6    0 |1176k 3996k
23-11 16:59:49| 88  12   0   0   0|  21M   38M|1227M  262M 98.4M 1930M|  8   92    0    6    0 |1081k 3917k
23-11 16:59:50| 86  14   0   0   0|  17M   41M|1228M  259M 98.4M 1933M|  8   92    0    6    0 |1328k 4140k
23-11 16:59:51| 89  10   0   0   0|  19M   13M|1228M  256M 98.4M 1936M|  8   92    0    3    0 |1147k 4224k
23-11 16:59:52| 89  11   0   0   0|  23M   17M|1229M  253M 98.4M 1938M|  8   92    0    3    0 |1019k 3673k
23-11 16:59:53| 86  13   0   0   0|  24M   51M|1229M  250M 98.4M 1940M|  8   92    0    3    0 |1171k 3972k
23-11 16:59:54| 88  12   0   0   0|  16M   26M|1231M  246M 98.4M 1943M|  8  103    0    3    0 |1255k 4244k
23-11 16:59:55| 91   9   0   0   0|  23M   17M|1232M  242M 98.4M 1945M|  8  103    0    3    0 |1066k 3742k
23-11 16:59:56| 88  12   0   0   0|  13M   21M|1234M  237M 98.4M 1948M|  8  123    0    3    0 |1229k 4352k
23-11 16:59:57| 87  12   0   0   0|  31M   57M|1236M  234M 98.4M 1950M|  8  123    0    3    0 | 879k 3551k
23-11 16:59:58| 88  12   0   0   0|  20M   14M|1236M  230M 98.4M 1953M|  8  123    0    3    0 |1387k 4200k
23-11 16:59:59| 88  12   0   0   0|  23M   15M|1237M  227M 98.4M 1955M|  8  123    0    3    0 |1199k 4004k
23-11 17:00:00| 90  10   0   0   0|  21M   18M|1238M  223M 98.4M 1958M|  8  123    0    3    0 | 948k 3634k
23-11 17:00:01| 91   9   0   0   0|  16M   43M|1239M  220M 98.4M 1960M|  8  123    0    3    0 | 999k 3763k
23-11 17:00:02| 91   9   0   0   0|  27M   23M|1240M  217M 98.4M 1962M|  8  123    0    3    0 | 945k 3395k
23-11 17:00:03| 88  12   0   0   0|  15M   14M|1241M  213M 98.4M 1965M|  8  123    0    3    0 |1379k 4353k
23-11 17:00:04| 88  12   0   0   0|  19M   15M|1241M  210M 98.4M 1967M|  8  123    0    3    0 |1180k 4020k
23-11 17:00:05| 12   2  58  28   0| 672k   90M|1241M  210M 98.4M 1968M|  8  123    0    0    0 | 165k  375k
23-11 17:00:06|  1   1  87  12   0| 192k   32M|1241M  210M 98.4M 1968M|  8  123    0    0    0 |   0     0 
23-11 17:00:07|  0   0  95   4   0| 224k   14M|1241M  210M 98.4M 1968M|  8  123    0    0    0 |   0     0 
23-11 17:00:08|  0   0  94   4   0|   0    14M|1241M  210M 98.4M 1968M|  8  123    0    0    0 |  76B   90B
23-11 17:00:09|  0   0  96   4   0|   0    13M|1241M  210M 98.4M 1968M|  8  123    0    0    0 |   0     0 
23-11 17:00:10|  0   1  95   4   0|   0    14M|1241M  210M 98.4M 1968M|  8  123    0    0    0 |   0     0 
23-11 17:00:11|  0   0  94   4   0| 128k   14M|1241M  210M 98.4M 1968M|  8  123    0    0    0 |   0     0 
23-11 17:00:12|  0   0  90   9   0|   0    30M|1241M  210M 98.4M 1968M|  8  123    0    0    0 |   0     0 
23-11 17:00:13|  0   0  96   4   0|   0    13M|1241M  210M 98.4M 1968M|  8  123    0    0    0 |   0     0 
23-11 17:00:14|  0   0  95   4   0|   0    14M|1241M  210M 98.4M 1968M|  8  123    0    0    0 |   0     0 
23-11 17:00:15|  0   0  96   4   0|   0    14M|1241M  210M 98.4M 1968M|  8  123    0    0    0 |  52B   66B
23-11 17:00:16|  0   1  94   4   0|   0    13M|1242M  209M 98.4M 1968M|  8  123    0    0    0 | 700B  676B
23-11 17:00:17|  0   1  91   8   0|   0   106M|1242M  209M 98.4M 1968M|  8  123    0    0    0 | 420B  504B
23-11 17:00:18|  1   1  94   4   0| 960k   13M|1244M  207M 98.4M 1968M|  8  125    0    0    0 | 592B 1992B
23-11 17:00:19|  0   0  96   4   0|   0    13M|1244M  207M 98.4M 1968M|  8  125    0    0    0 |3304B 3588B
23-11 17:00:20|  0   0  94   4   0|   0    14M|1244M  207M 98.4M 1968M|  8  125    0    0    0 |4844B 5694B
