----system---- --total-cpu-usage-- -dsk/total- ------memory-usage----- ------tcp-sockets------- -net/total-
     time     |usr sys idl wai stl| read  writ| used  free  buff  cach|lis  act  syn  tim  clo | recv  send
23-11 13:06:12|  1   0  98   0   0| 325k  592k| 613M 1528M 98.3M 1401M|  9    3    0    3    0 |   0     0 
23-11 13:06:13|  4   4  92   0   0|   0   232k| 613M 1528M 98.3M 1401M|  9    3    0    3    0 |   0     0 
23-11 13:06:14|  0   0 100   0   0|   0   624k| 613M 1528M 98.3M 1401M|  9    3    0    3    0 |   0     0 
23-11 13:06:15|  0   1  98   2   0|   0  6976k| 614M 1528M 98.3M 1401M|  9    3    0    3    0 |   0     0 
23-11 13:06:16|  0   0  99   0   0|   0   176k| 614M 1528M 98.3M 1401M|  9    3    0    3    0 |   0     0 
23-11 13:06:17|  0   0  99   0   0|   0  8192B| 614M 1528M 98.3M 1401M|  9    3    0    3    0 |   0     0 
23-11 13:06:18|  0   0 100   0   0|   0     0 | 614M 1528M 98.3M 1401M|  9    3    0    3    0 |   0     0 
23-11 13:06:19| 14   3  59  24   0| 512k   22M| 678M 1463M 98.4M 1401M|  9    8    0    4    0 | 421B  140B
23-11 13:06:20| 40   3  40  17   0|  96k   83M| 692M 1431M 98.5M 1418M|  9    8    0    4    0 |   0     0 
23-11 13:06:21| 46   3  41  10   0|   0    58M| 700M 1404M 98.5M 1438M|  9    8    0    4    0 |   0     0 
23-11 13:06:22| 47   3  38  13   0|  32k   63M| 708M 1378M 98.5M 1456M|  9    8    0    3    0 |   0     0 
23-11 13:06:23| 44   3  34  19   0|  32k   85M| 721M 1348M 98.6M 1472M|  9    8    0    3    0 |   0     0 
23-11 13:06:24| 42   5  36  17   0|   0    75M| 726M 1324M 98.6M 1491M|  9    8    0    3    0 |  28B   42B
23-11 13:06:25| 41   3  33  23   0|   0   100M| 735M 1297M 98.7M 1508M|  9    8    0    3    0 |   0     0 
23-11 13:06:26| 45   4  35  16   0|   0    78M| 740M 1271M 98.8M 1529M|  9    8    0    3    0 |  76B   90B
23-11 13:06:27| 44   3  35  18   0|   0    93M| 750M 1257M 98.8M 1533M|  9    8    0    3    0 |   0     0 
23-11 13:06:28| 40   3  34  23   0|   0   103M| 760M 1241M 98.9M 1538M|  9    8    0    3    0 |   0     0 
23-11 13:06:29| 44   3  32  21   0|  96k  103M| 773M 1223M 98.9M 1543M|  9    8    0    3    0 |   0     0 
23-11 13:06:30| 24   3  36  38   0|   0   136M| 785M 1209M 99.0M 1545M|  9    8    0    3    0 |   0     0 
23-11 13:06:31| 45   4  31  19   0|   0    93M| 800M 1188M 99.1M 1551M|  9    8    0    3    0 |   0     0 
23-11 13:06:32| 31   2  33  34   0|   0   129M| 798M 1186M 99.3M 1554M|  9    8    0    3    0 |   0     0 
23-11 13:06:33| 46   3  32  19   0|   0   113M| 797M 1181M 99.3M 1560M|  9    8    0    3    0 |   0     0 
23-11 13:06:34| 49   4  30  17   1|   0   118M| 807M 1165M 99.4M 1566M|  9    8    0    3    0 |   0     0 
23-11 13:06:35| 28   4  37  31   0| 896k  243M| 816M 1151M 99.4M 1570M|  9    8    0    6    0 | 287B  238B
23-11 13:06:36| 31   5  51  14   0| 176M   21M| 902M 1065M 99.4M 1570M|  9    8    0    6    0 |  52B  534B
23-11 13:06:37| 24   4  40  31   0|  90M   11M| 956M 1011M 99.4M 1570M|  9    8    0    6    0 |   0     0 
23-11 13:06:38| 31   2  39  28   0|  91M 6552k|1011M  957M 99.4M 1570M|  9    8    0    6    0 |   0     0 
23-11 13:06:39| 32   3  34  31   0|  87M   12M|1063M  904M 99.5M 1570M|  9    8    0    6    0 |   0     0 
23-11 13:06:40| 36   3  41  19   0|  91M 6440k|1117M  850M 99.5M 1570M|  9    8    0    6    0 |   0     0 
23-11 13:06:41| 39   3  33  26   0|  76M   32M|1146M  821M 99.5M 1570M|  9    8    0    6    0 |   0     0 
23-11 13:06:42| 43   3  34  21   0|  79M   29M|1147M  820M 99.5M 1570M|  9    8    0    6    0 |  76B   90B
23-11 13:06:43| 36   2  16  46   0|  40M   85M|1147M  820M 99.6M 1570M|  9    8    0    6    0 |   0     0 
23-11 13:06:44| 34   4  17  45   0|  38M   88M|1147M  820M 99.7M 1570M|  9    8    0    6    0 |   0     0 
23-11 13:06:45| 36   2  15  46   0|  39M   84M|1146M  820M 99.8M 1570M|  9    8    0    6    0 |   0     0 
23-11 13:06:46| 21   2  20  56   0|  21M  110M|1147M  820M 99.9M 1570M|  9    8    0    6    0 |   0     0 
23-11 13:06:47| 29   3  27  41   0|  23M  109M|1146M  820M  100M 1570M|  9    4    0    8    0 |  52B  290B
23-11 13:06:48| 38  11  23  29   0|  33M   59M|1151M  815M  100M 1571M|  9   38    0   61    0 |  27k   76k
23-11 13:06:49| 62  19   5  14   0|  15M  101M|1153M  810M  100M 1574M|  9   55    0  167    0 |  46k  106k
23-11 13:06:50| 73  20   3   5   0|  16M   31M|1155M  806M  100M 1576M|  9   72    0  279    0 |  47k  112k
23-11 13:06:51| 71  20   1   7   0|  14M   63M|1155M  804M  100M 1578M|  9   88    0  386    0 |  43k  103k
23-11 13:06:52| 74  16   3   7   0|  19M   40M|1156M  801M  100M 1580M|  9  107    0  510    0 |  52k  115k
23-11 13:06:53| 69  19   2  10   0|  13M   82M|1156M  798M  100M 1583M|  9  123    0  611    0 |  42k  100k
23-11 13:06:54| 76  15   2   8   0|  12M   35M|1157M  795M  100M 1585M|  9  140    0  728    0 |  47k  110k
23-11 13:06:55| 68  19   3   9   0|  19M   72M|1157M  793M  100M 1587M|  9  158    0  848    0 |  49k  118k
23-11 13:06:56| 71  19   2   8   0|  13M   51M|1157M  790M  100M 1589M|  9  176    0  970    0 |  49k  115k
23-11 13:06:57| 69  20   3   8   0|  15M   61M|1157M  788M  100M 1591M|  9  195    0    1k   0 |  46k  101k
23-11 13:06:58| 66  19   3  11   1|  16M   63M|1157M  785M  100M 1594M|  9  211    0    1k   0 |  50k  118k
23-11 13:06:59| 67  21   2  10   0|  32M   61M|1160M  780M  100M 1597M|  9  258    0    1k   0 |  58k  133k
23-11 13:07:00| 64  22   3  12   0|  20M   87M|1161M  776M  100M 1599M|  9  274    0    2k   0 |  51k  129k
23-11 13:07:01| 66  22   2  10   0|  24M   76M|1161M  773M  101M 1601M|  9  294    0    2k   0 |  52k  124k
23-11 13:07:02| 73  24   0   2   0|  27M   35M|1162M  770M  101M 1604M|  9  313    0    2k   0 |  54k  122k
23-11 13:07:03| 68  21   2   9   0|  24M   74M|1162M  767M  101M 1606M|  9  326    0    2k   0 |  52k  126k
23-11 13:07:04| 72  24   0   4   0|  13M   49M|1163M  763M  101M 1609M|  9  351    0    2k   0 |  59k  142k
23-11 13:07:05| 73  25   0   2   0|  32M   30M|1163M  761M  101M 1612M|  9  371    0    3k   0 |  63k  151k
23-11 13:07:06| 67  20   2  10   0|  14M  118M|1164M  757M  101M 1614M|  9  390    0    3k   0 |  54k  131k
23-11 13:07:07| 75  23   0   2   0|  19M   24M|1199M  719M  101M 1617M|  9  412    0    3k   0 |  64k  156k
23-11 13:07:08| 73  24   1   3   0|  28M   30M|1200M  714M  101M 1620M|  9  474    0    3k   0 |  69k  161k
23-11 13:07:09| 70  26   0   4   0|  38M   33M|1204M  707M  101M 1624M|  9  526    0    4k   0 |  77k  176k
23-11 13:07:10| 75  24   0   1   0|  23M   26M|1208M  700M  101M 1626M|  9  533    0    4k   0 |  53k  140k
23-11 13:07:11| 76  23   0   1   0|  25M   31M|1208M  697M  101M 1629M|  9  568    0    5k   0 |  66k  169k
23-11 13:07:12| 71  27   0   1   0|  16M   39M|1210M  692M  101M 1632M|  9  581    0    5k   0 |  51k  129k
23-11 13:07:13| 73  24   0   3   0|  20M   38M|1211M  688M  101M 1635M|  9  606    0    5k   2 |  68k  174k
23-11 13:07:14| 75  24   0   1   0|  16M   26M|1212M  684M  101M 1638M|  9  624    0    6k   3 |  61k  156k
23-11 13:07:15| 73  24   0   2   0|  13M   35M|1212M  681M  101M 1640M|  9  664    0    6k   4 |  62k  161k
23-11 13:07:16| 74  25   0   1   0|  14M   43M|1213M  678M  101M 1643M|  9  672    0    6k   2 |  49k  122k
23-11 13:07:17| 74  23   0   3   0|  15M   44M|1214M  674M  101M 1646M|  9  694    0    7k   4 |  59k  149k
23-11 13:07:18| 73  25   0   1   0|  20M   35M|1215M  670M  101M 1649M|  9  706    0    7k   1 |  66k  149k
23-11 13:07:19| 74  25   0   0   0|  21M   34M|1218M  663M  101M 1652M|  9  758    0    7k   0 |  62k  167k
23-11 13:07:20| 76  24   0   0   0|  10M   18M|1219M  659M  101M 1655M|  9  821    0    8k   8 |  52k  130k
23-11 13:07:21| 74  23   0   2   0|  25M   33M|1220M  655M  101M 1658M|  9  857    0    8k   0 |  77k  187k
23-11 13:07:22| 73  26   0   1   0|  12M   42M|1223M  649M  101M 1661M|  9  903    0    8k   1 |  45k  126k
23-11 13:07:23| 73  25   0   1   0|  14M   43M|1224M  645M  101M 1664M|  9  913    0    8k   0 |  65k  159k
23-11 13:07:24| 75  25   0   1   0|  14M   12M|1225M  642M  101M 1666M|  9  923    0    9k   3 |  71k  167k
23-11 13:07:25| 70  28   0   2   0|  16M   53M|1226M  638M  101M 1669M|  9  954    0    9k  15 |  57k  148k
23-11 13:07:26| 72  26   0   1   0|  13M   36M|1227M  634M  101M 1672M|  9  984    0    9k   3 |  51k  131k
23-11 13:07:27| 69  29   0   1   0|  11M   27M|1227M  631M  101M 1675M|  9    1k   0   10k   6 |  66k  173k
23-11 13:07:28| 75  23   0   2   0|  22M   21M|1227M  627M  101M 1678M|  9    1k   0   10k   7 |  67k  168k
23-11 13:07:29| 78  22   0   0   0|  13M   25M|1232M  620M  101M 1680M|  9    1k   0   10k   4 |  53k  127k
23-11 13:07:30| 77  21   0   1   0|6176k   60M|1235M  614M  101M 1683M|  9    1k   0   10k   1 |  42k  107k
23-11 13:07:31| 80  20   0   0   0|  26M 7328k|1237M  608M  101M 1686M|  9    1k   0   11k   9 |  65k  160k
23-11 13:07:32| 75  24   0   0   0|9168k   20M|1238M  605M  101M 1689M|  9    1k   0   11k   8 |  58k  160k
23-11 13:07:33| 71  29   0   0   0|  19M   25M|1238M  602M  101M 1691M|  9    1k   0   11k   3 |  74k  182k
23-11 13:07:34| 77  23   0   0   0|  22M 7760k|1239M  598M  101M 1694M|  9    1k   0   12k   2 |  71k  185k
23-11 13:07:35| 74  24   0   0   0|8928k   42M|1240M  594M  101M 1697M|  9    1k   0   12k  31 |  59k  161k
23-11 13:07:36| 75  25   0   0   0|9560k   14M|1242M  590M  101M 1700M|  9    1k   0   12k  10 |  52k  138k
23-11 13:07:37| 75  22   0   2   0|  16M  188M|1243M  586M  101M 1702M|  9    1k   0   12k   0 |  52k  114k
23-11 13:07:38| 80  20   0   0   0|  14M   14M|1244M  583M  101M 1704M|  9    1k   0   13k   1 |  59k  143k
23-11 13:07:39| 81  19   0   0   0|  15M   35M|1245M  579M  101M 1707M|  9    1k   0   13k   0 |  50k  147k
23-11 13:07:40| 78  22   0   0   0|  17M   10M|1245M  577M  101M 1709M|  9    1k   0   13k   5 |  63k  165k
23-11 13:07:41| 74  26   0   0   0|  12M   11M|1246M  573M  101M 1712M|  9    2k   0   13k   4 |  66k  180k
23-11 13:07:42| 78  22   0   0   0|  14M   35M|1247M  568M  101M 1715M|  9    1k   0   14k   1 |  62k  168k
23-11 13:07:43| 80  20   0   0   0|  19M   18M|1248M  565M  101M 1717M|  9    2k   0   14k   1 |  54k  130k
23-11 13:07:44| 78  22   0   0   0|  12M   29M|1248M  563M  101M 1720M|  9    2k   0   14k   2 |  53k  148k
23-11 13:07:45| 77  23   0   0   0|  14M   15M|1248M  560M  101M 1722M|  9    2k   0   14k   0 |  57k  154k
23-11 13:07:46| 76  24   0   0   0|7840k   10M|1249M  557M  101M 1725M|  9    2k   0   15k   6 |  56k  152k
23-11 13:07:47| 74  26   0   0   0|  16M   47M|1249M  554M  101M 1727M|  9    2k   0   15k   1 |  73k  173k
23-11 13:07:48| 74  26   0   0   0|  15M 3768k|1251M  550M  101M 1730M|  9    1k   0   15k 101 |  44k  110k
23-11 13:07:49| 79  20   0   0   0| 704k   38M|1252M  546M  101M 1732M|  9    1k   0   15k  37 |2248B   16k
23-11 13:07:50| 21   7  67   6   0| 160k   36M|1252M  546M  101M 1732M|  9    1k   0   15k   0 | 156B 7094B
23-11 13:07:51|  1   2  92   5   0|  32k   16M|1253M  546M  101M 1732M|  9    7    0   15k   0 | 132k   84k
23-11 13:07:52|  1   1  93   5   0|   0    14M|1255M  544M  101M 1732M|  9    7    0   15k   0 |   0     0 
23-11 13:07:53|  2   1  93   5   0|   0    14M|1255M  544M  101M 1732M|  9    7    0   15k   0 |   0     0 
23-11 13:07:54|  1   1  93   5   0|   0    13M|1255M  544M  101M 1732M|  9    7    0   15k   0 |   0     0 
23-11 13:07:55|  1   1  92   6   0|   0    14M|1255M  544M  101M 1732M|  9    7    0   15k   0 |   0     0 
23-11 13:07:56|  1   1  92   6   0|   0    14M|1255M  544M  101M 1732M|  9    7    0   15k   0 |   0     0 
23-11 13:07:57|  1   2  93   4   0|   0    13M|1255M  544M  101M 1732M|  9    7    0   15k   0 |  28B   42B
23-11 13:07:58|  1   1  93   5   0|   0    13M|1255M  544M  101M 1732M|  9    7    0   14k   0 |   0     0 
23-11 13:07:59|  1   1  92   6   0|   0    14M|1255M  544M  101M 1732M|  9    7    0   14k   0 |   0     0 
23-11 13:08:00|  1   2  92   6   0|   0    14M|1255M  544M  101M 1732M|  9    7    0   14k   0 |   0     0 
23-11 13:08:01|  1   1  92   6   0|   0    14M|1255M  544M  101M 1732M|  9    7    0   14k   0 |   0     0 
23-11 13:08:02|  1   1  92   6   0|   0    14M|1255M  544M  101M 1732M|  9    7    0   14k   0 |   0     0 
23-11 13:08:03|  1   2  91   6   0|   0    14M|1255M  544M  101M 1732M|  9    7    0   14k   0 |  76B   90B
23-11 13:08:04|  1   1  92   6   0|   0    14M|1255M  544M  101M 1732M|  9    7    0   14k   0 |   0     0 
23-11 13:08:05|  1   0  93   6   0|   0    14M|1255M  544M  101M 1732M|  9    7    0   14k   0 |   0     0 
23-11 13:08:06|  1   1  92   6   0|   0    14M|1255M  544M  101M 1732M|  9    7    0   13k   0 |   0     0 
23-11 13:08:07|  3   2  89   6   0|   0    16M|1255M  544M  101M 1732M|  9    7    0   13k   0 | 244B 1660B
23-11 13:08:08|  1   1  89   8   0|   0    71M|1255M  544M  101M 1732M|  9    7    0   13k   0 | 332B  448B
23-11 13:08:09|  3   2  89   6   0|   0    15M|1255M  544M  101M 1732M|  9    7    0   13k   0 | 664B 1860B
23-11 13:08:10|  2   4  88   5   0|   0    14M|1255M  544M  101M 1732M|  9    7    0   12k   0 | 576B 2576B
23-11 13:08:11|  1   1  92   5   0|   0    14M|1255M  544M  101M 1732M|  9    7    0   12k   0 | 420B  566B
