----system---- --total-cpu-usage-- -dsk/total- ------memory-usage----- ------tcp-sockets------- -net/total-
     time     |usr sys idl wai stl| read  writ| used  free  buff  cach|lis  act  syn  tim  clo | recv  send
24-11 04:50:44|  2   0  96   1   0|1061k 3534k| 593M 2146M  100M  795M|  8    1    0    0  132 |   0     0 
24-11 04:50:45|  2   2  96   0   0|  32k  248k| 593M 2146M  100M  795M|  8    1    0    0  132 |  52B    0 
24-11 04:50:46|  0   0 100   0   0|   0   632k| 593M 2146M  100M  795M|  8    1    0  132    0 |6864B 8712B
24-11 04:50:47|  0   0  97   1   0|   0  7344k| 593M 2146M  100M  795M|  8    1    0  132    0 |   0     0 
24-11 04:50:48|  0   0 100   0   0|   0   176k| 593M 2146M  100M  795M|  8    1    0  132    0 |   0     0 
24-11 04:50:49|  0   0 100   0   0|   0  8192B| 593M 2146M  100M  795M|  8    1    0  132    0 |   0     0 
24-11 04:50:50|  0   0 100   0   0|   0     0 | 593M 2146M  100M  795M|  8    1    0  132    0 |   0     0 
24-11 04:50:51|  0   0  99   0   0|   0     0 | 593M 2146M  100M  795M|  8    1    0  132    0 |  76B   90B
24-11 04:50:52|  0   0 100   0   0|   0     0 | 593M 2146M  100M  795M|  8    1    0  132    0 |   0     0 
24-11 04:50:53|  0   0 100   0   0|   0     0 | 593M 2146M  100M  795M|  8    1    0  132    0 |   0     0 
24-11 04:50:54| 22   8  46  24   0| 672k   48M| 682M 2055M  100M  798M|  8    7    0  134    0 |  21k 1251k
24-11 04:50:55| 53   3  37   7   0|  64k   64M| 704M 2013M  100M  818M|  8    7    0  134    0 |  11k 5079k
24-11 04:50:56| 52   4  38   7   0|  64k   60M| 712M 1985M  100M  838M|  8    7    0  134    0 |  11k 4064k
24-11 04:50:57| 51   5  34  11   0|   0    66M| 722M 1957M  100M  856M|  8    7    0  134    0 |8404B 4064k
24-11 04:50:58| 49   4  33  14   0|   0    97M| 739M 1923M  100M  873M|  8    7    0  134    0 |7832B 4064k
24-11 04:50:59| 51   3  33  13   0|   0    90M| 745M 1898M  100M  893M|  8    7    0  134    0 |8484B 4064k
24-11 04:51:00| 51   3  32  14   0|   0    70M| 754M 1871M  100M  910M|  8    7    0  134    0 |  11k 5080k
24-11 04:51:01| 48   5  33  14   0|   0    86M| 766M 1845M  100M  924M|  8    7    0  134    0 |9756B 4064k
24-11 04:51:02| 46   2  33  20   0|   0    82M| 776M 1831M  100M  928M|  8    7    0  134    0 |  14k 5080k
24-11 04:51:03| 48   5  30  17   0|   0   100M| 791M 1813M  100M  931M|  8    7    0  134    0 |  12k 4064k
24-11 04:51:04| 46   4  29  21   0|   0    93M| 797M 1802M  100M  936M|  8    7    0  134    0 |  10k 5080k
24-11 04:51:05| 37   2  33  27   0|   0   130M| 802M 1793M  100M  940M|  8    7    0  134    0 |6952B 3320k
24-11 04:51:06| 47   4  32  17   0|   0   109M| 816M 1774M  100M  944M|  8    7    0  134    0 |  13k 5073k
24-11 04:51:07| 44   3  30  24   0|   0   115M| 822M 1764M  100M  949M|  8    7    0  134    0 |  12k 4542k
24-11 04:51:08| 45   4  28  24   0|   0   233M| 828M 1754M  100M  953M|  8    7    0  134    0 |  11k 5081k
24-11 04:51:09| 52   4  29  15   0|   0   113M| 836M 1740M  100M  959M|  8    7    0  134    0 |  13k 5080k
24-11 04:51:10| 50   4  25  20   0|   0   117M| 846M 1724M  100M  964M|  8    7    0  134    0 |  12k 5436k
24-11 04:51:11| 12   2  63  23   0|3040k   75M| 803M 1766M  100M  965M|  8    6    0  137    0 |8225B 1053k
24-11 04:51:12| 36   1  40  23   0|  17M   47M| 807M 1762M  100M  965M|  8    6    0  137    0 |   0     0 
24-11 04:51:13| 58  12  11  18   0| 109M   76M| 883M 1686M  100M  965M|  8    7    0  139    0 |  14k 3149k
24-11 04:51:14| 52   9  14  25   0| 119M   37M| 961M 1608M  100M  965M|  8    7    0  139    0 |7124B 2220k
24-11 04:51:15| 34   8  13  45   0|  85M   19M|1016M 1554M  100M  965M|  8    7    0  139    0 |6032B 1881k
24-11 04:51:16| 41   8  10  42   0|  77M   32M|1066M 1503M  100M  965M|  8    7    0  139    0 |6136B 1902k
24-11 04:51:17| 42   6   8  44   0|  75M   32M|1117M 1452M  100M  965M|  8    7    0  139    0 |5304B 1627k
24-11 04:51:18| 45   6  11  38   0|  71M   38M|1164M 1405M  100M  965M|  8    7    0  139    0 |5148B 1624k
24-11 04:51:19| 47   7   9  37   0|  70M   42M|1196M 1374M  100M  965M|  8    7    0  139    0 |4836B 1489k
24-11 04:51:20| 51   5   8  36   0|  71M   39M|1201M 1369M  100M  965M|  8    7    0  139    0 |4680B 1455k
24-11 04:51:21| 30   4  21  45   0|  37M   86M|1202M 1368M  100M  965M|  8    7    0  139    0 |4524B 1422k
24-11 04:51:22| 27   4  20  49   0|  28M  103M|1202M 1368M  100M  965M|  8    7    0  139    0 |2392B  668k
24-11 04:51:23| 24   3  21  51   0|  23M  107M|1202M 1367M  100M  965M|  8    7    0  139    0 |1664B  450k
24-11 04:51:24| 21   2  22  55   0|  18M  109M|1203M 1367M  100M  965M|  8    7    0  139    0 |2156B  649k
24-11 04:51:25| 33   2  18  46   0|  31M   99M|1203M 1367M  100M  965M|  8    7    0  139    0 |1196B  330k
24-11 04:51:26| 17   2  22  60   0|  14M  117M|1203M 1366M  100M  965M|  8    7    0  139    0 |2600B  794k
24-11 04:51:27| 31   2  18  48   0|  31M   96M|1203M 1366M  100M  965M|  8    6    0  140    0 | 873B  142k
24-11 04:51:28| 25   2  20  53   0|  23M  104M|1203M 1366M  100M  965M|  8    6    0  140    0 |   0     0 
24-11 04:51:29| 21   3  21  55   0|  18M  113M|1203M 1366M  100M  965M|  8    6    0  140    0 |   0     0 
24-11 04:51:30| 26   4  33  37   0|  13M  136M|1203M 1366M  100M  965M|  8    2    0  143    0 |  77k  253k
24-11 04:51:31| 31   6  19  44   1|  27M   90M|1202M 1366M  100M  966M|  8    4    0  143    0 | 597k 1675k
24-11 04:51:32| 50   6  17  26   0|  20M  129M|1201M 1366M  100M  968M|  8    4    0  143    0 | 649k 1787k
24-11 04:51:33| 44   7  18  31   0|  17M  143M|1199M 1366M  100M  969M|  8    4    0  143    0 | 676k 1897k
24-11 04:51:34| 34   8  34  24   0|4576k   96M|1198M 1365M  100M  971M|  8    4    0  143    0 | 736k 1946k
24-11 04:51:35| 47   7  20  25   0|  26M   67M|1198M 1363M  100M  973M|  8    4    0  143    0 | 859k 2421k
24-11 04:51:36| 48   8  25  18   0|  19M   61M|1198M 1362M  100M  974M|  8    4    0  143    0 | 819k 2294k
24-11 04:51:37| 42   9  31  19   0|  16M   56M|1198M 1360M  100M  976M|  8    4    0  143    0 | 822k 2270k
24-11 04:51:38| 37   5  39  19   0|  12M   53M|1198M 1358M  100M  978M|  8    4    0  143    0 | 800k 2177k
24-11 04:51:39| 42   7  32  18   0|  19M  102M|1198M 1357M  100M  979M|  8    4    0  143    0 | 846k 2350k
24-11 04:51:40| 38   7  38  17   0|  17M   42M|1198M 1355M  100M  981M|  8    4    0  143    0 | 827k 2255k
24-11 04:51:41| 72  14  10   4   0|  50M   31M|1237M 1313M  100M  983M|  8   14    0  143    0 |1116k 3189k
24-11 04:51:42| 78  16   1   5   0|  44M   75M|1238M 1310M  100M  986M|  8   14    0  143    0 |1332k 3874k
24-11 04:51:43| 84  13   0   2   0|  57M   44M|1238M 1307M  100M  989M|  8   14    0  143    0 |1331k 3880k
24-11 04:51:44| 84  12   0   3   0|  67M   42M|1238M 1304M  100M  992M|  8   14    0  143    0 |1376k 3982k
24-11 04:51:45| 78  16   1   4   0|  65M   45M|1238M 1301M  100M  995M|  8   14    0  143    0 |1350k 4001k
24-11 04:51:46| 80  14   1   4   0|  59M   42M|1238M 1298M  100M  998M|  8   14    0  143    0 |1395k 4135k
24-11 04:51:47| 81  14   1   4   0|  44M   43M|1238M 1295M  100M 1001M|  8   14    0   11    0 |1420k 4221k
24-11 04:51:48| 81  12   2   5   0|  30M   52M|1238M 1292M  100M 1004M|  8   14    0   11    0 |1394k 4107k
24-11 04:51:49| 82  12   1   4   0|  28M   51M|1238M 1289M  100M 1007M|  8   14    0   11    0 |1397k 4116k
24-11 04:51:50| 80  14   1   4   0|  26M   49M|1238M 1286M  100M 1009M|  8   14    0   11    0 |1370k 4042k
24-11 04:51:51| 85  12   1   2   0|  24M   50M|1243M 1277M  100M 1012M|  8   36    0   11    0 |1420k 3945k
24-11 04:51:52| 87  12   0   0   0|  28M   25M|1244M 1274M  100M 1015M|  8   36    0   11    0 |1310k 4023k
24-11 04:51:53| 88  11   0   2   0|  22M   32M|1245M 1270M  100M 1018M|  8   36    0   11    0 |1266k 3944k
24-11 04:51:54| 85  12   0   2   0|  20M   55M|1245M 1267M  100M 1021M|  8   36    0   11    0 |1270k 3737k
24-11 04:51:55| 90  10   0   0   0|  21M   16M|1245M 1264M  100M 1023M|  8   36    0    9    0 |1317k 3850k
24-11 04:51:56| 86  12   0   1   0|  19M   49M|1246M 1261M  100M 1026M|  8   36    0    9    0 |1260k 3907k
24-11 04:51:57| 86  13   0   0   0|  21M   41M|1245M 1258M  100M 1029M|  8   36    0    9    0 |1184k 3644k
24-11 04:51:58| 88  11   0   0   0|  15M   26M|1246M 1255M  100M 1031M|  8   36    0    9    0 |1260k 3708k
24-11 04:51:59| 84  13   0   2   0|  16M   66M|1246M 1253M  100M 1034M|  8   36    0    9    0 |1220k 3606k
24-11 04:52:00| 86  14   0   0   0|  17M   12M|1246M 1250M  100M 1037M|  8   36    0    9    0 |1226k 3766k
24-11 04:52:01| 86  13   0   1   0|  19M   60M|1250M 1243M  100M 1039M|  8   64    0    9    0 |1182k 3376k
24-11 04:52:02| 89  11   0   0   0|  17M 9320k|1252M 1239M  100M 1042M|  8   64    0    9    0 |1183k 3578k
24-11 04:52:03| 88  12   0   0   0|  12M 6536k|1253M 1235M  100M 1044M|  8   66    0    9    0 |1153k 3453k
24-11 04:52:04| 89  10   0   1   0|  15M   58M|1253M 1232M  100M 1046M|  8   66    0    9    0 |1088k 3276k
24-11 04:52:05| 90   9   0   0   0|  12M   15M|1254M 1229M  100M 1049M|  8   66    0    9    0 |1240k 3573k
24-11 04:52:06| 89  11   0   0   0|  13M 7720k|1255M 1226M  100M 1051M|  8   66    0    9    0 |1052k 3348k
24-11 04:52:07| 89  11   0   0   0|  16M   57M|1255M 1224M  100M 1053M|  8   66    0    9    0 |1101k 3215k
24-11 04:52:08| 89  11   0   0   0|  14M   16M|1255M 1221M  100M 1056M|  8   67    0    9    0 |1096k 3384k
24-11 04:52:09| 89  10   0   0   0|  13M  169M|1255M 1218M  100M 1058M|  8   67    0    9    0 |1087k 3284k
24-11 04:52:10| 88  12   0   0   0|  12M   62M|1255M 1216M  100M 1060M|  8   67    0    9    0 |1079k 3198k
24-11 04:52:11| 90  10   0   0   0|  15M 9976k|1258M 1211M  100M 1063M|  8   92    0    6    0 |1087k 3309k
24-11 04:52:12| 90  10   0   0   0|  14M 9432k|1259M 1207M  100M 1065M|  8   97    0    6    0 |1085k 3096k
24-11 04:52:13| 92   8   0   0   0|  19M   29M|1261M 1203M  100M 1067M|  8   99    0    4    0 | 890k 2863k
24-11 04:52:14| 89  10   0   1   0|  13M   45M|1262M 1200M  100M 1069M|  8   99    0    4    0 |1070k 3253k
24-11 04:52:15| 90   9   0   0   0|  13M 9616k|1262M 1198M  100M 1071M|  8   99    0    4    0 |1094k 3225k
24-11 04:52:16| 87  13   0   0   0|  10M 9760k|1263M 1195M  100M 1074M|  8   99    0    4    0 |1051k 3216k
24-11 04:52:17| 89  11   0   0   0|  17M 9344k|1263M 1192M  100M 1076M|  8   99    0    4    0 | 969k 2913k
24-11 04:52:18| 89  11   0   1   0|  15M   64M|1263M 1190M  100M 1078M|  8   99    0    4    0 |1063k 3160k
24-11 04:52:19| 92   8   0   0   0|  12M 7624k|1263M 1188M  100M 1080M|  8   99    0    4    0 | 964k 2982k
24-11 04:52:20| 93   7   0   0   0|  16M   20M|1263M 1185M  100M 1082M|  8   99    0    4    0 | 977k 3078k
24-11 04:52:21| 92   8   0   0   0|  13M   13M|1266M 1181M  100M 1084M|  8  120    0    4    0 |1023k 2850k
24-11 04:52:22| 86  14   0   0   0|  12M   47M|1267M 1177M  100M 1086M|  8  130    0    4    0 | 925k 2834k
24-11 04:52:23| 91   9   0   0   0|  14M 9280k|1269M 1174M  100M 1088M|  8  134    0    4    0 | 849k 2776k
24-11 04:52:24| 93   7   0   0   0|9216k 8136k|1269M 1172M  100M 1090M|  8  134    0    4    0 |1001k 2873k
24-11 04:52:25| 91   9   0   0   0|  11M   11M|1270M 1169M  100M 1092M|  8  134    0    4    0 | 980k 2918k
24-11 04:52:26| 91   9   0   0   0|  12M   12M|1270M 1166M  100M 1094M|  8  134    0    4    0 | 976k 2874k
24-11 04:52:27| 92   8   0   0   0|  10M   58M|1271M 1163M  100M 1096M|  8  134    0    4    0 | 846k 2940k
24-11 04:52:28| 92   8   0   0   0|  10M   14M|1272M 1161M  100M 1098M|  8  134    0    3    0 |1013k 2790k
24-11 04:52:29| 92   8   0   0   0|  15M   13M|1272M 1159M  100M 1100M|  8  134    0    3    0 | 957k 2785k
24-11 04:52:30| 90  10   0   0   0|  10M 8760k|1272M 1157M  100M 1102M|  8  134    0    0    0 | 915k 2826k
24-11 04:52:31| 36   5  34  25   0|2752k   97M|1272M 1156M  100M 1103M|  8  134    0    0    0 | 394k  868k
24-11 04:52:32|  1   1  87  12   0|   0    36M|1272M 1156M  100M 1103M|  8  134    0    0    0 |   0     0 
24-11 04:52:33|  0   0  95   4   0|   0    14M|1272M 1156M  100M 1103M|  8  134    0    0    0 |   0     0 
24-11 04:52:34|  0   0  95   4   0|   0    13M|1272M 1156M  100M 1103M|  8  134    0    0    0 |  28B   42B
24-11 04:52:35|  0   1  95   4   0|   0    14M|1272M 1156M  100M 1103M|  8  134    0    0    0 |   0     0 
24-11 04:52:36|  0   0  94   4   0|   0    14M|1272M 1155M  100M 1103M|  8  134    1    0    0 |  60B   74B
24-11 04:52:37|  0   1  95   4   0|   0    14M|1272M 1155M  100M 1103M|  8  134    1    0    0 |  60B  148B
24-11 04:52:38|  0   0  94   6   0|  32k   14M|1272M 1155M  100M 1103M|  8  134    1    0    0 | 260B  330B
24-11 04:52:39|  0   0  96   4   0|   0    14M|1272M 1155M  100M 1103M|  8  134    1    0    0 |  60B  148B
24-11 04:52:40|  1   1  83  15   0|   0   122M|1272M 1155M  100M 1103M|  8  134    1    0    0 |   0     0 
24-11 04:52:41|  0   0  95   4   0|   0    14M|1272M 1155M  100M 1103M|  8  134    1    0    0 |   0     0 
24-11 04:52:42|  1   0  95   4   0|   0    13M|1272M 1155M  100M 1103M|  8  134    1    0    0 |   0     0 
24-11 04:52:43|  0   0  96   4   0|   0    14M|1272M 1155M  100M 1103M|  8  134    1    0    0 |  60B   74B
