----system---- --total-cpu-usage-- -dsk/total- ------memory-usage----- ------tcp-sockets------- -net/total-
     time     |usr sys idl wai stl| read  writ| used  free  buff  cach|lis  act  syn  tim  clo | recv  send
24-11 07:16:17|  4   1  91   5   0|2993k 9516k| 584M 2135M  102M  806M|  8    1    0    0   16 |   0     0 
24-11 07:16:18|  2   2  96   1   0|   0  2304k| 584M 2135M  102M  806M|  8    1    0    0   16 |   0     0 
24-11 07:16:19|  0   0 100   0   0|   0   656k| 584M 2135M  102M  806M|  8    1    0    0   16 |   0     0 
24-11 07:16:20|  0   0  98   2   0|   0  7344k| 584M 2134M  102M  806M|  8    1    0    0   16 |   0     0 
24-11 07:16:21|  0   0 100   0   0|   0   144k| 584M 2134M  102M  806M|  8    1    0    0   16 |  28B   42B
24-11 07:16:22|  0   0 100   0   0|   0  8192B| 584M 2134M  102M  806M|  8    1    0   16    0 | 832B 1056B
24-11 07:16:23|  0   0  99   0   0|   0     0 | 584M 2134M  102M  806M|  8    1    0   16    0 |   0     0 
24-11 07:16:24|  5   1  78  16   0| 704k 9488k| 591M 2129M  102M  805M|  8    2    0   16    0 |9623B 7573B
24-11 07:16:25| 10   3  50  37   0|  32k   29M| 637M 2080M  102M  807M|  8    2    0   16    0 |1238k   15k
24-11 07:16:26| 38   4  47  10   1|  32k   70M| 658M 2040M  102M  826M|  8    2    0   16    0 |4056k   14k
24-11 07:16:27| 43   3  48   7   0|  32k   49M| 665M 2014M  102M  845M|  8    2    0   16    0 |5072k   18k
24-11 07:16:28| 44   3  43  11   0|   0    73M| 674M 1987M  102M  864M|  8    2    0   16    0 |4057k   14k
24-11 07:16:29| 39   4  42  16   0|   0    83M| 680M 1964M  102M  880M|  8    2    0   16    0 |4057k   14k
24-11 07:16:30| 39   2  41  18   0|   0    84M| 689M 1937M  102M  897M|  8    2    0   16    0 |4057k   15k
24-11 07:16:31| 38   3  40  19   0|  96k   68M| 697M 1912M  102M  914M|  8    2    0   16    0 |4057k   13k
24-11 07:16:32| 40   4  41  16   0|   0    84M| 703M 1888M  102M  932M|  8    2    0   16    0 |5072k   17k
24-11 07:16:33| 40   3  42  15   0|   0    86M| 711M 1875M  102M  936M|  8    2    0   16    0 |4057k   14k
24-11 07:16:34| 33   4  42  21   0|   0    83M| 719M 1863M  102M  940M|  8    2    0   16    0 |4057k   13k
24-11 07:16:35| 27   2  41  30   0|   0    75M| 725M 1854M  102M  943M|  8    2    0   16    0 |3043k   11k
24-11 07:16:36| 24   2  39  34   0|   0    80M| 736M 1841M  102M  945M|  8    2    0   16    0 |2029k 5848B
24-11 07:16:37| 26   4  42  29   0|   0    90M| 744M 1830M  102M  948M|  8    2    0   16    0 |3889k   14k
24-11 07:16:38| 28   3  40  29   0|   0   117M| 749M 1820M  102M  952M|  8    2    0   16    0 |3478k   13k
24-11 07:16:39| 44   4  40  12   0|   0    98M| 754M 1810M  102M  957M|  8    2    0   16    0 |4773k   15k
24-11 07:16:40| 20   2  40  38   0|   0   101M| 757M 1805M  102M  959M|  8    2    0   16    0 |2802k 9841B
24-11 07:16:41| 16   2  41  40   0|   0    79M| 758M 1802M  102M  961M|  8    2    0   16    0 |2029k 7894B
24-11 07:16:42| 33   1  42  24   0|   0    83M| 763M 1793M  102M  966M|  8    2    0   16    0 |4058k   13k
24-11 07:16:43| 31   3  39  27   0|   0    90M| 770M 1781M  102M  970M|  8    2    0   16    0 |5072k   16k
24-11 07:16:44| 38   2  40  19   0|   0   101M| 778M 1769M  102M  974M|  8    2    0   16    0 |4415k   12k
24-11 07:16:45| 22   2  46  29   0|9216k  184M| 789M 1757M  102M  975M|  8    1    0   16    0 |  33k 6079B
24-11 07:16:46| 17   6  59  18   1|  21M   41M| 813M 1732M  102M  975M|  8    1    0   16    0 |   0     0 
24-11 07:16:47|  0   0  94   6   0|   0    24M| 813M 1732M  102M  975M|  8    1    0   16    0 |   0     0 
24-11 07:16:48|  0   1  95   4   0|   0    13M| 813M 1732M  102M  975M|  8    1    0   16    0 |   0     0 
24-11 07:16:49|  1   0  96   3   0|   0    13M| 813M 1732M  102M  975M|  8    1    0   16    0 |   0     0 
24-11 07:16:50| 22   3  67   8   0| 123M   17M| 886M 1659M  102M  975M|  8    2    0   16    0 |2911k   15k
24-11 07:16:51| 23   4  24  49   0|  98M   21M| 945M 1601M  102M  975M|  8    2    0   16    0 |2241k 9174B
24-11 07:16:52| 26   3  29  42   0|  83M   18M| 995M 1550M  102M  975M|  8    2    0   16    0 |1941k 7920B
24-11 07:16:53| 29   4  23  44   0|  78M   28M|1042M 1504M  102M  975M|  8    2    0   16    0 |1799k 7326B
24-11 07:16:54| 30   3  21  46   0|  73M   35M|1085M 1461M  102M  975M|  8    2    0   16    0 |1657k 6798B
24-11 07:16:55| 32   4  15  50   0|  72M  163M|1128M 1418M  102M  975M|  8    2    0   16    0 |1658k 6798B
24-11 07:16:56| 31   4  23  42   0|  64M   49M|1152M 1394M  102M  975M|  8    2    0   16    0 |1439k 5874B
24-11 07:16:57| 38   3  18  41   0|  67M   47M|1153M 1393M  102M  975M|  8    2    0   16    0 |1505k 6204B
24-11 07:16:58| 43   2  18  38   0|  49M   74M|1153M 1393M  102M  975M|  8    2    0   16    0 |1162k 4794B
24-11 07:16:59| 34   3  17  46   0|  32M   93M|1153M 1393M  102M  975M|  8    2    0   16    0 | 749k 3366B
24-11 07:17:00| 22   3  21  53   0|  17M  115M|1153M 1393M  102M  975M|  8    2    0   16    0 | 386k 1716B
24-11 07:17:01| 25   2  20  53   0|  24M  105M|1153M 1393M  102M  975M|  8    2    0   16    0 | 583k 2454B
24-11 07:17:02| 31   3  18  48   0|  26M  102M|1154M 1392M  102M  975M|  8    2    0   16    0 | 576k 2466B
24-11 07:17:03| 22   2  21  55   0|  17M  115M|1154M 1392M  102M  975M|  8    2    0   16    0 | 375k 1848B
24-11 07:17:04| 35   3  17  46   0|  33M   92M|1154M 1392M  102M  975M|  8    2    0   16    0 | 756k 3048B
24-11 07:17:05| 11   2  42  45   0|4992k  124M|1154M 1392M  102M  975M|  8    1    0   16    0 |  27k  501B
24-11 07:17:06| 14   2  46  38   0|2880k  146M|1154M 1392M  102M  975M|  8    2    0   16    0 |  46k  114k
24-11 07:17:07| 22   4  39  35   0|  27M   97M|1154M 1391M  102M  976M|  8    3    0   16    0 | 278k  851k
24-11 07:17:08| 18   2  44  36   0| 992k  145M|1154M 1391M  102M  976M|  8    3    0   16    0 | 104k  277k
24-11 07:17:09|  5   2  72  20   0|1664k   74M|1154M 1391M  102M  976M|  8    3    0   16    0 | 116k  301k
24-11 07:17:10| 21   4  54  21   0|  14M   51M|1153M 1391M  102M  977M|  8    3    0   16    0 | 350k 1005k
24-11 07:17:11| 18   2  54  26   0|  14M   61M|1154M 1390M  102M  977M|  8    3    0   16    0 | 208k  654k
24-11 07:17:12| 17   2  57  24   0|  12M   56M|1154M 1389M  102M  978M|  8    3    0   16    0 | 220k  659k
24-11 07:17:13| 17   3  56  23   0|  14M   51M|1154M 1389M  102M  978M|  8    3    0   16    0 | 266k  767k
24-11 07:17:14| 13   2  66  19   0|8608k   52M|1153M 1389M  102M  979M|  8    3    0   16    0 | 191k  556k
24-11 07:17:15| 11   3  66  20   0|  11M   39M|1154M 1388M  102M  979M|  8    3    0   16    0 | 182k  534k
24-11 07:17:16| 14   2  66  17   0|7680k   41M|1154M 1388M  102M  980M|  8    5    0   16    0 | 223k  658k
24-11 07:17:17| 51   7  24  19   0|  44M   30M|1156M 1384M  102M  981M|  8    9    0   16    0 | 727k 2235k
24-11 07:17:18| 44   5  31  20   0|  34M   34M|1155M 1383M  102M  982M|  8    9    0   16    0 | 624k 1873k
24-11 07:17:19| 48   6  24  22   0|  44M   48M|1156M 1381M  102M  984M|  8    9    0   16    0 | 667k 2096k
24-11 07:17:20| 42   6  36  16   0|  22M   46M|1156M 1380M  102M  985M|  8    9    0   16    0 | 658k 1921k
24-11 07:17:21| 46   8  27  19   0|  47M   33M|1156M 1378M  102M  987M|  8    9    0   16    0 | 700k 2302k
24-11 07:17:22| 40   5  33  22   0|  35M   33M|1156M 1377M  102M  988M|  8    9    0    0    0 | 674k 2018k
24-11 07:17:23| 34   7  41  19   0|  17M   45M|1156M 1375M  102M  989M|  8    9    0    0    0 | 731k 2029k
24-11 07:17:24| 41   6  20  33   0|  61M   44M|1156M 1374M  102M  991M|  8    9    0    0    0 | 587k 1974k
24-11 07:17:25| 38   7  30  25   0|  31M   40M|1156M 1372M  102M  992M|  8    9    0    0    0 | 794k 2301k
24-11 07:17:26| 33   8  35  25   0|  37M   75M|1156M 1371M  102M  994M|  8    9    0    0    0 | 609k 1939k
24-11 07:17:27| 50  10  22  18   0|  39M   44M|1192M 1332M  102M  995M|  8   13    0    0    0 | 837k 2686k
24-11 07:17:28| 38   6  41  14   0|  19M   36M|1193M 1331M  102M  997M|  8   13    0    0    0 | 765k 2228k
24-11 07:17:29| 33   8  42  17   1|  20M   37M|1192M 1330M  102M  998M|  8   13    0    0    0 | 674k 2067k
24-11 07:17:30| 41   6  34  18   0|  23M   39M|1193M 1328M  102M 1000M|  8   13    0    0    0 | 722k 2197k
24-11 07:17:31| 38   7  42  13   0|  21M   35M|1193M 1326M  102M 1001M|  8   13    0    0    0 | 694k 2220k
24-11 07:17:32| 39   9  38  13   0|  12M   38M|1193M 1325M  102M 1003M|  8   13    0    0    0 | 807k 2377k
24-11 07:17:33| 45   8  36  12   0|  23M   28M|1192M 1323M  102M 1005M|  8   13    0    0    0 | 717k 2328k
24-11 07:17:34| 31   6  42  21   0|  17M   38M|1193M 1322M  102M 1006M|  8   13    0    0    0 | 485k 1591k
24-11 07:17:35| 20   5  53  22   0|  10M   40M|1193M 1321M  102M 1006M|  8   13    0    0    0 | 359k 1139k
24-11 07:17:36| 37   4  38  21   0|  17M   35M|1193M 1320M  102M 1008M|  8   13    0    0    0 | 595k 1748k
24-11 07:17:37| 38   4  42  18   0|  21M   33M|1193M 1319M  102M 1009M|  8   13    0    0    0 | 442k 1626k
24-11 07:17:38| 44   7  32  17   0|  18M   36M|1193M 1317M  102M 1010M|  8   13    0    0    0 | 740k 2291k
24-11 07:17:39| 38   6  40  16   0|  15M   39M|1193M 1316M  102M 1011M|  8   13    0    0    0 | 594k 1887k
24-11 07:17:40| 36   5  41  19   0|  18M   34M|1193M 1314M  102M 1012M|  8   13    0    0    0 | 514k 1676k
24-11 07:17:41| 32   4  45  19   0|  14M   35M|1193M 1314M  102M 1013M|  8   13    0    0    0 | 536k 1615k
24-11 07:17:42| 32   4  46  20   0|  11M   35M|1193M 1313M  102M 1015M|  8   13    0    0    0 | 481k 1490k
24-11 07:17:43| 29   2  49  20   0|  13M   35M|1193M 1312M  102M 1015M|  8   13    0    0    0 | 442k 1426k
24-11 07:17:44| 47   6  34  13   0|  20M   27M|1193M 1310M  102M 1017M|  8   13    0    0    0 | 719k 2187k
24-11 07:17:45| 41   8  36  16   0|  16M   37M|1193M 1309M  102M 1018M|  8   13    0    0    0 | 684k 2169k
24-11 07:17:46| 30   3  49  18   0|  14M   32M|1193M 1308M  102M 1019M|  8   13    0    0    0 | 432k 1399k
24-11 07:17:47| 27   3  51  18   0|  10M   49M|1193M 1307M  102M 1020M|  8   13    0    0    0 | 340k 1115k
24-11 07:17:48| 39   5  41  15   0|  17M   31M|1193M 1306M  102M 1021M|  8   13    0    0    0 | 599k 1944k
24-11 07:17:49| 23   5  54  18   0|9216k   35M|1193M 1305M  102M 1022M|  8   13    0    0    0 | 389k 1232k
24-11 07:17:50| 34   5  45  17   0|  13M   31M|1192M 1304M  102M 1023M|  8   13    0    0    0 | 539k 1658k
24-11 07:17:51| 32   4  45  18   0|  15M   35M|1192M 1303M  102M 1024M|  8   13    0    0    0 | 469k 1495k
24-11 07:17:52| 31   4  48  17   0|  15M   33M|1193M 1302M  102M 1025M|  8   13    0    0    0 | 408k 1367k
24-11 07:17:53| 35   5  44  17   0|  14M   32M|1193M 1300M  102M 1026M|  8   13    0    0    0 | 553k 1760k
24-11 07:17:54| 27   5  49  19   0|  14M   32M|1193M 1299M  102M 1027M|  8   13    0    0    0 | 388k 1289k
24-11 07:17:55| 28   4  47  22   0|9824k   38M|1193M 1298M  102M 1028M|  8   13    0    0    0 | 469k 1396k
24-11 07:17:56| 28   5  54  14   0|  11M   28M|1193M 1298M  102M 1029M|  8   13    0    0    0 | 399k 1393k
24-11 07:17:57| 26   5  53  16   0|  10M  109M|1193M 1297M  102M 1030M|  8   13    0    0    0 | 398k 1217k
24-11 07:17:58| 20   3  63  15   0|  12M   31M|1193M 1296M  102M 1030M|  8   13    0    0    0 | 279k  969k
24-11 07:17:59| 32   4  52  13   0|7648k   41M|1195M 1293M  102M 1032M|  8   17    0    0    0 | 591k 1591k
24-11 07:18:00| 24   3  58  15   0|  11M   27M|1195M 1292M  102M 1032M|  8   17    0    0    0 | 347k 1204k
24-11 07:18:01| 23   4  55  17   0|  15M   28M|1195M 1292M  102M 1033M|  8   17    0    0    0 | 269k  966k
24-11 07:18:02| 20   3  66  11   0|2272k   38M|1195M 1291M  102M 1034M|  8   17    0    0    0 | 460k 1211k
24-11 07:18:03| 30   3  52  15   0|  18M   15M|1195M 1290M  102M 1035M|  8   17    0    0    0 | 330k 1240k
24-11 07:18:04| 34   5  46  16   0|  16M   29M|1195M 1289M  102M 1035M|  8   17    0    0    0 | 427k 1527k
24-11 07:18:05| 24   5  59  11   0|6272k   40M|1195M 1288M  102M 1037M|  8   17    0    0    0 | 496k 1388k
24-11 07:18:06| 27   3  55  15   0|  16M   22M|1195M 1287M  102M 1037M|  8   17    0    0    0 | 360k 1143k
24-11 07:18:07|  3   1  82  14   1|   0    41M|1195M 1287M  102M 1037M|  8   17    0    0    0 |  84k  108k
24-11 07:18:08|  1   0  91   8   0|   0    25M|1195M 1287M  102M 1037M|  8   17    0    0    0 |   0     0 
24-11 07:18:09|  0   1  92   8   0|   0    23M|1195M 1287M  102M 1037M|  8   17    0    0    0 |   0     0 
24-11 07:18:10|  1   0  94   6   0|   0    17M|1195M 1287M  102M 1037M|  8   17    0    0    0 |   0     0 
24-11 07:18:11|  0   0  95   4   0|   0    14M|1195M 1287M  102M 1037M|  8   17    0    0    0 |  28B   42B
24-11 07:18:12|  1   0  95   4   0|   0    14M|1195M 1287M  102M 1037M|  8   17    0    0    0 |   0     0 
24-11 07:18:13|  0   0  94   5   0|   0    14M|1195M 1287M  102M 1037M|  8   17    0    0    0 |   0     0 
24-11 07:18:14|  0   0  97   3   0|   0    10M|1195M 1287M  102M 1037M|  8   17    0    0    0 | 468B  594B
24-11 07:18:15|  0   0 100   0   0|   0    48k|1195M 1287M  102M 1037M|  8   17    0    0    0 |   0     0 
24-11 07:18:16|  0   0 100   0   0|   0     0 |1195M 1287M  102M 1037M|  8   17    0    0    0 |   0     0 
