----system---- --total-cpu-usage-- -dsk/total- ------memory-usage----- ------tcp-sockets------- -net/total-
     time     |usr sys idl wai stl| read  writ| used  free  buff  cach|lis  act  syn  tim  clo | recv  send
23-11 13:27:25|  2   0  98   0   0| 432k  893k| 617M 1497M  102M 1420M|  9    3    0    5    0 |   0     0 
23-11 13:27:26|  3   5  92   0   0|   0   256k| 617M 1497M  102M 1420M|  9    3    0    5    0 |  76B   90B
23-11 13:27:27|  0   0 100   0   0|   0   608k| 617M 1497M  102M 1420M|  9    3    0    5    0 |   0     0 
23-11 13:27:28|  0   0  98   2   0|   0  7120k| 618M 1497M  102M 1420M|  9    3    0    5    0 |   0     0 
23-11 13:27:29|  0   0 100   0   0|   0   176k| 618M 1497M  102M 1420M|  9    3    0    5    0 |   0     0 
23-11 13:27:30|  0   0 100   0   0|   0  8192B| 618M 1497M  102M 1420M|  9    3    0    5    0 |   0     0 
23-11 13:27:31|  0   0 100   0   0|   0     0 | 618M 1497M  102M 1420M|  9    3    0    5    0 |   0     0 
23-11 13:27:32|  0   0 100   0   0|   0     0 | 618M 1497M  102M 1420M|  9    3    0    5    0 |   0     0 
23-11 13:27:33|  0   0 100   0   0|   0     0 | 618M 1497M  102M 1420M|  9    3    0    5    0 |   0     0 
23-11 13:27:34|  0   0 100   0   0|   0     0 | 618M 1497M  102M 1420M|  9    3    0    5    0 |   0     0 
23-11 13:27:35| 14   4  52  29   0| 608k   25M| 677M 1436M  102M 1421M|  9    8    0    6    0 | 421B  140B
23-11 13:27:36| 40   3  39  18   0|  96k   86M| 698M 1396M  102M 1440M|  9    8    0    6    0 |   0     0 
23-11 13:27:37| 47   3  40  10   0|   0    58M| 707M 1368M  102M 1460M|  9    8    0    6    0 |   0     0 
23-11 13:27:38| 48   3  36  14   0|   0    79M| 714M 1341M  102M 1478M|  9    8    0    6    0 |  76B   90B
23-11 13:27:39| 42   4  35  19   0|   0    74M| 726M 1313M  102M 1495M|  9    8    0    6    0 |  28B   42B
23-11 13:27:40| 44   4  35  17   0|  32k  100M| 732M 1287M  102M 1515M|  9    8    0    6    0 |  28B   42B
23-11 13:27:41| 45   2  36  17   0|   0    69M| 739M 1261M  102M 1533M|  9    8    0    6    0 |   0     0 
23-11 13:27:42| 43   3  33  20   0|   0    87M| 747M 1240M  102M 1548M|  9    8    0    6    0 |   0     0 
23-11 13:27:43| 44   3  36  16   0| 128k   94M| 757M 1225M  102M 1553M|  9    8    0    6    0 |  76B   90B
23-11 13:27:44| 42   4  34  19   0|   0   101M| 772M 1204M  102M 1558M|  9    8    0    6    0 |   0     0 
23-11 13:27:45| 38   3  35  25   0|   0   119M| 785M 1186M  102M 1562M|  9    8    0    6    0 | 216B  140B
23-11 13:27:46| 32   2  35  32   0|   0   126M| 794M 1174M  102M 1566M|  9    8    0    6    0 |   0     0 
23-11 13:27:47| 47   4  34  16   0|  32k   97M| 796M 1166M  102M 1571M|  9    8    0    6    0 |  76B   90B
23-11 13:27:48| 31   3  33  33   0|   0   135M| 795M 1163M  102M 1575M|  9    8    0    6    0 |   0     0 
23-11 13:27:49| 46   5  29  20   0|   0   127M| 806M 1147M  102M 1581M|  9    8    0    6    0 |   0     0 
23-11 13:27:50| 50   3  30  17   0|   0   114M| 817M 1130M  102M 1587M|  9    8    0    6    0 |   0     0 
23-11 13:27:51| 32   9  30  29   0| 131M  144M| 881M 1064M  102M 1589M|  9    8    0    9    0 | 280B  653B
23-11 13:27:52| 19   2  26  54   0|  86M   18M| 932M 1013M  102M 1589M|  9    8    0    9    0 |   0     0 
23-11 13:27:53| 22   3  19  56   0|  85M   19M| 983M  962M  102M 1589M|  9    8    0    9    0 |   0     0 
23-11 13:27:54| 26   3  22  50   0|  83M   19M|1032M  913M  102M 1589M|  9    8    0    9    0 |   0     0 
23-11 13:27:55| 29   3  24  44   0|  81M   25M|1080M  865M  102M 1589M|  9    8    0    9    0 |   0     0 
23-11 13:27:56| 32   3  23  41   0|  75M   34M|1124M  820M  102M 1589M|  9    8    0    9    0 |   0     0 
23-11 13:27:57| 33   2  19  46   0|  70M   40M|1148M  797M  102M 1589M|  9    8    0    9    0 |   0     0 
23-11 13:27:58| 36   2  22  40   0|  73M   36M|1148M  796M  102M 1589M|  9    8    0    9    0 |   0     0 
23-11 13:27:59| 21   4  20  56   0|  23M  234M|1149M  796M  102M 1589M|  9    8    0    9    0 |  76B   90B
23-11 13:28:00| 26   2  20  52   0|  26M  104M|1149M  796M  102M 1589M|  9    8    0    9    0 |   0     0 
23-11 13:28:01| 25   5  19  51   0|  24M  104M|1149M  796M  102M 1589M|  9    8    0    9    0 |  76B   90B
23-11 13:28:02| 20   2  23  56   0|  18M  114M|1149M  796M  102M 1589M|  9    8    0    9    0 |   0     0 
23-11 13:28:03| 35   2  18  45   0|  32M   95M|1149M  796M  102M 1589M|  9    8    0    9    0 |   0     0 
23-11 13:28:04| 15   3  22  60   0|  11M  121M|1149M  796M  102M 1589M|  9    8    0    9    0 |   0     0 
23-11 13:28:05| 35   3  17  44   0|  36M   88M|1149M  796M  102M 1589M|  9    8    0    9    0 |   0     0 
23-11 13:28:06| 19   2  31  47   0|7808k  133M|1149M  796M  102M 1589M|  9   13    0   15    0 |2146B 3103B
23-11 13:28:07| 29   9  14  48   0|  30M  111M|1152M  793M  102M 1590M|  9   40    0   65    0 |  25k   75k
23-11 13:28:08| 66  14   4  16   1|  19M  127M|1154M  789M  102M 1591M|  9   58    0  194    0 |  55k  125k
23-11 13:28:09| 76  16   1   7   0|  12M  133M|1155M  787M  102M 1592M|  9   80    0  327    0 |  54k  128k
23-11 13:28:10| 72  17   2   9   0|  18M  134M|1155M  785M  102M 1594M|  9   98    0  461    0 |  56k  127k
23-11 13:28:11| 77  17   1   5   0|  17M  113M|1155M  784M  102M 1595M|  9  118    0  594    0 |  54k  112k
23-11 13:28:12| 83  14   0   3   0|  18M   72M|1155M  783M  102M 1596M|  9  135    0  730    0 |  56k  136k
23-11 13:28:13| 76  16   1   6   0|  17M   95M|1155M  781M  102M 1597M|  9  157    0  857    1 |  55k  130k
23-11 13:28:14| 84  15   0   1   0|  13M   31M|1156M  779M  102M 1598M|  9  177    0    1k   0 |  60k  139k
23-11 13:28:15| 79  17   0   3   0|  16M   87M|1156M  778M  102M 1600M|  9  200    0    1k   0 |  57k  137k
23-11 13:28:16| 78  19   0   2   0|  17M   17M|1156M  777M  102M 1601M|  9  223    0    1k   0 |  65k  148k
23-11 13:28:17| 79  17   1   3   0|  18M   73M|1156M  776M  102M 1602M|  9  246    0    1k   0 |  58k  122k
23-11 13:28:18| 75  22   1   3   0|  55M   47M|1194M  735M  102M 1604M|  9  307    0    2k   0 |  69k  156k
23-11 13:28:19| 81  19   0   0   0|  39M 6728k|1195M  732M  102M 1606M|  9  335    0    2k   0 |  77k  186k
23-11 13:28:20| 80  20   0   0   0|  48M 8744k|1196M  730M  102M 1607M|  9  359    0    2k   0 |  77k  185k
23-11 13:28:21| 81  19   0   0   0|  31M   38M|1196M  728M  102M 1609M|  9  381    0    3k   0 |  73k  176k
23-11 13:28:22| 82  17   0   0   0|  44M   50M|1197M  725M  102M 1611M|  9  410    0    3k   2 |  88k  209k
23-11 13:28:23| 78  21   0   2   0|  42M   43M|1198M  723M  102M 1613M|  9  444    0    3k   0 |  79k  193k
23-11 13:28:24| 78  20   0   2   0|  34M   47M|1198M  720M  102M 1614M|  9  466    0    4k   2 |  83k  196k
23-11 13:28:25| 77  20   0   2   0|  31M   52M|1198M  719M  102M 1616M|  9  489    0    4k   0 |  78k  189k
23-11 13:28:26| 79  19   0   1   0|  22M   43M|1199M  716M  102M 1618M|  9  519    0    4k   0 |  86k  188k
23-11 13:28:27| 76  23   0   2   0|  26M   46M|1200M  713M  102M 1619M|  9  615    0    5k   0 |  86k  194k
23-11 13:28:28| 79  20   0   1   0|  27M   47M|1206M  705M  102M 1621M|  9  627    0    5k   0 |  75k  205k
23-11 13:28:29| 78  22   0   0   0|  25M 2416k|1208M  701M  102M 1623M|  9  672    0    6k   1 |  73k  178k
23-11 13:28:30| 81  19   0   0   0|  21M 4968k|1210M  698M  102M 1625M|  9  695    0    6k   0 |  81k  206k
23-11 13:28:31| 77  22   0   1   0|  13M   44M|1211M  695M  102M 1626M|  9  727    0    7k   0 |  69k  172k
23-11 13:28:32| 81  19   0   0   0|  17M 8496k|1212M  692M  102M 1628M|  9  739    0    7k   3 |  80k  203k
23-11 13:28:33| 78  21   0   1   0|  20M   47M|1213M  690M  102M 1630M|  9  765    0    7k  10 |  75k  190k
23-11 13:28:34| 77  22   0   0   0|  13M   41M|1213M  688M  102M 1631M|  9  804    0    8k   8 |  62k  163k
23-11 13:28:35| 77  23   0   0   0|  17M   15M|1214M  685M  102M 1633M|  9  845    0    8k   0 |  74k  190k
23-11 13:28:36| 79  21   0   0   0|  17M 4144k|1215M  683M  102M 1634M|  9  869    0    9k   1 |  76k  175k
23-11 13:28:37| 76  23   0   1   0|  16M   33M|1216M  680M  102M 1636M|  9  918    0    9k   0 |  74k  177k
23-11 13:28:38| 79  21   0   0   0|  18M   28M|1218M  676M  102M 1638M|  9  967    0    9k   0 |  79k  189k
23-11 13:28:39| 80  20   0   0   0|  20M   18M|1221M  671M  102M 1639M|  9  985    0   10k   6 |  69k  185k
23-11 13:28:40| 78  20   1   1   0|  22M  134M|1222M  669M  102M 1641M|  9    1k   0   10k   3 |  72k  186k
23-11 13:28:41| 84  16   0   0   0|  23M 8360k|1223M  666M  102M 1643M|  9    1k   0   10k   0 |  86k  221k
23-11 13:28:42| 77  23   0   0   0|9920k   50M|1226M  661M  102M 1644M|  9    1k   0   11k   1 |  53k  151k
23-11 13:28:43| 78  21   0   0   0|  21M   24M|1228M  658M  102M 1646M|  9    1k   0   11k   1 |  67k  166k
23-11 13:28:44| 79  21   0   0   0|  15M   42M|1228M  656M  102M 1647M|  9    1k   0   11k  10 |  73k  197k
23-11 13:28:45| 77  22   0   1   0|  20M   17M|1229M  653M  102M 1649M|  9    1k   0   12k   2 |  85k  220k
23-11 13:28:46| 82  18   0   0   0|  14M   24M|1229M  651M  102M 1650M|  9    1k   0   12k   3 |  63k  163k
23-11 13:28:47| 80  19   0   0   0|  16M   42M|1230M  649M  102M 1652M|  9    1k   0   12k  21 |  58k  139k
23-11 13:28:48| 77  22   0   0   0|  21M   47M|1234M  644M  102M 1653M|  9    1k   0   13k   8 |  69k  181k
23-11 13:28:49| 81  19   0   0   0|  10M   27M|1236M  640M  102M 1655M|  9    1k   0   13k   4 |  71k  175k
23-11 13:28:50| 80  19   0   0   0|  23M   47M|1239M  636M  102M 1656M|  9    1k   0   13k   0 |  60k  140k
23-11 13:28:51| 82  17   0   0   0|5312k   50M|1239M  634M  102M 1657M|  9    1k   0   13k   2 |  57k  158k
23-11 13:28:52| 80  20   0   0   0|  27M   61M|1241M  632M  102M 1658M|  9    1k   0   14k   0 |  69k  169k
23-11 13:28:53| 81  18   0   0   0|  18M 8256k|1241M  630M  102M 1660M|  9    1k   0   14k   1 |  66k  185k
23-11 13:28:54| 82  18   0   0   0|  25M   43M|1241M  628M  102M 1661M|  9    1k   0   14k   1 |  92k  225k
23-11 13:28:55| 80  19   0   0   0|  19M   20M|1241M  626M  102M 1663M|  9    1k   0   15k   6 |  71k  197k
23-11 13:28:56| 82  17   0   1   0|  14M   18M|1243M  623M  102M 1664M|  9    2k   0   15k   1 |  52k  133k
23-11 13:28:57| 80  20   0   0   0|  15M   48M|1246M  619M  102M 1666M|  9    2k   0   15k   1 |  61k  150k
23-11 13:28:58| 83  16   0   1   0|  18M   46M|1249M  614M  102M 1667M|  9    2k   0   15k   0 |  49k  128k
23-11 13:28:59| 79  15   3   4   0|5216k   41M|1250M  612M  102M 1668M|  9    2k   0   15k   4 |  38k  101k
23-11 13:29:00| 80  19   1   1   0|  33M   37M|1255M  606M  102M 1669M|  9    2k   0   15k   0 |  64k  155k
23-11 13:29:01| 82  18   0   0   0|  21M 8168k|1256M  604M  102M 1670M|  9    2k   0   16k   0 |  57k  164k
23-11 13:29:02| 82  16   0   1   0|  12M   46M|1258M  601M  102M 1671M|  9    2k   0   16k   0 |  45k  122k
23-11 13:29:03| 82  18   0   0   0|  17M   54M|1259M  599M  102M 1672M|  9    2k   0   16k   1 |  63k  166k
23-11 13:29:04| 80  19   0   0   0|  23M   28M|1259M  597M  102M 1674M|  9    2k   0   16k   6 |  65k  173k
23-11 13:29:05| 88  12   0   0   0|  13M   21M|1259M  595M  102M 1675M|  9    2k   0   16k   7 |  60k  165k
23-11 13:29:06| 84  14   1   2   0|  14M   49M|1260M  594M  102M 1676M|  9    2k   0   16k  18 |  52k  150k
23-11 13:29:07| 79  15   2   4   0|  11M   70M|1260M  592M  102M 1677M|  9    2k   1   16k  39 |  40k  106k
23-11 13:29:08| 82  14   4   1   0| 480k   42M|1261M  591M  102M 1677M|  9    2k   0   16k  14 | 710B 7711B
23-11 13:29:09| 16   6  56  20   0| 256k   43M|1261M  591M  102M 1678M|  9    1k   0   16k   0 |3227B   13k
23-11 13:29:10|  1   3  74  22   0|  64k   79M|1263M  591M  102M 1678M|  9    7    0   16k   0 | 147k   93k
23-11 13:29:11|  1   2  90   8   0|   0    41M|1263M  591M  102M 1678M|  9    7    0   16k   0 |   0     0 
23-11 13:29:12|  2   2  90   6   0|   0    16M|1263M  591M  102M 1678M|  9    7    0   16k   0 |   0     0 
23-11 13:29:13|  1   1  89   8   0|   0    22M|1263M  591M  102M 1678M|  9    7    0   16k   0 |   0     0 
23-11 13:29:14|  1   1  92   6   0|   0    14M|1263M  591M  102M 1678M|  9    7    0   16k   0 |   0     0 
23-11 13:29:15|  1   1  92   6   0|   0    14M|1263M  591M  102M 1678M|  9    7    0   16k   0 |   0     0 
23-11 13:29:16|  1   2  91   7   0|   0    14M|1263M  591M  102M 1678M|  9    7    0   16k   0 |   0     0 
23-11 13:29:17|  1   2  91   6   0|   0    14M|1263M  591M  102M 1678M|  9    7    0   15k   0 |   0     0 
23-11 13:29:18|  1   1  86  11   0|   0    29M|1263M  591M  102M 1678M|  9    7    0   15k   0 |   0     0 
23-11 13:29:19|  1   1  91   7   0|   0    14M|1263M  591M  102M 1678M|  9    7    0   15k   0 |   0     0 
23-11 13:29:20|  1   2  92   6   0|   0    14M|1263M  591M  102M 1678M|  9    7    0   15k   0 |  76B   90B
23-11 13:29:21|  1   1  92   6   0|   0    14M|1263M  591M  102M 1678M|  9    7    0   14k   0 |   0     0 
23-11 13:29:22|  2   1  92   6   0|   0    14M|1263M  591M  102M 1678M|  9    7    0   14k   0 |   0     0 
23-11 13:29:23|  1   1  91   7   0|   0    14M|1263M  591M  102M 1678M|  9    7    0   14k   0 |   0     0 
23-11 13:29:24|  1   2  92   6   0|   0    14M|1263M  591M  102M 1678M|  9    7    0   14k   0 |   0     0 
