----system---- --total-cpu-usage-- -dsk/total- ------memory-usage----- ------tcp-sockets------- -net/total-
     time     |usr sys idl wai stl| read  writ| used  free  buff  cach|lis  act  syn  tim  clo | recv  send
24-11 07:38:42|  4   1  90   5   0|3266k   10M| 592M 2125M  103M  807M|  8    1    0    0    0 |   0     0 
24-11 07:38:43|  1   1  98   1   0|  32k  488k| 592M 2125M  103M  807M|  8    1    0    0    0 |   0     0 
24-11 07:38:44|  1   0  99   0   0|   0   648k| 592M 2125M  103M  807M|  8    1    0    0    0 |   0     0 
24-11 07:38:45|  0   0  98   2   0|   0  7320k| 592M 2125M  103M  807M|  8    1    0    0    0 |   0     0 
24-11 07:38:46|  0   0 100   0   0|   0   160k| 592M 2125M  103M  807M|  8    1    0    0    0 |   0     0 
24-11 07:38:47|  0   0 100   0   0|   0  8192B| 592M 2125M  103M  807M|  8    1    0    0    0 |  76B   90B
24-11 07:38:48|  0   0 100   0   0|   0     0 | 592M 2125M  103M  807M|  8    1    0    0    0 |   0     0 
24-11 07:38:49|  6   1  79  14   0| 608k   14M| 604M 2113M  103M  807M|  8    2    0    0    0 |  12k 7774B
24-11 07:38:50|  8   2  51  39   0|  32k   36M| 647M 2068M  103M  809M|  8    2    0    0    0 |1235k   15k
24-11 07:38:51| 39   2  50   9   0|  64k   59M| 652M 2043M  103M  829M|  8    2    0    0    0 |5071k   18k
24-11 07:38:52| 42   4  45   8   1| 128k   58M| 659M 2017M  103M  848M|  8    2    0    0    0 |4057k   11k
24-11 07:38:53| 38   4  48   9   0|   0    65M| 668M 1990M  103M  865M|  8    2    0    0    0 |4057k   11k
24-11 07:38:54| 37   4  45  14   0|   0    66M| 676M 1967M  103M  880M|  8    2    0    0    0 |4057k   13k
24-11 07:38:55| 38   3  46  13   0|   0    81M| 681M 1944M  103M  898M|  8    2    0    0    0 |4057k   16k
24-11 07:38:56| 39   3  40  17   0|   0   104M| 700M 1907M  103M  916M|  8    2    0    0    0 |4057k   12k
24-11 07:38:57| 44   2  40  15   0|   0    73M| 706M 1883M  103M  933M|  8    2    0    0    0 |5072k   18k
24-11 07:38:58| 39   4  42  16   0|   0    86M| 714M 1870M  103M  938M|  8    2    0    0    0 |5072k   19k
24-11 07:38:59| 41   3  40  16   0|   0   100M| 732M 1847M  103M  942M|  8    2    0    0    0 |4057k   12k
24-11 07:39:00| 38   5  39  18   0|   0   109M| 738M 1836M  103M  947M|  8    2    0    0    0 |4057k   12k
24-11 07:39:01| 29   2  38  32   0|   0   126M| 740M 1832M  103M  950M|  8    2    0    0    0 |3889k   12k
24-11 07:39:02| 34   4  40  22   0|   0   107M| 749M 1818M  103M  954M|  8    2    0    0    0 |4491k   14k
24-11 07:39:03| 37   2  37  24   0|   0    95M| 762M 1801M  103M  959M|  8    2    0    0    0 |4773k   18k
24-11 07:39:04| 15   3  40  42   0|   0    90M| 762M 1799M  103M  960M|  8    2    0    0    0 |1789k 6970B
24-11 07:39:05| 29   2  42  27   0|   0   102M| 765M 1791M  103M  964M|  8    2    0    0    0 |4057k   15k
24-11 07:39:06| 42   3  38  17   0|   0   105M| 771M 1780M  103M  970M|  8    2    0    0    0 |6086k   17k
24-11 07:39:07| 42   2  36  20   0|   0   116M| 780M 1765M  103M  975M|  8    2    0    0    0 |5430k   16k
24-11 07:39:08| 31   6  38  25   0|  65M   78M| 825M 1719M  103M  976M|  8    2    0    0    0 |1317k   15k
24-11 07:39:09| 28   5  26  42   0| 136M   34M| 907M 1637M  103M  976M|  8    2    0    0    0 |3205k   13k
24-11 07:39:10| 24   2  22  52   0|  83M   19M| 957M 1588M  103M  976M|  8    2    0    0    0 |1878k 7722B
24-11 07:39:11| 27   2  28  43   0|  86M   16M|1008M 1536M  103M  976M|  8    2    0    0    0 |2029k 8184B
24-11 07:39:12| 30   3  41  26   0|  88M   12M|1060M 1484M  103M  976M|  8    2    0    0    0 |2012k 8052B
24-11 07:39:13| 33   3  22  42   1|  79M   26M|1108M 1436M  103M  976M|  8    2    0    0    0 |1822k 6930B
24-11 07:39:14| 36   3  28  34   0|  77M   29M|1142M 1402M  103M  976M|  8    2    0    0    0 |1743k 7128B
24-11 07:39:15| 36   2  19  42   0|  67M   44M|1145M 1400M  103M  976M|  8    2    0    0    0 |1541k 6204B
24-11 07:39:16| 36   3  17  44   0|  44M  170M|1145M 1400M  103M  976M|  8    2    0    0    0 |1014k 4170B
24-11 07:39:17| 22   3  20  54   0|  19M  139M|1145M 1400M  103M  976M|  8    2    0    0    0 | 456k 2046B
24-11 07:39:18| 30   3  18  49   0|  30M   97M|1145M 1399M  103M  976M|  8    2    0    0    0 | 696k 2904B
24-11 07:39:19| 16   1  22  60   0|  12M  120M|1145M 1399M  103M  976M|  8    2    0    0    0 | 254k 1278B
24-11 07:39:20| 37   3  17  44   0|  36M   88M|1145M 1399M  103M  976M|  8    2    0    0    0 | 852k 3588B
24-11 07:39:21| 16   1  21  62   0|  12M  120M|1145M 1399M  103M  976M|  8    2    0    0    0 | 205k 1122B
24-11 07:39:22| 31   4  17  48   0|  31M   95M|1145M 1399M  103M  976M|  8    2    0    0    0 | 757k 3204B
24-11 07:39:23| 20   2  27  50   0|5184k  125M|1145M 1399M  103M  976M|  8    1    0    0    0 |  30k  488B
24-11 07:39:24|  8   2  44  46   0|  12M  135M|1145M 1399M  103M  976M|  8    2    0    0    0 |  46k  161k
24-11 07:39:25| 20   3  30  47   0|  26M  104M|1145M 1399M  103M  977M|  8    2    0    0    0 | 151k  515k
24-11 07:39:26| 23   4  33  40   0|  11M  138M|1145M 1398M  103M  977M|  8    3    0    0    0 | 269k  768k
24-11 07:39:27| 13   4  48  35   0|7456k  105M|1145M 1398M  103M  978M|  8    3    0    0    0 | 175k  498k
24-11 07:39:28| 16   2  53  29   0|7168k   85M|1145M 1397M  103M  978M|  8    3    0    0    0 | 267k  749k
24-11 07:39:29| 13   3  67  18   0|6176k   65M|1145M 1396M  103M  979M|  8    3    0    0    0 | 234k  643k
24-11 07:39:30|  6   2  76  17   0|1024k   64M|1145M 1396M  103M  979M|  8    3    0    0    0 | 178k  468k
24-11 07:39:31| 10   2  71  18   0|7808k   47M|1145M 1396M  103M  979M|  8    3    0    0    0 | 141k  430k
24-11 07:39:32| 11   3  72  15   0|5216k   48M|1145M 1395M  103M  980M|  8    3    0    0    0 | 232k  637k
24-11 07:39:33|  7   3  77  13   0|1280k   47M|1145M 1395M  103M  980M|  8    3    0    0    0 | 181k  485k
24-11 07:39:34| 15   2  64  19   0|  14M   33M|1145M 1395M  103M  981M|  8    3    0    0    0 | 206k  613k
24-11 07:39:35| 47   7  22  24   0|  43M   36M|1147M 1391M  103M  982M|  8    6    0    0    0 | 654k 2040k
24-11 07:39:36| 60   7  20  12   0|  45M   36M|1148M 1389M  103M  984M|  8   10    0    0    0 | 880k 2635k
24-11 07:39:37| 44   7  28  20   0|  39M   51M|1148M 1387M  103M  985M|  8   10    0    0    0 | 678k 2016k
24-11 07:39:38| 46   6  28  20   1|  33M   54M|1148M 1386M  103M  987M|  8   10    0    0    0 | 625k 1921k
24-11 07:39:39| 41   7  29  23   0|  47M   31M|1148M 1384M  103M  988M|  8   10    0    0    0 | 690k 2244k
24-11 07:39:40| 26   7  47  20   0|  36M   33M|1149M 1383M  103M  989M|  8   10    0    0    0 | 455k 1415k
24-11 07:39:41| 32   5  33  29   0|  42M   34M|1148M 1382M  103M  990M|  8   10    0    0    0 | 490k 1602k
24-11 07:39:42| 51  10  25  14   0|  41M   36M|1149M 1379M  103M  992M|  8   10    0    0    0 |1032k 3045k
24-11 07:39:43| 39  11  27  23   0|  39M   35M|1149M 1378M  103M  994M|  8   10    0    0    0 | 790k 2451k
24-11 07:39:44| 41   5  39  15   0|  33M   38M|1150M 1375M  103M  995M|  8   12    0    0    0 | 810k 2297k
24-11 07:39:45| 71  13  11   5   0|  38M   42M|1183M 1339M  103M  998M|  8   21    0    0    0 |1324k 4132k
24-11 07:39:46| 56  11  20  14   0|  37M   44M|1183M 1337M  103M 1000M|  8   21    0    0    0 | 979k 3154k
24-11 07:39:47| 39   7  40  14   0|  15M   39M|1183M 1335M  103M 1002M|  8   21    0    0    0 | 769k 2331k
24-11 07:39:48| 22   6  55  18   0|  10M   45M|1183M 1334M  103M 1003M|  8   21    0    0    0 | 464k 1467k
24-11 07:39:49| 39   6  46   9   0|  16M   37M|1183M 1332M  103M 1004M|  8   21    0    0    0 | 678k 2114k
24-11 07:39:50| 32   4  42  23   0|  20M   39M|1184M 1331M  103M 1005M|  8   21    0    0    0 | 485k 1603k
24-11 07:39:51| 48   7  34  11   0|  21M   39M|1184M 1329M  103M 1007M|  8   21    0    0    0 | 749k 2374k
24-11 07:39:52| 31   6  45  18   0|  17M   38M|1184M 1328M  103M 1008M|  8   21    0    0    0 | 485k 1604k
24-11 07:39:53| 54   6  26  14   0|  29M   38M|1184M 1327M  103M 1009M|  8   21    0    0    0 | 706k 2404k
24-11 07:39:54| 47   7  36  10   0|  18M   40M|1184M 1325M  103M 1011M|  8   21    0    0    0 | 698k 2091k
24-11 07:39:55| 33   6  45  16   0|  17M   41M|1184M 1324M  103M 1012M|  8   21    0    0    0 | 435k 1467k
24-11 07:39:56| 40   8  35  16   0|  19M   48M|1183M 1323M  103M 1013M|  8   21    0    0    0 | 582k 1946k
24-11 07:39:57| 45  11  36   8   1|  20M   41M|1183M 1322M  103M 1015M|  8   21    0    0    0 | 783k 2376k
24-11 07:39:58| 38   3  41  18   0|  19M  118M|1184M 1320M  103M 1016M|  8   21    0    0    0 | 430k 1448k
24-11 07:39:59| 30   3  48  18   0|  12M   39M|1183M 1320M  103M 1016M|  8   21    0    0    0 | 441k 1353k
24-11 07:40:00| 38   6  39  17   0|  19M   37M|1184M 1318M  103M 1018M|  8   21    0    0    0 | 542k 1843k
24-11 07:40:01| 24   3  57  15   0|  10M   37M|1184M 1317M  103M 1018M|  8   21    0    0    0 | 413k 1179k
24-11 07:40:02| 34   5  45  16   0|  11M   36M|1184M 1316M  103M 1020M|  8   21    0    0    0 | 576k 1767k
24-11 07:40:03| 37   7  45  11   0|  17M   35M|1184M 1315M  103M 1021M|  8   21    0    0    0 | 599k 1879k
24-11 07:40:04| 43   5  34  18   0|  21M   37M|1184M 1313M  103M 1022M|  8   21    0    0    0 | 626k 1963k
24-11 07:40:05| 43   5  39  14   0|  19M   36M|1184M 1312M  103M 1024M|  8   21    0    0    0 | 641k 1982k
24-11 07:40:06| 41   4  37  18   0|  16M   36M|1184M 1310M  103M 1025M|  8   21    0    0    0 | 551k 1764k
24-11 07:40:07| 34   7  37  23   0|  18M   38M|1184M 1309M  103M 1026M|  8   21    0    0    0 | 491k 1673k
24-11 07:40:08| 29   4  51  16   0|  14M   36M|1184M 1308M  103M 1027M|  8   21    0    0    0 | 396k 1220k
24-11 07:40:09| 32   4  48  16   0|  16M   34M|1184M 1307M  103M 1028M|  8   21    0    0    0 | 455k 1570k
24-11 07:40:10| 24   4  57  15   0|  12M   36M|1184M 1307M  103M 1028M|  8   21    0    0    0 | 396k 1133k
24-11 07:40:11| 24   3  57  16   0|  10M   34M|1184M 1306M  103M 1029M|  8   21    0    0    0 | 350k 1229k
24-11 07:40:12| 21   5  62  12   0|  10M   32M|1184M 1305M  103M 1030M|  8   21    0    0    0 | 382k 1118k
24-11 07:40:13| 29   4  46  21   0|  16M   31M|1184M 1304M  103M 1031M|  8   21    0    0    0 | 398k 1370k
24-11 07:40:14| 35   4  44  17   0|  15M   32M|1184M 1303M  103M 1032M|  8   21    0    0    0 | 532k 1640k
24-11 07:40:15| 33   4  51  12   0|  19M   32M|1184M 1302M  103M 1033M|  8   21    0    0    0 | 433k 1549k
24-11 07:40:16| 36   4  46  14   0|  11M   42M|1184M 1301M  103M 1034M|  8   24    0    0    0 | 578k 1632k
24-11 07:40:17| 29   4  52  16   0|  16M   41M|1185M 1300M  103M 1035M|  8   24    0    0    0 | 383k 1275k
24-11 07:40:18| 36   4  37  22   0|  23M   33M|1185M 1299M  103M 1036M|  8   24    0    0    0 | 418k 1555k
24-11 07:40:19| 26   4  60  10   0|5440k   36M|1185M 1298M  103M 1037M|  8   24    0    0    0 | 435k 1200k
24-11 07:40:20| 20   3  63  14   0|8992k   30M|1184M 1297M  103M 1037M|  8   24    0    0    0 | 341k  998k
24-11 07:40:21| 22   3  58  18   0|  14M   31M|1184M 1296M  103M 1038M|  8   24    0    0    0 | 316k 1141k
24-11 07:40:22| 37   4  46  13   0|  15M   31M|1184M 1295M  103M 1039M|  8   24    0    0    0 | 600k 1776k
24-11 07:40:23| 44   5  33  17   0|  27M   32M|1185M 1294M  103M 1041M|  8   24    0    0    0 | 599k 1977k
24-11 07:40:24| 19   6  64  11   0|4896k   37M|1185M 1293M  103M 1041M|  8   24    0    0    0 | 323k  899k
24-11 07:40:25|  1   1  89  10   0|   0    33M|1184M 1293M  103M 1041M|  8   24    0    0    0 |  43k   79k
24-11 07:40:26|  1   0  90   8   0|   0    27M|1184M 1293M  103M 1041M|  8   24    0    0    0 |   0     0 
24-11 07:40:27|  0   0  92   8   0|   0    24M|1184M 1293M  103M 1041M|  8   24    0    0    0 |   0     0 
24-11 07:40:28|  0   0  96   4   0|   0    13M|1184M 1293M  103M 1041M|  8   24    0    0    0 |   0     0 
24-11 07:40:29|  0   0  95   4   0|   0    14M|1184M 1293M  103M 1041M|  8   24    0    0    0 |   0     0 
24-11 07:40:30|  0   0  96   4   0|   0    14M|1184M 1293M  103M 1041M|  8   24    0    0    0 |   0     0 
24-11 07:40:31|  0   1  93   6   0|   0    66M|1184M 1293M  103M 1041M|  8   24    0    0    0 | 572B  726B
24-11 07:40:32|  0   0  95   5   0|   0    14M|1184M 1293M  103M 1041M|  8   24    0    0    0 |   0     0 
24-11 07:40:33|  0   0  94   4   0|   0    14M|1184M 1293M  103M 1041M|  8   24    0    0    0 |   0     0 
24-11 07:40:34|  0   0  98   1   0|   0  2352k|1184M 1293M  103M 1041M|  8   24    0    0    0 |   0     0 
24-11 07:40:35|  0   0 100   0   0|   0     0 |1184M 1293M  103M 1041M|  8   24    0    0    0 |   0     0 
24-11 07:40:36|  0   0 100   0   0|   0    40k|1184M 1293M  103M 1041M|  8   24    1    0    0 |  60B   74B
24-11 07:40:37|  0   0 100   0   0|   0     0 |1184M 1293M  103M 1041M|  8   24    1    0    0 | 106B  202B
24-11 07:40:38|  0   0 100   0   0|   0     0 |1184M 1293M  103M 1041M|  8   24    1    0    0 | 424B  536B
24-11 07:40:39|  0   0 100   0   0|   0    88k|1184M 1293M  103M 1041M|  8   24    1    0    0 | 208B  264B
24-11 07:40:40|  0   0 100   0   0|   0     0 |1184M 1293M  103M 1041M|  8   24    1    0    0 | 188B  304B
24-11 07:40:41|  0   0 100   0   0|   0    32k|1184M 1293M  103M 1041M|  8   24    1    0    0 |  60B   74B
