----system---- --total-cpu-usage-- -dsk/total- ------memory-usage----- ------tcp-sockets------- -net/total-
     time     |usr sys idl wai stl| read  writ| used  free  buff  cach|lis  act  syn  tim  clo | recv  send
24-11 05:32:43|  2   0  95   2   0|1082k 4607k| 604M 1086M 99.0M 1729M|  8    2    1    0    6 |   0     0 
24-11 05:32:44|  1   1  99   0   0|   0   152k| 604M 1086M 99.0M 1729M|  8    2    1    0    6 |  46B  120B
24-11 05:32:45|  1   0  99   0   0|   0   616k| 604M 1086M 99.0M 1730M|  8    2    1    0    6 |1510B 2178B
24-11 05:32:46|  0   1  98   2   0|   0  7328k| 604M 1086M 99.0M 1730M|  8    1    1    0    6 | 208B   66B
24-11 05:32:47|  0   0  99   0   0|   0   184k| 604M 1086M 99.0M 1729M|  8    2    1    3    3 | 394B  379B
24-11 05:32:48|  0   0 100   0   0|   0  8192B| 604M 1086M 99.0M 1729M|  8    2    1    3    3 |1028B    0 
24-11 05:32:49|  0   0 100   0   0|   0     0 | 604M 1086M 99.0M 1730M|  8    2    1    3    3 |   0     0 
24-11 05:32:50|  0   0 100   0   0|   0     0 | 604M 1086M 99.0M 1730M|  8    2    1    3    3 |   0     0 
24-11 05:32:51|  0   0 100   0   0|   0  8192B| 604M 1086M 99.0M 1730M|  8    2    1    3    3 |   0     0 
24-11 05:32:52|  0   0 100   0   0|   0     0 | 604M 1086M 99.0M 1730M|  8    2    1    3    3 |   0     0 
24-11 05:32:53|  0   0  99   0   0|   0    56k| 604M 1086M 99.0M 1730M|  8    3    1    3    3 | 238B  181B
24-11 05:32:54|  0   0 100   0   0|   0     0 | 604M 1086M 99.0M 1730M|  8    3    1    3    3 |1028B    0 
24-11 05:32:55|  5   1  80  13   0| 640k   12M| 612M 1078M 99.0M 1730M|  8    4    1    3    3 |  11k 7672B
24-11 05:32:56| 24   3  49  24   1|  96k   65M| 662M 1017M 99.0M 1740M|  8    4    0    3    3 |3264k   21k
24-11 05:32:57| 42   4  47   7   0|  32k   65M| 669M  989M 99.0M 1761M|  8    4    0    3    3 |4057k   12k
24-11 05:32:58| 43   4  44   8   0|  32k   63M| 677M  964M 99.0M 1779M|  8    4    0    3    3 |5072k   14k
24-11 05:32:59| 42   2  44  13   0|   0    65M| 683M  941M 99.0M 1795M|  8    4    0    3    3 |4058k   18k
24-11 05:33:00| 38   3  44  16   0|   0    75M| 692M  915M 99.0M 1812M|  8    3    0    3    3 |3044k   12k
24-11 05:33:01| 40   4  40  16   0|   0    84M| 698M  891M 99.0M 1830M|  8    3    0    3    3 |5071k   17k
24-11 05:33:02| 41   4  38  18   0|  64k  100M| 706M  866M 99.0M 1848M|  8    3    0    3    3 |4057k   12k
24-11 05:33:03| 40   2  43  15   0|   0    77M| 711M  850M 99.0M 1858M|  8    3    0    3    3 |5071k   13k
24-11 05:33:04| 41   2  39  18   0|   0    87M| 722M  835M 99.0M 1862M|  8    3    0    3    3 |4057k   13k
24-11 05:33:05| 39   2  39  21   0|   0    99M| 731M  822M 99.0M 1866M|  8    3    0    3    3 |4057k   13k
24-11 05:33:06| 41   3  41  15   0|   0    97M| 742M  806M 99.0M 1870M|  8    3    1    3    3 |5036k   16k
24-11 05:33:07| 28   5  36  32   0|   0   197M| 749M  796M 99.0M 1874M|  8    3    1    3    3 |3349k 9921B
24-11 05:33:08| 41   3  41  15   0|   0   112M| 758M  781M 99.0M 1879M|  8    3    1    3    3 |5064k   13k
24-11 05:33:09| 33   4  40  23   0|   0   118M| 765M  770M 99.0M 1883M|  8    3    1    3    3 |4537k   15k
24-11 05:33:10| 42   2  37  18   0|   0   133M| 775M  755M 99.0M 1888M|  8    3    1    3    3 |5072k   14k
24-11 05:33:11| 41   3  40  16   0|   0   111M| 784M  740M 99.0M 1894M|  8    3    2    3    3 |6086k   20k
24-11 05:33:12| 41   3  38  19   0|   0   126M| 793M  726M 99.0M 1899M|  8    2    2    3    3 |4447k   16k
24-11 05:33:13|  5   0  79  16   0|6208k   48M| 797M  722M 99.0M 1899M|  8    3    2    3    3 | 228k 8583B
24-11 05:33:14| 32   5  42  20   0| 166M   39M| 896M  623M 99.0M 1899M|  8    3    2    3    3 |3787k   15k
24-11 05:33:15| 22   4  25  49   0|  85M   14M| 947M  572M 99.0M 1899M|  8    3    2    3    3 |1997k 8052B
24-11 05:33:16| 28   3  21  48   0|  81M   25M| 996M  523M 99.0M 1899M|  8    3    2    3    3 |1898k 7862B
24-11 05:33:17| 30   4  28  39   0|  80M   25M|1044M  475M 99.0M 1899M|  8    3    2    3    2 |1825k 7640B
24-11 05:33:18| 30   3  20  47   0|  72M   37M|1086M  433M 99.0M 1899M|  8    3    2    3    2 |1625k 6674B
24-11 05:33:19| 31   4  19  45   0|  64M   49M|1124M  395M 99.0M 1899M|  8    3    2    3    2 |1489k 6072B
24-11 05:33:20| 35   2  18  46   0|  66M   48M|1149M  369M 99.0M 1899M|  8    3    2    3    2 |1455k 6006B
24-11 05:33:21| 36   3  21  40   0|  60M   56M|1150M  369M 99.0M 1899M|  8    3    2    3    2 |1450k 5940B
24-11 05:33:22| 47   2  17  34   0|  52M   71M|1150M  369M 99.0M 1899M|  8    3    2    3    2 |1163k 4760B
24-11 05:33:23| 36   2  19  43   0|  33M   95M|1150M  369M 99.0M 1899M|  8    3    2    3    2 | 783k 3402B
24-11 05:33:24| 25   1  22  52   0|  18M  114M|1150M  369M 99.0M 1899M|  8    3    2    3    2 | 416k 1782B
24-11 05:33:25| 26   3  21  50   0|  25M  104M|1150M  369M 99.0M 1899M|  8    3    2    3    2 | 544k 2454B
24-11 05:33:26| 31   1  18  50   0|  25M  102M|1150M  369M 99.0M 1899M|  8    3    2    3    2 | 616k 2726B
24-11 05:33:27| 21   3  23  53   0|  18M  114M|1150M  369M 99.0M 1899M|  8    3    2    3    2 | 406k 1782B
24-11 05:33:28| 26   2  34  39   0|  10M  121M|1150M  369M 99.0M 1899M|  8    2    2    3    2 | 132k 1015B
24-11 05:33:29|  5   2  48  46   0|2336k  136M|1151M  368M 99.0M 1899M|  8    4    2    3    2 |  55k  131k
24-11 05:33:30| 33   4  33  30   0|  27M   97M|1150M  368M 99.0M 1900M|  8    4    2    3    2 | 293k  882k
24-11 05:33:31| 26   6  25  42   0|  17M  137M|1151M  367M 99.0M 1901M|  8    4    2    3    2 | 440k 1263k
24-11 05:33:32| 37   7  27  28   0|  17M  106M|1150M  366M 99.0M 1902M|  8    4    2    3    2 | 450k 1309k
24-11 05:33:33| 28   3  26  43   0|  17M  111M|1150M  365M 99.0M 1902M|  8    4    2    3    2 | 358k 1041k
24-11 05:33:34| 37   5  31  26   0|  23M   60M|1150M  364M 99.0M 1903M|  8    4    2    3    2 | 553k 1587k
24-11 05:33:35| 25   5  45  24   0|  12M   71M|1150M  363M 99.0M 1904M|  8    4    3    3    2 | 464k 1288k
24-11 05:33:36| 25   5  44  26   0|  16M   52M|1152M  360M 99.0M 1905M|  8    5    2    3    2 | 381k 1131k
24-11 05:33:37| 18   4  54  25   0|  12M   56M|1152M  360M 99.0M 1906M|  8    4    2    3    2 | 342k  976k
24-11 05:33:38| 22   5  41  32   0|  24M  108M|1152M  359M 99.0M 1907M|  8    4    2    3    2 | 397k 1184k
24-11 05:33:39| 28   4  45  23   0|  18M   46M|1151M  358M 99.0M 1908M|  8    8    2    3    2 | 497k 1443k
24-11 05:33:40| 70  11   3  17   0|  72M   71M|1155M  353M 99.0M 1910M|  8   14    2    3    2 | 953k 2950k
24-11 05:33:41| 72  11   5  12   0|  64M   40M|1155M  350M 99.0M 1912M|  8   14    3    3    2 |1043k 3264k
24-11 05:33:42| 51  10  14  24   1|  49M   49M|1155M  348M 99.0M 1914M|  8   14    3    3    2 | 873k 2728k
24-11 05:33:43| 62  11   9  18   0|  64M   43M|1156M  346M 99.0M 1916M|  8   14    3    3    2 |1089k 3340k
24-11 05:33:44| 62  14  10  13   0|  56M   43M|1156M  343M 99.0M 1918M|  8   14    3    3    2 |1207k 3815k
24-11 05:33:45| 52   8  16  24   0|  38M   53M|1156M  341M 99.0M 1920M|  8   14    3    3    2 | 946k 2936k
24-11 05:33:46| 53   7  25  15   0|  25M   52M|1155M  339M 99.0M 1923M|  8   14    3    3    2 | 973k 3018k
24-11 05:33:47| 53   9  18  20   0|  34M   49M|1155M  338M 99.0M 1924M|  8   14    3    3    2 | 856k 2799k
24-11 05:33:48| 44   9  31  15   0|  20M   53M|1155M  336M 99.0M 1926M|  8   14    3    3    2 | 819k 2500k
24-11 05:33:49| 57  10  19  14   0|  25M   48M|1190M  299M 99.0M 1928M|  8   14    3    0    2 | 992k 3030k
24-11 05:33:50| 81  12   3   5   0|  40M   53M|1192M  294M 99.0M 1931M|  8   18    3    0    2 |1186k 3895k
24-11 05:33:51| 69  11   9  11   0|  27M   56M|1192M  292M 99.0M 1933M|  8   18    3    0    2 |1069k 3471k
24-11 05:33:52| 74  12   8   6   0|  33M   57M|1193M  289M 99.0M 1935M|  8   18    3    0    2 |1139k 3720k
24-11 05:33:53| 59  10  17  14   0|  20M   58M|1193M  287M 99.0M 1937M|  8   18    3    0    2 | 946k 2944k
24-11 05:33:54| 72  10   8  10   0|  35M   54M|1193M  285M 99.0M 1939M|  8   18    3    0    2 |1029k 3428k
24-11 05:33:55| 78  12   3   7   0|  34M   61M|1193M  282M 99.0M 1942M|  8   19    3    0    2 |1042k 3601k
24-11 05:33:56| 70  12   8  10   0|  22M   60M|1193M  280M 99.0M 1944M|  8   19    3    0    2 |1130k 3502k
24-11 05:33:57| 74  10   5  12   0|  34M   62M|1193M  278M 99.0M 1946M|  8   19    4    0    2 | 988k 3348k
24-11 05:33:58| 58   8  17  16   0|  25M   60M|1193M  276M 99.0M 1948M|  8   19    4    0    2 | 820k 2690k
24-11 05:33:59| 54   8  23  14   0|  19M   58M|1193M  274M 99.0M 1950M|  8   19    4    0    2 | 799k 2370k
24-11 05:34:00| 61   9  17  14   0|  20M   56M|1193M  272M 99.0M 1952M|  8   19    4    0    2 | 983k 3045k
24-11 05:34:01| 67   8  14  10   0|  30M   54M|1193M  270M 99.0M 1954M|  8   19    4    0    2 | 946k 3038k
24-11 05:34:02| 60   9  15  15   0|  24M   63M|1193M  267M 99.0M 1955M|  8   19    4    0    2 | 876k 2854k
24-11 05:34:03| 70   7  12  11   0|  27M   55M|1193M  265M 99.0M 1958M|  8   19    4    0    2 | 993k 3037k
24-11 05:34:04| 61   7  15  15   0|  27M   54M|1193M  264M 99.0M 1959M|  8   19    4    0    2 | 815k 2642k
24-11 05:34:05| 49   9  28  14   0|  18M   52M|1193M  262M 99.0M 1961M|  8   19    4    0    2 | 753k 2328k
24-11 05:34:06| 62   9  20   8   0|  23M   48M|1196M  258M 99.0M 1963M|  8   20    4    0    2 | 951k 2869k
24-11 05:34:07| 85  10   2   4   0|  25M   42M|1196M  255M 99.0M 1966M|  8   21    4    0    2 |1278k 3945k
24-11 05:34:08| 71   6   9  14   0|  25M   63M|1196M  253M 99.0M 1968M|  8   21    4    0    1 | 982k 3078k
24-11 05:34:09| 50   6  24  20   0|  14M  172M|1196M  251M 99.0M 1969M|  8   21    4    0    1 | 743k 2188k
24-11 05:34:10| 67   9  14   9   0|  25M   45M|1198M  247M 99.0M 1971M|  8   31    4    0    1 |1030k 3078k
24-11 05:34:11| 72   8   7  13   0|  18M   48M|1198M  245M 99.0M 1973M|  8   31    4    0    1 |1005k 3132k
24-11 05:34:12| 49   7  28  15   0|  21M   44M|1198M  243M 99.0M 1975M|  8   31    4    0    1 | 755k 2288k
24-11 05:34:13| 53   8  25  13   0|  19M   46M|1198M  241M 99.0M 1976M|  8   31    4    0    1 | 769k 2487k
24-11 05:34:14| 72   8  13   8   0|  29M   53M|1198M  239M 99.0M 1978M|  8   31    3    0    1 | 955k 3050k
24-11 05:34:15| 65  10  11  15   0|  23M   49M|1198M  237M 99.0M 1980M|  8   31    3    0    1 | 904k 2749k
24-11 05:34:16| 59   6  22  13   0|  19M   48M|1198M  235M 99.0M 1982M|  8   31    3    0    1 | 817k 2561k
24-11 05:34:17| 46   6  34  14   0|  14M   48M|1198M  234M 99.0M 1984M|  8   31    3    0    1 | 645k 1951k
24-11 05:34:18| 53   6  22  19   0|  23M   43M|1198M  233M 99.0M 1985M|  8   31    3    0    1 | 654k 2145k
24-11 05:34:19| 51   6  28  15   0|  14M   45M|1198M  231M 99.0M 1986M|  8   31    3    0    1 | 775k 2054k
24-11 05:34:20| 55   9  19  17   0|  26M   42M|1199M  229M 99.0M 1988M|  8   31    2    0    1 | 670k 2435k
24-11 05:34:21| 53   7  26  15   0|  14M   52M|1199M  227M 99.0M 1989M|  8   31    2    0    1 | 780k 2282k
24-11 05:34:22| 36   6  37  20   0|  15M   42M|1199M  226M 99.0M 1990M|  8   31    2    0    1 | 479k 1574k
24-11 05:34:23| 64   8  22   7   0|  19M   42M|1199M  224M 99.0M 1993M|  8   31    2    0    1 | 936k 2795k
24-11 05:34:24| 33   4  46  17   0|  11M   41M|1199M  223M 99.0M 1993M|  8   31    2    0    1 | 434k 1350k
24-11 05:34:25| 45   5  31  18   0|  16M   40M|1199M  221M 99.0M 1995M|  8   31    2    0    1 | 604k 1849k
24-11 05:34:26| 57   5  21  17   0|  23M   40M|1199M  220M 99.0M 1996M|  8   31    2    0    1 | 684k 2309k
24-11 05:34:27| 53   7  28  12   0|  21M   42M|1199M  218M 99.0M 1997M|  8   31    2    0    1 | 687k 2277k
24-11 05:34:28| 48   7  32  13   0|  16M   41M|1199M  217M 99.0M 1999M|  8   31    2    0    1 | 721k 2139k
24-11 05:34:29| 32   4  47  17   0|  14M   40M|1199M  216M 99.0M 2000M|  8   31    2    0    1 | 438k 1425k
24-11 05:34:30|  7   2  78  12   0|  64k   38M|1199M  216M 99.0M 2000M|  8   31    2    0    1 | 136k  193k
24-11 05:34:31|  0   1  87  11   0|   0    33M|1199M  216M 99.0M 2000M|  8   31    2    0    1 |   0     0 
24-11 05:34:32|  0   2  89  10   0|   0    30M|1199M  216M 99.0M 2000M|  8   31    2    0    0 |   0     0 
24-11 05:34:33|  0   0  95   5   0|   0    14M|1199M  216M 99.0M 2000M|  8   31    2    0    0 |  76B  164B
24-11 05:34:34|  0   0  95   4   0|   0    14M|1199M  216M 99.0M 2000M|  8   31    2    0    0 |   0     0 
24-11 05:34:35|  0   0  96   4   0|   0    13M|1199M  216M 99.0M 2000M|  8   31    2    0    0 |   0     0 
24-11 05:34:36|  0   0  95   5   0|   0    14M|1199M  216M 99.0M 2000M|  8   31    2    0    0 |   0     0 
24-11 05:34:37|  1   0  95   5   0|   0    14M|1199M  216M 99.0M 2000M|  8   31    2    0    0 |   0     0 
24-11 05:34:38|  0   0  95   4   0|   0    14M|1199M  216M 99.0M 2000M|  8   31    2    0    0 | 728B  924B
24-11 05:34:39|  0   0  95   4   0|   0    14M|1199M  216M 99.0M 2000M|  8   31    2    0    0 |   0     0 
24-11 05:34:40|  0   1  91   9   0|   0    78M|1199M  216M 99.0M 2000M|  8   31    2    0    0 |   0     0 
24-11 05:34:41|  0   0  96   4   0|   0    11M|1199M  216M 99.0M 2000M|  8   31    2    0    0 | 156B  198B
24-11 05:34:42|  0   0 100   0   0|   0     0 |1199M  216M 99.0M 2000M|  8   31    2    0    0 | 156B  198B
