----system---- --total-cpu-usage-- -dsk/total- ------memory-usage----- ------tcp-sockets------- -net/total-
     time     |usr sys idl wai stl| read  writ| used  free  buff  cach|lis  act  syn  tim  clo | recv  send
23-11 12:37:43|  1   0  99   0   0| 208k  337k| 599M 2050M 85.7M  909M|  9    1    0  128    0 |   0     0 
23-11 12:37:44|  2   3  81  14   0|  19M   20M| 606M 2043M 85.7M  910M|  9    3    0  128    0 |  52B  316B
23-11 12:37:45|  0   0 100   0   0|   0   640k| 606M 2043M 85.7M  910M|  9    3    0  124    0 |   0     0 
23-11 12:37:46|  0   0  98   2   0|   0  8096k| 606M 2042M 85.8M  910M|  9    3    0  124    0 |   0     0 
23-11 12:37:47|  0   0  99   0   0|   0   152k| 606M 2042M 85.8M  910M|  9    3    0  120    0 |   0     0 
23-11 12:37:48|  0   0 100   0   0|   0  8192B| 606M 2042M 85.8M  910M|  9    3    0  120    0 |   0     0 
23-11 12:37:49|  0   0 100   0   0|   0     0 | 606M 2042M 85.8M  910M|  9    3    0   95    0 |   0     0 
23-11 12:37:50|  0   0 100   0   0|   0     0 | 606M 2042M 85.8M  910M|  9    3    0   95    0 |  76B   90B
23-11 12:37:51|  6   1  80  12   0| 320k   13M| 613M 2036M 86.1M  909M|  9    8    0   84    0 | 421B  140B
23-11 12:37:52| 30   4  44  22   0| 288k   70M| 706M 1932M 86.5M  919M|  9    8    0   85    0 |   0     0 
23-11 12:37:53| 47   4  43   6   0|   0    54M| 711M 1907M 86.6M  940M|  9    8    0   81    0 |   0     0 
23-11 12:37:54| 47   4  40   9   0|   0    73M| 724M 1874M 86.7M  959M|  9    8    0   81    0 |  28B   42B
23-11 12:37:55| 45   5  38  11   0|   0    61M| 739M 1839M 87.0M  977M|  9    8    0   77    0 |   0     0 
23-11 12:37:56| 38   3  37  22   0|   0    84M| 737M 1824M 87.3M  994M|  9    8    0   77    0 |   0     0 
23-11 12:37:57| 43   4  35  18   0|  32k   84M| 745M 1797M 87.6M 1012M|  9    8    0   68    0 |   0     0 
23-11 12:37:58| 44   5  35  17   0|   0    87M| 751M 1770M 87.9M 1032M|  9    8    0   68    0 |   0     0 
23-11 12:37:59| 42   3  36  19   0|   0    86M| 768M 1744M 88.2M 1041M|  9    8    0   56    0 |   0     0 
23-11 12:38:00| 42   3  37  18   0|  32k   97M| 784M 1723M 88.4M 1045M|  9    8    0   56    0 |   0     0 
23-11 12:38:01| 43   3  35  19   0|   0   102M| 786M 1716M 88.7M 1049M|  9    8    0   52    0 |   0     0 
23-11 12:38:02| 34   4  38  26   0|   0   131M| 790M 1708M 89.1M 1054M|  9    8    0   52    0 |   0     0 
23-11 12:38:03| 41   3  37  19   0|   0   106M| 798M 1694M 89.4M 1059M|  9    8    0   48    0 |   0     0 
23-11 12:38:04| 38   2  35  25   0|   0   120M| 807M 1680M 89.7M 1063M|  9    8    0   48    0 | 152B  180B
23-11 12:38:05| 46   3  34  17   0|   0   123M| 809M 1669M 89.9M 1072M|  9    8    0   43    0 |   0     0 
23-11 12:38:06| 39   4  33  24   0|2240k  163M| 824M 1647M 90.2M 1079M|  9    8    0   46    0 | 304B  209B
23-11 12:38:07| 30   4  26  41   0| 156M   56M| 895M 1575M 90.3M 1079M|  9    8    0   40    0 |  52B  534B
23-11 12:38:08| 20   4  21  55   0|  82M  146M| 945M 1525M 90.4M 1079M|  9    8    0   40    0 |   0     0 
23-11 12:38:09| 25   2  21  52   0|  84M   18M| 996M 1475M 90.4M 1079M|  9    8    0   32    0 |   0     0 
23-11 12:38:10| 30   2  20  48   0|  83M   21M|1046M 1424M 90.5M 1079M|  9    8    0   32    0 |   0     0 
23-11 12:38:11| 30   3  22  45   0|  79M   25M|1093M 1377M 90.5M 1079M|  9    8    0   26    0 |   0     0 
23-11 12:38:12| 33   4  19  44   0|  75M   31M|1139M 1331M 90.6M 1079M|  9    8    0   26    0 |   0     0 
23-11 12:38:13| 37   4  24  35   0|  59M   57M|1148M 1321M 90.8M 1079M|  9    8    0   21    0 |   0     0 
23-11 12:38:14| 36   2  28  34   0|  67M   42M|1149M 1321M 91.0M 1079M|  9    8    0   21    0 |   0     0 
23-11 12:38:15| 38   4  16  42   0|  39M   87M|1149M 1320M 91.3M 1079M|  9    8    0   21    0 |   0     0 
23-11 12:38:16| 30   4  18  48   0|  31M   96M|1149M 1320M 91.7M 1079M|  9    8    0   21    0 |   0     0 
23-11 12:38:17| 30   3  19  48   0|  32M   94M|1149M 1319M 92.2M 1079M|  9    8    0   18    0 |   0     0 
23-11 12:38:18| 18   3  21  58   0|  17M  113M|1149M 1319M 92.6M 1079M|  9    8    0   18    0 |   0     0 
23-11 12:38:19| 26   3  20  50   0|  25M  105M|1149M 1319M 92.9M 1079M|  9    4    0   20    0 |  52B  290B
23-11 12:38:20| 42   2  27  29   0|1632k  139M|1149M 1318M 93.2M 1079M|  9   11    0   16    0 | 574B  554B
23-11 12:38:21| 52   2  18  29   0| 928k  142M|1149M 1318M 93.5M 1079M|  9   11    0   16    0 |   0     0 
23-11 12:38:22| 51   1  26  22   0|1920k   97M|1149M 1318M 93.7M 1079M|  9   11    0   16    0 |  76B   90B
23-11 12:38:23| 52   2  26  21   0| 544k   96M|1149M 1317M 94.0M 1079M|  9   12    0   17    0 | 626B 1428B
23-11 12:38:24| 52   2  25  21   0|   0   102M|1149M 1317M 94.2M 1079M|  9   12    0   17    0 |   0     0 
23-11 12:38:25| 46   1  41  12   0|8352k   24M|1149M 1317M 94.2M 1079M|  9   15    0   24    0 |2978B   16k
23-11 12:38:26| 54   2  22  22   0|8480k   70M|1149M 1317M 94.3M 1079M|  9   15    0   24    0 |   0     0 
23-11 12:38:27| 49   3  24  24   0|1472k  101M|1149M 1316M 94.6M 1079M|  9   16    0   25    0 | 576B 1223B
23-11 12:38:28| 52   1  32  15   0| 128k   71M|1149M 1316M 94.7M 1079M|  9   16    0   25    0 |  52B  414B
23-11 12:38:29| 49   2  34  14   0|1536k   64M|1149M 1316M 94.8M 1079M|  9   20    0   29    0 |2325B 2751B
23-11 12:38:30| 89   4   6   2   0|2720k   59M|1152M 1313M 94.9M 1080M|  9   38    0   43    0 |  11k   40k
23-11 12:38:31| 98   2   0   0   0| 512k   52M|1152M 1313M 95.0M 1080M|  9   40    0   45    0 |1320B 5302B
23-11 12:38:32| 97   2   0   1   0| 416k   47M|1152M 1313M 95.0M 1080M|  9   42    0   45    0 |1408B 5282B
23-11 12:38:33| 98   2   0   0   0| 480k   42M|1152M 1313M 95.1M 1080M|  9   44    0   47    0 |1256B 4794B
23-11 12:38:34| 91   3   0   5   0|6336k   38M|1153M 1311M 95.1M 1080M|  9   47    0   77    0 |  10k   19k
23-11 12:38:35| 99   1   0   0   0|  64k   34M|1153M 1311M 95.2M 1080M|  9   49    0   79    0 |1307B   11k
23-11 12:38:36| 98   1   0   0   0|   0    30M|1153M 1311M 95.2M 1080M|  9   51    0   81    0 |1317B 5216B
23-11 12:38:37|100   0   0   0   0|   0    26M|1153M 1311M 95.2M 1080M|  9   53    0   83    0 |1256B 4794B
23-11 12:38:38| 99   1   0   0   0|  32k   23M|1153M 1311M 95.3M 1080M|  9   55    0   85    0 |1344B 5306B
23-11 12:38:39| 96   3   0   0   0|1888k   21M|1154M 1310M 95.3M 1081M|  9   60    0  109    0 |  10k   25k
23-11 12:38:40| 99   1   0   0   0| 160k   19M|1154M 1309M 95.3M 1081M|  9   60    0  109    0 |  52B 1936B
23-11 12:38:41| 99   1   0   0   0|  64k   17M|1154M 1309M 95.3M 1081M|  9   60    0  109    0 |   0     0 
23-11 12:38:42| 99   1   0   0   0|   0    15M|1154M 1309M 95.4M 1081M|  9   60    0  109    0 |   0     0 
23-11 12:38:43| 95   3   1   2   0|2944k   13M|1155M 1308M 95.4M 1081M|  9   63    0  129    0 |9273B   15k
23-11 12:38:44|100   0   0   0   0|   0    12M|1155M 1308M 95.4M 1081M|  9   63    0  127    0 | 156B 6958B
23-11 12:38:45|100   0   0   0   0|   0    11M|1155M 1308M 95.4M 1081M|  9   63    0  127    0 |   0     0 
23-11 12:38:46| 99   0   0   0   0|   0    16M|1155M 1308M 95.4M 1081M|  9   63    0  127    0 |   0     0 
23-11 12:38:47| 99   1   0   0   0|  32k   15M|1155M 1307M 95.4M 1081M|  9   62    0  132    2 |2610B 4795B
23-11 12:38:48| 92   3   0   4   0|5296k   15M|1156M 1306M 95.4M 1082M|  9   84    0  155    0 |  10k   24k
23-11 12:38:49| 98   2   0   0   0|   0    14M|1157M 1305M 95.5M 1082M|  9   84    0  155    0 |   0     0 
23-11 12:38:50| 98   2   0   0   0|  96k   13M|1157M 1305M 95.5M 1082M|  9   86    0  158    0 |2060B 3001B
23-11 12:38:51| 99   1   0   0   0|  32k   15M|1156M 1305M 95.5M 1082M|  9   86    0  158    0 |   0     0 
23-11 12:38:52| 99   1   0   0   0|  32k   13M|1157M 1305M 95.6M 1082M|  9   85    0  165    0 |2958B   10k
23-11 12:38:53| 99   1   0   0   0|   0    12M|1157M 1305M 95.6M 1082M|  9   85    0  165    0 |   0     0 
23-11 12:38:54| 99   1   0   0   0|   0    18M|1157M 1305M 95.6M 1082M|  9   85    0  165    0 |   0     0 
23-11 12:38:55| 99   1   0   0   0|   0  4040k|1157M 1305M 95.7M 1082M|  9   85    0  165    0 |  76B   90B
23-11 12:38:56|100   0   0   0   0|  32k 4096k|1157M 1305M 95.7M 1082M|  9   85    0  165    0 |   0     0 
23-11 12:38:57|100   0   0   0   0|   0  4168k|1157M 1305M 95.7M 1082M|  9   85    0  165    0 |   0     0 
23-11 12:38:58|100   0   0   0   0|   0  5120k|1157M 1304M 95.7M 1082M|  9   91    0  170    2 |2403B 1498B
23-11 12:38:59| 98   2   0   0   0|  64k   11M|1157M 1304M 95.7M 1082M|  9   90    0  186    0 |6363B   17k
23-11 12:39:00| 99   1   0   0   0|   0  8096k|1157M 1304M 95.7M 1082M|  9   90    0  186    0 |  52B 2320B
23-11 12:39:01| 99   1   0   0   0|   0  1832k|1157M 1304M 95.7M 1082M|  9   91    0  186    0 | 686B  453B
23-11 12:39:02| 99   1   0   0   0|  32k 1840k|1157M 1304M 95.8M 1082M|  9   93    0  186    2 | 627B  206B
23-11 12:39:03| 99   1   0   0   0|   0  2960k|1157M 1304M 95.8M 1082M|  9   93    0  186    2 |   0     0 
23-11 12:39:04| 99   1   0   0   0|   0  1904k|1157M 1304M 95.8M 1082M|  9   93    0  186    2 |   0     0 
23-11 12:39:05|100   0   0   0   0|   0  1816k|1157M 1304M 95.8M 1082M|  9   92    0  186    2 | 104B   66B
23-11 12:39:06|100   0   0   0   0|   0  2280k|1157M 1304M 95.8M 1082M|  9   92    0  186    2 |   0     0 
23-11 12:39:07| 99   1   0   0   0|1184k 2024k|1157M 1303M 95.8M 1082M|  9   93    0  190    2 |3467B 5904B
23-11 12:39:08| 97   3   0   0   0|  64k   15M|1158M 1303M 95.8M 1083M|  9  100    0  206    0 |8136B   20k
23-11 12:39:09| 99   1   0   0   0|   0    13M|1158M 1303M 95.9M 1083M|  9  102    0  206    2 | 628B  206B
23-11 12:39:10| 99   1   0   0   0|   0    12M|1158M 1303M 95.9M 1083M|  9  102    0  206    2 |   0     0 
23-11 12:39:11| 99   1   0   0   0|   0    10M|1158M 1303M 95.9M 1083M|  9  102    0  206    2 |  76B   90B
23-11 12:39:12| 99   1   0   0   0|   0  2752k|1158M 1302M 95.9M 1083M|  9  102    0  206    2 |   0     0 
