----system---- --total-cpu-usage-- -dsk/total- ------memory-usage----- ------tcp-sockets------- -net/total-
     time     |usr sys idl wai stl| read  writ| used  free  buff  cach|lis  act  syn  tim  clo | recv  send
24-11 02:41:09|  2   1  94   4   0| 795k 4729k| 596M 1032M 97.0M 1793M|  8    1    0    0    0 |   0     0 
24-11 02:41:10|  2   1  97   1   0|   0   352k| 596M 1032M 97.0M 1793M|  8    1    0    0    0 |   0     0 
24-11 02:41:11|  0   0 100   0   0|   0  1216k| 596M 1032M 97.0M 1793M|  8    1    0    0    0 |   0     0 
24-11 02:41:12|  0   1  97   2   0|   0  7400k| 596M 1032M 97.0M 1793M|  8    1    0    0    0 |   0     0 
24-11 02:41:13|  0   0 100   0   0|   0   136k| 596M 1032M 97.0M 1793M|  8    1    0    0    0 |  76B   90B
24-11 02:41:14|  0   0 100   0   0|   0    32k| 596M 1032M 97.0M 1793M|  8    1    0    0    0 |  76B   90B
24-11 02:41:15|  0   0 100   0   0|   0     0 | 596M 1032M 97.0M 1793M|  8    1    0    0    0 |   0     0 
24-11 02:41:16|  0   0 100   0   0|   0     0 | 596M 1032M 97.0M 1793M|  8    1    0    0    0 |   0     0 
24-11 02:41:17|  4   1  87   8   0| 704k 7208k| 606M 1021M 97.0M 1793M|  8    2    0    0    0 |6818B 6883B
24-11 02:41:18| 18   4  51  26   0| 160k   66M| 672M  949M 97.0M 1799M|  8    2    0    0    0 |2254k   20k
24-11 02:41:19| 42   2  49   7   0|  32k   52M| 674M  926M 97.0M 1820M|  8    2    0    0    0 |5071k   18k
24-11 02:41:20| 43   3  46   9   0|   0    70M| 682M  901M 97.1M 1837M|  8    2    0    0    0 |4057k   12k
24-11 02:41:21| 42   3  43  11   1|   0    66M| 690M  876M 97.1M 1854M|  8    2    0    0    0 |4057k   12k
24-11 02:41:22| 40   4  41  16   0|   0    75M| 696M  853M 97.1M 1871M|  8    2    0    0    0 |4057k   12k
24-11 02:41:23| 41   3  40  15   0|   0    82M| 707M  824M 97.1M 1889M|  8    2    0    0    0 |4057k   14k
24-11 02:41:24| 40   4  41  16   0|   0    76M| 717M  796M 97.1M 1907M|  8    2    0    0    0 |4057k   13k
24-11 02:41:25| 42   4  38  17   0|   0    71M| 726M  771M 97.1M 1922M|  8    2    0    0    0 |5072k   16k
24-11 02:41:26| 40   2  43  16   0|   0    93M| 728M  765M 97.1M 1926M|  8    2    0    0    0 |4057k   14k
24-11 02:41:27| 40   4  39  17   0|  32k   90M| 741M  748M 97.1M 1931M|  8    2    0    0    0 |5072k   19k
24-11 02:41:28| 40   3  39  18   0|   0   100M| 749M  736M 97.1M 1935M|  8    2    0    0    0 |4057k   15k
24-11 02:41:29| 30   2  38  29   0|   0   130M| 752M  728M 97.1M 1939M|  8    2    0    0    0 |3315k   12k
24-11 02:41:30| 36   4  39  21   0|   0   106M| 777M  700M 97.2M 1943M|  8    2    0    0    0 |5064k   18k
24-11 02:41:31| 36   4  34  26   0|   0   122M| 779M  693M 97.2M 1948M|  8    2    0    0    0 |4534k   14k
24-11 02:41:32| 36   2  35  28   0|   0   122M| 777M  690M 97.2M 1952M|  8    2    0    0    0 |4058k   14k
24-11 02:41:33| 42   3  35  20   0|   0   109M| 785M  677M 97.2M 1957M|  8    2    0    0    0 |6086k   21k
24-11 02:41:34| 45   2  34  19   0|   0   112M| 794M  663M 97.2M 1962M|  8    2    0    0    0 |5072k   16k
24-11 02:41:35| 28   6  43  23   0| 115M   88M| 865M  590M 97.2M 1965M|  8    2    0    0    0 |4126k   25k
24-11 02:41:36| 27   2  23  48   0| 106M   15M| 928M  527M 97.2M 1965M|  8    2    0    0    0 |2439k 9966B
24-11 02:41:37| 26   3  18  54   0|  81M   22M| 977M  478M 97.2M 1965M|  8    2    0    0    0 |1866k 7656B
24-11 02:41:38| 28   3  20  49   0|  80M   25M|1025M  430M 97.2M 1965M|  8    2    0    0    0 |1875k 7590B
24-11 02:41:39| 30   4  24  42   0|  79M   26M|1072M  383M 97.2M 1965M|  8    2    0    0    0 |1819k 7458B
24-11 02:41:40| 36   3  35  27   0|  80M   24M|1120M  335M 97.2M 1965M|  8    2    0    0    0 |1835k 7458B
24-11 02:41:41| 37   3  25  35   0|  73M   38M|1154M  301M 97.2M 1965M|  8    2    0    0    0 |1654k 6798B
24-11 02:41:42| 38   2  19  42   0|  63M   53M|1154M  301M 97.2M 1965M|  8    2    0    0    0 |1426k 5874B
24-11 02:41:43| 34   2  18  46   0|  41M   83M|1154M  301M 97.2M 1965M|  8    2    0    0    0 | 958k 3984B
24-11 02:41:44| 32   5  17  46   1|  35M   90M|1154M  300M 97.2M 1965M|  8    2    0    0    0 | 826k 3378B
24-11 02:41:45| 16   2  24  57   0|  10M  123M|1154M  300M 97.2M 1965M|  8    2    0    0    0 | 269k 1146B
24-11 02:41:46| 35   4  16  45   0|  36M   89M|1154M  300M 97.2M 1965M|  8    2    0    0    0 | 806k 3312B
24-11 02:41:47| 19   2  23  55   0|  14M  118M|1154M  300M 97.2M 1965M|  8    2    0    0    0 | 317k 1542B
24-11 02:41:48| 32   3  19  46   0|  30M   97M|1154M  300M 97.2M 1965M|  8    2    0    0    0 | 688k 2850B
24-11 02:41:49| 25   2  23  51   0|  17M  112M|1154M  300M 97.3M 1965M|  8    1    0    0    0 | 300k 1673B
24-11 02:41:50| 15   1  46  37   0|1088k  145M|1154M  300M 97.3M 1965M|  8    3    0    0    0 |7811B   11k
24-11 02:41:51|  9   4  46  41   0|  14M  231M|1155M  300M 97.3M 1965M|  8    3    0    0    0 |  21k   32k
24-11 02:41:52|  8   1  58  33   0|1344k  122M|1155M  300M 97.3M 1965M|  8    3    0    0    0 |  20k   30k
24-11 02:41:53|  3   1  69  27   0|1312k   92M|1154M  300M 97.3M 1965M|  8    3    0    0    0 |  25k   39k
24-11 02:41:54|  3   1  70  26   0|1792k   82M|1156M  298M 97.3M 1965M|  8    3    0    0    0 |  23k   34k
24-11 02:41:55|  4   2  72  22   0|1376k   74M|1159M  296M 97.3M 1965M|  8    3    0    0    0 |  23k   34k
24-11 02:41:56|  4   3  75  19   0|1376k   66M|1160M  294M 97.3M 1965M|  8    3    0    0    0 |  28k   41k
24-11 02:41:57|  3   1  78  18   0|1888k   58M|1160M  294M 97.3M 1965M|  8    3    0    0    0 |  26k   39k
24-11 02:41:58|  3   3  77  17   0|1216k   53M|1161M  293M 97.3M 1965M|  8    3    0    0    0 |  29k   44k
24-11 02:41:59|  4   1  80  14   0| 128k   50M|1161M  293M 97.3M 1965M|  8    3    0    0    0 |  30k   48k
24-11 02:42:00|  3   1  84  13   0|  96k   41M|1161M  293M 97.3M 1965M|  8    3    0    0    0 |  33k   52k
24-11 02:42:01|  4   2  83  12   0| 224k   37M|1161M  293M 97.3M 1965M|  8    3    0    0    0 |  46k   71k
24-11 02:42:02|  6   1  82  11   0|  32k   33M|1161M  293M 97.3M 1965M|  8    4    0    0    0 |  52k   80k
24-11 02:42:03|  6   1  82  11   0|  32k   31M|1161M  293M 97.3M 1965M|  8    4    0    0    0 |  54k   84k
24-11 02:42:04|  6   1  84   8   0| 128k   26M|1161M  293M 97.3M 1966M|  8    4    0    0    0 |  55k   86k
24-11 02:42:05|  6   1  85   8   0|   0    23M|1161M  293M 97.3M 1966M|  8    4    0    0    0 |  55k   85k
24-11 02:42:06|  5   1  88   7   0|  32k   21M|1161M  292M 97.3M 1966M|  8    4    0    0    0 |  58k   92k
24-11 02:42:07|  7   1  86   7   0|   0    18M|1161M  292M 97.3M 1966M|  8    5    0    0    0 |  55k   86k
24-11 02:42:08|  8   0  86   6   0|  64k   17M|1161M  292M 97.3M 1966M|  8    5    0    0    0 |  53k   83k
24-11 02:42:09|  8   0  87   4   0|   0    14M|1161M  292M 97.3M 1966M|  8    5    0    0    0 |  54k   84k
24-11 02:42:10|  8   2  85   5   0|   0    16M|1163M  290M 97.3M 1966M|  8    5    0    0    0 |  47k   71k
24-11 02:42:11|  6   3  85   5   0| 136k   19M|1164M  289M 97.3M 1966M|  8    6    0    0    0 |  50k   79k
24-11 02:42:12|  7   1  88   4   0|   0    16M|1164M  289M 97.3M 1966M|  8    6    0    0    0 |  48k   76k
24-11 02:42:13|  8   1  88   4   0|   0    15M|1164M  289M 97.3M 1966M|  8    6    0    0    0 |  51k   79k
24-11 02:42:14|  9   1  85   4   0|  32k   14M|1164M  289M 97.3M 1967M|  8    6    0    0    0 |  53k   84k
24-11 02:42:15|  8   2  87   4   0|   0    14M|1164M  289M 97.3M 1967M|  8    6    0    0    0 |  53k   83k
24-11 02:42:16| 10   1  85   3   0|   0    14M|1164M  289M 97.3M 1967M|  8    6    0    0    0 |  56k   88k
24-11 02:42:17|  8   1  87   4   0|   0    14M|1163M  289M 97.3M 1967M|  8    6    0    0    0 |  46k   71k
24-11 02:42:18| 10   1  86   4   0|   0    14M|1163M  289M 97.3M 1967M|  8    6    0    0    0 |  51k   81k
24-11 02:42:19|  8   1  87   4   0|   0    13M|1163M  289M 97.3M 1967M|  8    6    0    0    0 |  49k   77k
24-11 02:42:20| 11   0  85   4   0|   0    14M|1163M  289M 97.3M 1967M|  8    6    0    0    0 |  48k   75k
24-11 02:42:21| 11   1  83   5   0|   0  3872k|1163M  289M 97.3M 1967M|  8    6    0    0    0 |  48k   75k
24-11 02:42:22| 11   1  82   6   0|   0    29M|1163M  289M 97.3M 1967M|  8    6    0    0    0 |  47k   73k
24-11 02:42:23|  8   2  87   3   0|   0    13M|1163M  289M 97.3M 1967M|  8    6    0    0    0 |  41k   65k
24-11 02:42:24| 10   1  85   5   0|   0    14M|1163M  289M 97.3M 1967M|  8    6    0    0    0 |  45k   68k
24-11 02:42:25| 11   1  85   3   0|   0    13M|1163M  289M 97.3M 1968M|  8    6    0    0    0 |  54k   81k
24-11 02:42:26| 10   1  84   5   0|   0    14M|1163M  289M 97.3M 1968M|  8    6    0    0    0 |  43k   69k
24-11 02:42:27| 11   1  85   4   0|   0    13M|1163M  289M 97.3M 1968M|  8    6    0    0    0 |  42k   66k
24-11 02:42:28| 12   0  84   4   0|   0    14M|1163M  289M 97.3M 1968M|  8    6    0    0    0 |  50k   77k
24-11 02:42:29| 10   1  85   4   0|   0    13M|1163M  289M 97.3M 1968M|  8    6    0    0    0 |  45k   70k
24-11 02:42:30| 11   1  85   4   0|   0    14M|1162M  289M 97.3M 1968M|  8    6    0    0    0 |  46k   71k
24-11 02:42:31| 10   1  86   4   0|   0    13M|1162M  289M 97.3M 1968M|  8    6    0    0    0 |  37k   57k
24-11 02:42:32| 10   0  86   4   0|   0    14M|1162M  288M 97.3M 1968M|  8    6    0    0    0 |  46k   71k
24-11 02:42:33|  9   1  86   3   0|   0    13M|1162M  288M 97.3M 1968M|  8    6    0    0    0 |  35k   55k
24-11 02:42:34| 13   1  82   3   0|   0    14M|1162M  288M 97.4M 1968M|  8    9    0    0    0 |  56k   87k
24-11 02:42:35|  9   0  88   3   0|   0    13M|1163M  288M 97.4M 1968M|  8    9    0    0    0 |  36k   55k
24-11 02:42:36| 15   1  81   4   0|   0    13M|1163M  288M 97.4M 1969M|  8    9    0    0    0 |  54k   84k
24-11 02:42:37|  9   1  85   5   0|   0    13M|1163M  288M 97.4M 1969M|  8    9    0    0    0 |  36k   57k
24-11 02:42:38| 13   1  81   5   0|   0    14M|1162M  288M 97.4M 1969M|  8    9    0    0    0 |  50k   77k
24-11 02:42:39| 12   1  84   3   0|   0    13M|1162M  288M 97.4M 1969M|  8    9    0    0    0 |  42k   67k
24-11 02:42:40| 14   0  83   3   0|   0    10M|1162M  288M 97.4M 1969M|  8    9    0    0    0 |  46k   71k
24-11 02:42:41| 13   1  83   3   0|   0    11M|1162M  288M 97.4M 1969M|  8    9    0    0    0 |  42k   65k
24-11 02:42:42| 14   1  82   3   0|   0    11M|1162M  288M 97.4M 1969M|  8    9    0    0    0 |  47k   72k
24-11 02:42:43|  9   0  88   3   0|   0    11M|1162M  288M 97.4M 1969M|  8    9    0    0    0 |  30k   47k
24-11 02:42:44| 13   1  84   3   0|   0    10M|1162M  288M 97.4M 1969M|  8    9    0    0    0 |  41k   63k
24-11 02:42:45| 17   1  79   4   0|   0    11M|1162M  288M 97.4M 1969M|  8    9    0    0    0 |  48k   75k
24-11 02:42:46| 13   1  83   3   0|   0    10M|1162M  288M 97.4M 1969M|  8    9    0    0    0 |  43k   65k
24-11 02:42:47| 13   2  83   3   0|   0    10M|1162M  288M 97.4M 1969M|  8    9    0    0    0 |  38k   60k
24-11 02:42:48| 15   1  81   3   0|   0    11M|1162M  288M 97.4M 1969M|  8    9    0    0    0 |  43k   68k
24-11 02:42:49| 20   0  76   3   0|   0    11M|1162M  287M 97.4M 1970M|  8    9    0    0    0 |  54k   82k
24-11 02:42:50| 11   1  85   3   0|   0    11M|1162M  287M 97.4M 1970M|  8    9    0    0    0 |  35k   51k
24-11 02:42:51|  0   0  97   3   0|   0  9912k|1162M  287M 97.4M 1970M|  8    9    0    0    0 |   0     0 
24-11 02:42:52|  0   0  97   2   0|   0  8696k|1162M  287M 97.4M 1970M|  8    9    0    0    0 |  76B   90B
24-11 02:42:53|  0   0  99   1   0|   0  1456k|1162M  287M 97.4M 1970M|  8    9    0    0    0 |   0     0 
24-11 02:42:54|  0   0 100   0   0|   0  4992k|1162M  287M 97.4M 1970M|  8    9    0    0    0 |   0     0 
24-11 02:42:55|  0   0 100   0   0|   0     0 |1162M  287M 97.4M 1970M|  8    9    0    0    0 |   0     0 
24-11 02:42:56|  0   0 100   0   0|   0     0 |1162M  287M 97.4M 1970M|  8    9    0    0    0 |   0     0 
24-11 02:42:57|  0   0 100   0   0|   0     0 |1162M  287M 97.4M 1970M|  8    9    0    0    0 |  28B   42B
24-11 02:42:58|  0   0 100   0   0|   0   632k|1162M  287M 97.4M 1970M|  8    9    0    0    0 |   0     0 
24-11 02:42:59|  0   0 100   0   0|   0    96k|1162M  287M 97.4M 1970M|  8    9    0    0    0 |   0     0 
24-11 02:43:00|  0   0 100   0   0|   0    56k|1162M  287M 97.4M 1970M|  8    9    0    0    0 |   0     0 
24-11 02:43:01|  0   0 100   0   0|   0     0 |1162M  287M 97.4M 1970M|  8    9    0    0    0 |   0     0 
24-11 02:43:02|  0   0 100   0   0|   0     0 |1162M  287M 97.4M 1970M|  8    9    0    0    0 | 420B  506B
24-11 02:43:03|  1   3  96   0   0|   0     0 |1164M  285M 97.4M 1970M|  8    9    0    0    0 | 296B 1508B
24-11 02:43:04|  0   0 100   0   0|   0    56k|1164M  285M 97.4M 1970M|  8    9    0    0    0 | 260B  330B
24-11 02:43:05|  0   0  99   0   0|   0   112k|1164M  285M 97.4M 1970M|  8    9    0    0    0 | 436B  536B
24-11 02:43:06|  1   1  99   0   0|   0     0 |1164M  285M 97.4M 1970M|  8    9    0    0    0 | 244B 1142B
24-11 02:43:07|  1   2  97   0   0|   0  8192B|1164M  285M 97.4M 1970M|  8    9    0    0    0 | 244B 1106B
24-11 02:43:08|  0   0 100   0   0|   0     0 |1164M  285M 97.4M 1970M|  8    9    0    0    0 |  76B   90B
