----system---- --total-cpu-usage-- -dsk/total- ------memory-usage----- ------tcp-sockets------- -net/total-
     time     |usr sys idl wai stl| read  writ| used  free  buff  cach|lis  act  syn  tim  clo | recv  send
24-11 05:22:56|  2   0  96   2   0|1049k 4470k| 597M 1094M 99.0M 1728M|  8    1    1    1    0 |   0     0 
24-11 05:22:57|  1   2  97   0   0|  32k  144k| 597M 1094M 99.0M 1728M|  8    1    1    1    0 |  52B  390B
24-11 05:22:58|  0   0 100   0   0|   0   632k| 597M 1094M 99.0M 1728M|  8    1    1    1    0 | 104B  132B
24-11 05:22:59|  8   2  70  20   0| 448k   27M| 609M 1082M 99.0M 1728M|  8    2    1    1    0 |  17k   11k
24-11 05:23:00| 31   4  49  15   0|   0    66M| 670M 1010M 99.0M 1740M|  8    2    1    1    0 |4273k   21k
24-11 05:23:01| 43   2  48   7   0|   0    55M| 677M  982M 99.0M 1761M|  8    2    1    1    0 |4057k   13k
24-11 05:23:02| 43   4  45   9   0|   0    67M| 690M  951M 99.0M 1779M|  8    2    2    1    0 |5072k   17k
24-11 05:23:03| 41   3  44  13   0|   0    72M| 691M  934M 99.0M 1795M|  8    2    2    1    0 |4057k   14k
24-11 05:23:04| 42   5  41  13   0|  32k   79M| 701M  905M 99.0M 1813M|  8    2    2    1    0 |4057k   13k
24-11 05:23:05| 43   3  41  13   1|   0    97M| 710M  876M 99.0M 1833M|  8    2    2    1    0 |4057k   12k
24-11 05:23:06| 31   4  45  20   0|   0    64M| 716M  856M 99.0M 1847M|  8    2    2    1    0 |4057k   15k
24-11 05:23:07| 40   3  42  14   0|   0    83M| 721M  841M 99.0M 1857M|  8    2    2    1    0 |5072k   18k
24-11 05:23:08| 39   3  42  16   0|   0    86M| 730M  828M 99.0M 1861M|  8    2    2    1    0 |4057k   12k
24-11 05:23:09| 40   4  41  16   0|   0   102M| 741M  813M 99.0M 1865M|  8    2    2    1    0 |4057k   11k
24-11 05:23:10| 41   4  40  16   0|   0    99M| 747M  801M 99.0M 1870M|  8    2    2    1    0 |4901k   14k
24-11 05:23:11| 27   3  39  31   0|   0   137M| 756M  789M 99.0M 1873M|  8    2    2    1    0 |3482k 9657B
24-11 05:23:12| 42   3  41  14   0|   0    95M| 776M  764M 99.0M 1878M|  8    2    2    1    0 |5064k   15k
24-11 05:23:13| 30   3  39  28   0|   0   134M| 784M  753M 99.0M 1882M|  8    2    2    1    0 |3524k   12k
24-11 05:23:14| 43   2  38  17   0|   0   111M| 783M  748M 99.0M 1888M|  8    2    2    1    0 |6086k   20k
24-11 05:23:15| 40   4  35  20   0|   0   111M| 788M  738M 99.0M 1893M|  8    2    2    1    0 |5072k   14k
24-11 05:23:16| 36   4  37  23   0|   0   130M| 792M  728M 99.0M 1898M|  8    1    3    1    0 |4447k   18k
24-11 05:23:17| 28   4  49  18   0| 144M   44M| 880M  641M 99.0M 1898M|  8    3    2    1    0 |3383k   23k
24-11 05:23:18| 24   4  26  46   0|  86M   17M| 929M  592M 99.0M 1898M|  8    2    2    1    0 |1981k 8552B
24-11 05:23:19| 25   5  19  51   0|  83M   22M| 979M  541M 99.0M 1898M|  8    2    2    1    0 |1915k 7878B
24-11 05:23:20| 30   5  12  53   0|  77M  152M|1026M  494M 99.0M 1898M|  8    3    2    1    0 |1783k 7507B
24-11 05:23:21| 33   3  34  30   0|  83M   20M|1076M  444M 99.0M 1898M|  8    3    2    1    0 |1901k 7796B
24-11 05:23:22| 39   4  38  19   0|  86M   13M|1129M  391M 99.0M 1898M|  8    4    2    1    0 |1955k 9511B
24-11 05:23:23| 45   2  37  16   0|  85M   16M|1154M  366M 99.0M 1898M|  8    4    2    1    0 |1952k 8952B
24-11 05:23:24| 44   3  26  27   0|  66M   46M|1154M  366M 99.0M 1898M|  8    3    2    1    0 |1501k 6336B
24-11 05:23:25| 41   3  14  41   0|  38M   88M|1154M  366M 99.0M 1898M|  8    3    2    1    0 | 905k 4092B
24-11 05:23:26| 39   3  19  40   0|  38M   87M|1154M  366M 99.0M 1898M|  8    3    2    1    0 | 871k 3762B
24-11 05:23:27| 40   4  15  41   0|  40M   83M|1154M  366M 99.0M 1898M|  8    3    2    1    0 | 871k 4034B
24-11 05:23:28| 16   2  22  60   0|  13M  120M|1154M  366M 99.0M 1898M|  8    3    2    1    0 | 343k 1716B
24-11 05:23:29| 33   3  26  39   0|  21M  107M|1154M  366M 99.0M 1898M|  8    2    2    1    0 | 407k 2015B
24-11 05:23:30|  8   2  50  40   0|   0   146M|1154M  366M 99.0M 1898M|  8    2    2    1    0 |  76B   90B
24-11 05:23:31| 14   4  45  38   0|  14M  120M|1154M  365M 99.0M 1898M|  8    4    2    1    0 | 129k  436k
24-11 05:23:32| 30   5  37  28   0|  18M   99M|1154M  365M 99.0M 1899M|  8    4    2    1    0 | 259k  711k
24-11 05:23:33| 24   4  31  41   0|  15M  143M|1154M  365M 99.0M 1899M|  8    4    2    1    0 | 270k  775k
24-11 05:23:34| 26   8  30  36   0|  20M  129M|1153M  365M 99.0M 1900M|  8    4    2    1    0 | 388k 1099k
24-11 05:23:35| 28   4  35  33   0|8960k  127M|1153M  364M 99.0M 1901M|  8    4    2    1    0 | 433k 1199k
24-11 05:23:36| 27   5  40  28   0|  11M  114M|1153M  363M 99.0M 1902M|  8    5    2    1    0 | 397k 1154k
24-11 05:23:37| 26   3  44  26   0|  10M   93M|1153M  363M 99.0M 1902M|  8    5    2    1    0 | 406k 1174k
24-11 05:23:38| 21   4  52  22   0|  10M   77M|1153M  362M 99.0M 1903M|  8    5    2    1    0 | 390k 1078k
24-11 05:23:39| 20   4  58  18   0|9792k   56M|1153M  361M 99.0M 1904M|  8    5    2    1    0 | 380k 1062k
24-11 05:23:40| 13   2  73  12   0| 136k   59M|1153M  360M 99.0M 1905M|  8    5    2    1    0 | 345k  909k
24-11 05:23:41| 10   3  77  10   0|  96k   43M|1153M  360M 99.0M 1905M|  8    5    2    1    0 | 336k  890k
24-11 05:23:42| 12   5  75   9   0|  64k   38M|1153M  359M 99.0M 1906M|  8    5    2    1    0 | 423k 1116k
24-11 05:23:43| 13   4  75   8   0|  96k   34M|1153M  358M 99.0M 1907M|  8    5    2    1    0 | 422k 1111k
24-11 05:23:44| 13   3  77   7   0|  32k   30M|1153M  357M 99.0M 1908M|  8    5    2    1    0 | 431k 1138k
24-11 05:23:45|  9   4  81   7   0| 160k   26M|1153M  356M 99.0M 1909M|  8    5    2    1    0 | 353k  933k
24-11 05:23:46|  9   2  82   7   0|   0    24M|1153M  355M 99.0M 1909M|  8    5    2    1    0 | 358k  946k
24-11 05:23:47|  9   3  83   5   0|   0    21M|1153M  355M 99.0M 1910M|  8    5    2    1    0 | 356k  941k
24-11 05:23:48| 14   2  79   5   0|   0    20M|1153M  354M 99.0M 1911M|  8    5    2    1    0 | 427k 1123k
24-11 05:23:49| 14   1  79   5   0|   0    18M|1153M  353M 99.0M 1912M|  8    5    2    1    0 | 405k 1045k
24-11 05:23:50| 10   3  82   5   0|   0    16M|1154M  351M 99.0M 1913M|  8    6    2    1    0 | 342k  925k
24-11 05:23:51|  7   3  84   5   0|   0    15M|1154M  350M 99.0M 1913M|  8    6    2    1    0 | 273k  706k
24-11 05:23:52| 16   3  76   4   1|   0    15M|1154M  349M 99.0M 1914M|  8    6    2    0    0 | 533k 1403k
24-11 05:23:53|  9   3  85   3   0|   0    14M|1154M  349M 99.0M 1915M|  8    6    2    0    0 | 268k  694k
24-11 05:23:54| 12   2  82   4   0|   0    14M|1154M  348M 99.0M 1915M|  8    6    2    0    0 | 301k  806k
24-11 05:23:55| 14   3  80   4   0|   0    14M|1154M  347M 99.0M 1916M|  8    6    2    0    0 | 426k 1126k
24-11 05:23:56|  9   2  85   4   0|   0    13M|1156M  344M 99.0M 1917M|  8    6    2    0    0 | 278k  724k
24-11 05:23:57|  8   2  86   5   0|   0    17M|1156M  344M 99.0M 1917M|  8    6    2    0    0 | 257k  684k
24-11 05:23:58| 13   3  79   4   0|   0    16M|1156M  344M 99.0M 1918M|  8    6    2    0    0 | 427k 1122k
24-11 05:23:59| 13   2  81   3   0|   0    16M|1155M  344M 99.0M 1919M|  8    6    2    0    0 | 356k  938k
24-11 05:24:00|  6   1  88   4   0|   0    15M|1155M  344M 99.0M 1919M|  8    6    1    0    0 | 178k  467k
24-11 05:24:01|  9   2  85   4   0|   0    26M|1154M  343M 99.0M 1920M|  8    6    1    0    0 | 319k  836k
24-11 05:24:02| 12   3  81   5   0|   0    47M|1154M  342M 99.0M 1921M|  8    6    1    0    0 | 391k 1030k
24-11 05:24:03| 12   3  81   4   0|   0    16M|1155M  341M 99.0M 1921M|  8    6    1    0    0 | 391k 1034k
24-11 05:24:04| 12   2  81   4   0|   0    15M|1155M  340M 99.0M 1922M|  8    6    1    0    0 | 356k  938k
24-11 05:24:05| 13   2  81   5   0|   0    16M|1155M  340M 99.0M 1923M|  8    6    1    0    0 | 355k  935k
24-11 05:24:06| 16   3  77   4   0|   0    16M|1155M  339M 99.0M 1924M|  8    6    1    0    0 | 531k 1398k
24-11 05:24:07| 16   4  76   4   0|   0    16M|1154M  338M 99.0M 1925M|  8    6    1    0    0 | 497k 1305k
24-11 05:24:08| 13   4  79   4   0|   0    16M|1155M  337M 99.0M 1926M|  8    6    1    0    0 | 426k 1120k
24-11 05:24:09|  7   2  87   5   0|   0    15M|1155M  336M 99.0M 1926M|  8    6    1    0    0 | 213k  562k
24-11 05:24:10| 11   2  83   5   0|   0    15M|1155M  336M 99.0M 1927M|  8    6    0    0    0 | 319k  838k
24-11 05:24:11|  9   2  85   4   0|   0    14M|1154M  335M 99.0M 1927M|  8    6    0    0    0 | 261k  672k
24-11 05:24:12| 16   3  77   4   0|   0    15M|1155M  334M 99.0M 1928M|  8    6    0    0    0 | 473k 1261k
24-11 05:24:13| 10   2  84   5   0|   0    14M|1155M  334M 99.0M 1929M|  8    6    0    0    0 | 296k  786k
24-11 05:24:14| 11   2  84   4   0|   0    14M|1155M  333M 99.0M 1930M|  8    6    0    0    0 | 356k  940k
24-11 05:24:15| 11   3  82   4   0|   0    14M|1155M  332M 99.0M 1930M|  8    6    0    0    0 | 320k  844k
24-11 05:24:16| 10   3  82   4   0|   0    14M|1155M  331M 99.0M 1931M|  8    6    0    0    0 | 405k 1047k
24-11 05:24:17|  9   1  86   4   0|   0    15M|1155M  331M 99.0M 1932M|  8    6    0    0    0 | 262k  699k
24-11 05:24:18| 11   4  80   5   1|   0    14M|1155M  330M 99.0M 1932M|  8    6    0    0    0 | 435k 1156k
24-11 05:24:19| 12   2  81   5   0|   0    15M|1155M  329M 99.0M 1933M|  8    6    0    0    0 | 356k  936k
24-11 05:24:20| 12   2  81   5   0|   0    14M|1155M  328M 99.0M 1934M|  8    6    0    0    0 | 359k  947k
24-11 05:24:21| 14   4  76   5   0|   0    15M|1155M  327M 99.0M 1935M|  8    6    0    0    0 | 526k 1385k
24-11 05:24:22|  9   3  82   7   0|   0    15M|1155M  327M 99.0M 1936M|  8    6    0    0    0 | 323k  852k
24-11 05:24:23| 11   2  83   5   0|   0    14M|1155M  326M 99.0M 1936M|  8    6    0    0    0 | 339k  881k
24-11 05:24:24|  9   1  85   5   0|   0    14M|1155M  325M 99.0M 1937M|  8    6    0    0    0 | 266k  715k
24-11 05:24:25| 12   3  78   6   0|   0    15M|1155M  325M 99.0M 1938M|  8    6    0    0    0 | 391k 1031k
24-11 05:24:26| 18   3  73   6   0|   0    15M|1155M  323M 99.0M 1939M|  8    6    0    0    0 | 568k 1499k
24-11 05:24:27| 16   2  77   4   0|   0    13M|1156M  321M 99.0M 1940M|  8    7    0    0    0 | 435k 1136k
24-11 05:24:28| 12   2  82   5   0|   0    13M|1156M  320M 99.0M 1940M|  8    7    0    0    0 | 384k 1017k
24-11 05:24:29| 10   1  85   5   0|   0    13M|1157M  319M 99.0M 1941M|  8    6    0    0    0 | 286k  753k
24-11 05:24:30| 14   1  80   5   0|   0    13M|1157M  318M 99.0M 1942M|  8    6    0    0    0 | 391k 1030k
24-11 05:24:31|  6   1  88   5   0|   0    12M|1156M  318M 99.0M 1942M|  8    6    0    0    0 | 157k  391k
24-11 05:24:32|  0   1  90   8   0|   0    55M|1157M  318M 99.0M 1942M|  8    7    0    0    0 |1266B 1459B
24-11 05:24:33|  0   1  93   6   0|   0    14M|1157M  318M 99.0M 1942M|  8    7    0    0    0 | 564B 1032B
24-11 05:24:34|  0   0  98   2   0|   0  4488k|1157M  318M 99.0M 1942M|  8    6    0    0    0 | 208B   66B
24-11 05:24:35|  0   0 100   0   0|   0     0 |1157M  318M 99.0M 1942M|  8    6    0    0    0 |  76B   90B
24-11 05:24:36|  0   0 100   0   0|   0     0 |1157M  318M 99.0M 1942M|  8    6    0    0    0 |  52B   66B
24-11 05:24:37|  0   0 100   0   0|   0     0 |1157M  318M 99.0M 1942M|  8    6    0    0    0 |   0     0 
24-11 05:24:38|  0   0 100   0   0|   0     0 |1157M  318M 99.0M 1942M|  8    6    0    0    0 |   0     0 
24-11 05:24:39|  0   0 100   0   0|   0     0 |1157M  318M 99.0M 1942M|  8    6    1    0    0 |  60B   74B
24-11 05:24:40|  0   0 100   0   0|   0    32k|1157M  318M 99.0M 1942M|  8    6    1    0    0 |  60B   74B
24-11 05:24:41|  0   0 100   0   0|   0     0 |1157M  318M 99.0M 1942M|  8    6    2    0    0 |  60B  148B
24-11 05:24:42|  0   0  99   0   0|   0     0 |1157M  318M 99.0M 1942M|  8    7    1    0    0 |1266B  181B
24-11 05:24:43|  0   0 100   0   0|   0     0 |1157M  318M 99.0M 1942M|  8    7    1    0    0 |   0     0 
24-11 05:24:44|  0   0 100   0   0|   0     0 |1157M  318M 99.0M 1942M|  8    7    1    0    0 |   0    74B
24-11 05:24:45|  0   0 100   0   0|   0    32k|1157M  318M 99.0M 1942M|  8    7    1    0    0 |  52B   66B
24-11 05:24:46|  0   0 100   0   0|   0     0 |1157M  318M 99.0M 1942M|  8    7    2    0    0 | 172B  214B
24-11 05:24:47|  0   0 100   0   0|   0     0 |1157M  318M 99.0M 1942M|  8    7    2    0    0 |  60B   74B
24-11 05:24:48|  0   0 100   0   0|   0   200k|1157M  318M 99.0M 1942M|  8    7    2    0    0 |   0    74B
24-11 05:24:49|  0   0 100   0   0|   0     0 |1157M  318M 99.0M 1942M|  8    7    2    0    0 |  60B   74B
24-11 05:24:50|  0   0 100   0   0|   0    48k|1157M  318M 99.0M 1942M|  8    7    2    0    0 |  28B  116B
24-11 05:24:51|  0   0 100   0   0|   0     0 |1157M  318M 99.0M 1942M|  8    7    2    0    0 | 128B  230B
24-11 05:24:52|  0   0 100   0   0|   0     0 |1157M  318M 99.0M 1942M|  8    7    2    0    0 |   0     0 
24-11 05:24:53|  0   0 100   0   0|   0   136k|1157M  318M 99.0M 1942M|  8    7    2    0    0 |  60B   74B
24-11 05:24:54|  0   0 100   0   0|   0     0 |1157M  318M 99.0M 1942M|  8    7    2    0    0 |   0     0 
24-11 05:24:55|  0   0 100   0   0|   0    56k|1157M  318M 99.0M 1942M|  8    7    2    0    0 |   0     0 
