----system---- --total-cpu-usage-- -dsk/total- ------memory-usage----- ------tcp-sockets------- -net/total-
     time     |usr sys idl wai stl| read  writ| used  free  buff  cach|lis  act  syn  tim  clo | recv  send
24-11 05:22:55|  3   0  95   1   0|1292k 4342k| 588M 2149M  100M  797M|  8    1    0    1    0 |   0     0 
24-11 05:22:56|  2   2  96   0   0|   0   160k| 588M 2149M  100M  797M|  8    1    0    1    0 |   0     0 
24-11 05:22:57|  0   0 100   0   0|   0   632k| 588M 2149M  100M  797M|  8    1    0    1    0 |  76B   90B
24-11 05:22:58|  0   0  97   2   0|   0  7136k| 589M 2149M  100M  797M|  8    1    0    1    0 |   0     0 
24-11 05:22:59| 10   1  68  21   0| 512k   19M| 600M 2138M  100M  796M|  8    6    0    2    0 |8294B   17k
24-11 05:23:00| 37   7  37  19   0|   0    65M| 699M 2027M  100M  808M|  8    7    0    3    0 |  20k 4282k
24-11 05:23:01| 53   2  38   7   0|   0    54M| 705M 2002M  100M  827M|  8    7    0    3    0 |  10k 4064k
24-11 05:23:02| 53   2  34  11   0|   0    65M| 716M 1972M  100M  846M|  8    7    0    3    0 |  13k 5080k
24-11 05:23:03| 48   4  32  16   1|   0    88M| 739M 1932M  100M  863M|  8    7    0    3    0 |8820B 3048k
24-11 05:23:04| 45   5  35  15   0|   0    74M| 734M 1921M  100M  879M|  8    7    0    3    0 |  12k 5080k
24-11 05:23:05| 49   4  31  17   0|   0    82M| 745M 1892M  100M  898M|  8    7    0    3    0 |9964B 4064k
24-11 05:23:06| 52   3  33  13   0|   0    68M| 751M 1867M  100M  917M|  8    7    0    3    0 |  12k 4064k
24-11 05:23:07| 49   4  31  17   0|   0    86M| 760M 1849M  100M  926M|  8    7    0    3    0 |  11k 4064k
24-11 05:23:08| 47   4  32  18   0|   0    83M| 771M 1833M  100M  930M|  8    7    0    3    0 |  13k 5080k
24-11 05:23:09| 46   3  31  20   0|   0    99M| 790M 1811M  100M  934M|  8    7    0    3    0 |9260B 4064k
24-11 05:23:10| 49   3  30  18   0| 224k  101M| 797M 1798M  100M  939M|  8    7    0    3    0 |  11k 4909k
24-11 05:23:11| 27   2  36  36   0|   0   119M| 806M 1787M  100M  941M|  8    7    0    3    0 |6223B 2474k
24-11 05:23:12| 50   4  27  19   0|   0   112M| 817M 1772M  100M  946M|  8    7    0    3    0 |  14k 6087k
24-11 05:23:13| 41   3  30  26   0|   0   113M| 824M 1760M  100M  950M|  8    7    0    3    0 |9968B 3530k
24-11 05:23:14| 47   4  26  24   0|   0   121M| 826M 1753M  100M  955M|  8    7    0    3    0 |  16k 6096k
24-11 05:23:15| 51   5  26  18   0|   0   117M| 831M 1743M  100M  960M|  8    7    0    3    0 |  11k 5080k
24-11 05:23:16| 48   4  24  24   0|   0   117M| 840M 1729M  100M  965M|  8    7    0    3    0 |  13k 4423k
24-11 05:23:17| 32  10  34  24   0| 141M  111M| 880M 1688M  100M  966M|  8    7    0    8    0 |  20k 3288k
24-11 05:23:18| 21   3  23  52   0|  85M   17M| 932M 1635M  100M  966M|  8    7    0    8    0 |6344B 1984k
24-11 05:23:19| 24   4  12  60   0|  77M  143M| 979M 1588M  100M  966M|  8    7    0    8    0 |6292B 1958k
24-11 05:23:20| 30   3  18  49   0|  82M   22M|1028M 1539M  100M  966M|  8    7    0    8    0 |5772B 1794k
24-11 05:23:21| 29   3  20  47   1|  77M   28M|1075M 1493M  100M  966M|  8    7    0    8    0 |5980B 1867k
24-11 05:23:22| 36   3  30  31   0|  81M   22M|1125M 1442M  100M  966M|  8    7    0    8    0 |6320B 1948k
24-11 05:23:23| 41   3  37  18   0|  86M   15M|1158M 1409M  100M  966M|  8    7    0    8    0 |6292B 1958k
24-11 05:23:24| 46   2  33  19   0|  74M   33M|1158M 1409M  100M  966M|  8    7    0    8    0 |5200B 1588k
24-11 05:23:25| 38   2  16  44   0|  36M   87M|1158M 1409M  100M  966M|  8    7    0    8    0 |3172B  909k
24-11 05:23:26| 38   6  15  41   0|  39M   84M|1158M 1409M  100M  966M|  8    7    0    8    0 |2912B  837k
24-11 05:23:27| 11   4  23  62   0|  10M  123M|1158M 1409M  100M  966M|  8    7    0    8    0 |3328B  949k
24-11 05:23:28| 36   3  17  45   0|  36M   86M|1158M 1409M  100M  966M|  8    7    0    8    0 |1404B  347k
24-11 05:23:29| 15   2  22  60   0|9408k  116M|1158M 1409M  100M  966M|  8    6    0    9    0 |1685B  408k
24-11 05:23:30| 32   2  25  41   0|  26M   96M|1158M 1409M  100M  966M|  8    1    0   12    0 | 104B  417B
24-11 05:23:31| 31   6  27  36   0|  21M  124M|1158M 1409M  100M  967M|  8    4    0   12    0 | 210k  614k
24-11 05:23:32| 34   9  18  40   0|  26M  129M|1157M 1409M  100M  968M|  8    4    0   12    0 | 501k 1465k
24-11 05:23:33| 39   7  20  34   0|  17M  126M|1157M 1408M  100M  969M|  8    4    0   12    0 | 452k 1286k
24-11 05:23:34| 34   8  24  35   0|  13M  121M|1156M 1408M  100M  970M|  8    4    0   12    0 | 341k 1002k
24-11 05:23:35| 28   4  25  44   0|  17M  118M|1156M 1408M  100M  970M|  8    4    0   12    0 | 309k  895k
24-11 05:23:36| 28   6  23  43   0|  14M  110M|1156M 1407M  100M  971M|  8    4    0   12    0 | 383k 1126k
24-11 05:23:37| 19   5  26  50   0|  12M  102M|1155M 1407M  100M  972M|  8    4    0   12    0 | 376k 1068k
24-11 05:23:38| 28   6  25  42   0|  16M  108M|1155M 1406M  100M  973M|  8    4    0   12    0 | 359k 1072k
24-11 05:23:39| 30   6  29  34   0|  13M  103M|1154M 1406M  100M  974M|  8    4    0   12    0 | 479k 1357k
24-11 05:23:40| 16   4  53  26   0|  32k   68M|1154M 1405M  100M  974M|  8    4    0   12    0 | 384k 1012k
24-11 05:23:41| 13   3  65  19   0|  96k   45M|1154M 1405M  100M  975M|  8    4    0   12    0 | 398k 1058k
24-11 05:23:42| 12   4  69  15   0|  96k   41M|1154M 1404M  100M  976M|  8    4    0   12    0 | 396k 1049k
24-11 05:23:43| 11   4  72  14   0| 128k   36M|1153M 1404M  100M  977M|  8    4    0   12    0 | 394k 1043k
24-11 05:23:44| 14   3  71  12   0|  64k   30M|1153M 1403M  100M  978M|  8    4    0   12    0 | 357k  940k
24-11 05:23:45| 17   4  66  13   0|  64k   29M|1153M 1402M  100M  979M|  8    4    0   12    0 | 512k 1363k
24-11 05:23:46| 17   3  71   9   0|  32k   26M|1154M 1401M  100M  979M|  8    4    0   12    0 | 409k 1067k
24-11 05:23:47| 19   3  70   7   0|   0    22M|1153M 1400M  100M  981M|  8    4    0   12    0 | 493k 1322k
24-11 05:23:48| 10   5  77   8   0|   0    21M|1153M 1399M  100M  981M|  8    4    0   12    0 | 348k  916k
24-11 05:23:49| 16   3  74   7   0|  32k   18M|1154M 1398M  100M  982M|  8    4    0   12    0 | 420k 1103k
24-11 05:23:50| 17   4  70   9   0|   0    20M|1154M 1397M  100M  983M|  8    4    0   12    0 | 455k 1215k
24-11 05:23:51| 17   4  71   8   0|   0    19M|1154M 1396M  100M  984M|  8    4    0   12    0 | 531k 1388k
24-11 05:23:52| 13   2  78   6   0|  64k   17M|1153M 1395M  100M  985M|  8    4    0   11    0 | 307k  821k
24-11 05:23:53| 18   3  73   6   0|  32k   16M|1153M 1394M  100M  986M|  8    4    0   11    0 | 529k 1380k
24-11 05:23:54| 20   2  72   5   0|  32k   13M|1154M 1393M  100M  987M|  8    4    0   11    0 | 492k 1312k
24-11 05:23:55| 12   2  79   6   0|   0    15M|1153M 1392M  100M  988M|  8    4    0   11    0 | 363k  956k
24-11 05:23:56| 20   3  72   5   0|   0    14M|1153M 1391M  100M  989M|  8    4    0   11    0 | 568k 1483k
24-11 05:23:57| 19   3  71   7   0|   0    17M|1153M 1390M  100M  990M|  8    4    0   11    0 | 511k 1349k
24-11 05:23:58| 18   3  73   6   0|   0    18M|1153M 1389M  100M  991M|  8    4    0   11    0 | 414k 1101k
24-11 05:23:59| 15   4  75   6   0|   0    16M|1153M 1388M  100M  992M|  8    4    0   11    0 | 438k 1157k
24-11 05:24:00| 19   7  67   6   0|   0    16M|1153M 1387M  100M  993M|  8    4    0    9    0 | 604k 1584k
24-11 05:24:01| 16   4  73   6   0|   0    16M|1153M 1386M  100M  994M|  8    4    0    9    0 | 473k 1250k
24-11 05:24:02| 15   4  74   7   0|  32k   17M|1154M 1385M  100M  995M|  8    4    0    9    0 | 409k 1084k
24-11 05:24:03| 16   3  76   5   0|  64k   16M|1153M 1384M  100M  995M|  8    4    0    9    0 | 363k  957k
24-11 05:24:04| 19   2  75   5   0|   0    15M|1154M 1383M  100M  996M|  8    4    0    9    0 | 472k 1245k
24-11 05:24:05| 15   4  71   9   0|   0    77M|1153M 1382M  100M  997M|  8    4    0    9    0 | 359k  946k
24-11 05:24:06|  8   2  82   8   0|   0    17M|1153M 1382M  100M  998M|  8    4    0    9    0 | 216k  573k
24-11 05:24:07| 14   4  77   5   0|   0    14M|1153M 1381M  100M  998M|  8    4    0    9    0 | 291k  766k
24-11 05:24:08| 16   3  76   6   0|  32k   14M|1153M 1381M  100M  999M|  8    4    0    9    0 | 363k  960k
24-11 05:24:09| 21   4  70   5   0|  32k   15M|1153M 1380M  100M 1000M|  8    4    0    9    0 | 551k 1450k
24-11 05:24:10| 17   4  74   6   0|   0    15M|1153M 1379M  100M 1001M|  8    4    0    9    0 | 448k 1178k
24-11 05:24:11| 21   3  69   7   0|   0    16M|1153M 1378M  100M 1002M|  8    4    0    9    0 | 525k 1393k
24-11 05:24:12| 16   2  76   6   0|   0    16M|1153M 1377M  100M 1003M|  8    4    0    9    0 | 320k  844k
24-11 05:24:13| 16   3  74   7   0|   0    16M|1153M 1376M  100M 1004M|  8    4    0    9    0 | 472k 1244k
24-11 05:24:14| 18   4  73   6   0|   0    15M|1153M 1375M  100M 1005M|  8    4    0    9    0 | 431k 1133k
24-11 05:24:15| 17   2  75   6   0|   0    16M|1153M 1374M  100M 1006M|  8    4    0    9    0 | 414k 1075k
24-11 05:24:16| 16   4  74   6   0|   0    17M|1153M 1373M  100M 1007M|  8    4    0    9    0 | 422k 1135k
24-11 05:24:17| 19   4  72   6   0|   0    16M|1153M 1372M  100M 1008M|  8    4    0    8    0 | 494k 1299k
24-11 05:24:18| 14   3  78   5   0|   0    16M|1153M 1371M  100M 1008M|  8    4    0    8    0 | 338k  899k
24-11 05:24:19| 15   3  76   6   0|   0    15M|1153M 1370M  100M 1009M|  8    4    0    4    0 | 397k 1049k
24-11 05:24:20| 17   2  76   5   1|   0    15M|1153M 1369M  100M 1010M|  8    4    0    4    0 | 435k 1143k
24-11 05:24:21| 12   1  81   6   0|   0    16M|1153M 1369M  100M 1011M|  8    4    0    4    0 | 253k  670k
24-11 05:24:22| 18   2  75   5   0|   0    14M|1153M 1368M  100M 1011M|  8    4    0    4    0 | 435k 1151k
24-11 05:24:23| 18   4  74   5   0|   0    15M|1153M 1367M  100M 1012M|  8    4    0    4    0 | 414k 1076k
24-11 05:24:24| 21   3  70   6   0|   0    16M|1153M 1366M  100M 1013M|  8    4    0    4    0 | 488k 1301k
24-11 05:24:25| 16   2  77   5   0|   0    14M|1153M 1365M  100M 1014M|  8    4    0    4    0 | 360k  947k
24-11 05:24:26| 11   1  81   7   0|   0    17M|1153M 1365M  100M 1014M|  8    4    0    4    0 | 178k  473k
24-11 05:24:27| 14   4  78   4   0|   0    11M|1153M 1364M  100M 1015M|  8    4    0    4    0 | 290k  763k
24-11 05:24:28| 19   3  75   4   0|   0    14M|1153M 1363M  100M 1016M|  8    4    0    4    0 | 391k 1033k
24-11 05:24:29| 19   3  73   4   0|  32k   11M|1153M 1363M  100M 1017M|  8    4    0    4    0 | 469k 1238k
24-11 05:24:30| 17   3  75   5   0|   0    15M|1153M 1362M  100M 1018M|  8    4    0    4    0 | 362k  958k
24-11 05:24:31| 13   2  81   5   0|   0    14M|1153M 1361M  100M 1018M|  8    4    0    0    0 | 258k  680k
24-11 05:24:32|  0   0  95   5   0|   0    12M|1153M 1361M  100M 1018M|  8    4    0    0    0 |   0     0 
24-11 05:24:33|  0   0  95   4   0|   0    10M|1153M 1361M  100M 1018M|  8    4    0    0    0 |  76B   90B
24-11 05:24:34|  0   0  93   7   0|   0    15M|1153M 1361M  100M 1018M|  8    4    0    0    0 |   0     0 
24-11 05:24:35|  0   0 100   0   0|   0   440k|1153M 1361M  100M 1018M|  8    4    0    0    0 |   0     0 
24-11 05:24:36|  0   0  98   2   0|   0    42M|1153M 1361M  100M 1018M|  8    4    0    0    0 |   0     0 
24-11 05:24:37|  0   0 100   0   0|   0    56k|1153M 1361M  100M 1018M|  8    4    0    0    0 |   0     0 
24-11 05:24:38|  0   0  99   1   0|   0   632k|1153M 1361M  100M 1018M|  8    4    0    0    0 |   0     0 
24-11 05:24:39|  0   0 100   0   0|   0    40k|1153M 1361M  100M 1018M|  8    4    0    0    0 |  52B   66B
24-11 05:24:40|  0   0 100   0   0|   0     0 |1153M 1361M  100M 1018M|  8    4    0    0    0 |   0     0 
24-11 05:24:41|  0   0 100   0   0|   0     0 |1153M 1361M  100M 1018M|  8    4    0    0    0 |   0     0 
24-11 05:24:42|  0   0 100   0   0|   0     0 |1153M 1361M  100M 1018M|  8    4    0    0    0 |   0     0 
24-11 05:24:43|  0   0 100   0   0|   0    64k|1153M 1361M  100M 1018M|  8    4    0    0    0 |   0     0 
24-11 05:24:44|  0   0 100   0   0|   0     0 |1153M 1361M  100M 1018M|  8    4    0    0    0 |   0     0 
24-11 05:24:45|  0   0  99   0   0|   0    24k|1153M 1361M  100M 1018M|  8    4    0    0    0 |   0     0 
24-11 05:24:46|  0   0 100   0   0|   0     0 |1153M 1361M  100M 1018M|  8    4    0    0    0 | 104B  132B
24-11 05:24:47|  0   0 100   0   0|   0     0 |1153M 1361M  100M 1018M|  8    4    0    0    0 |   0     0 
24-11 05:24:48|  0   0 100   0   0|   0     0 |1153M 1361M  100M 1018M|  8    4    0    0    0 |   0     0 
24-11 05:24:49|  0   0 100   0   0|   0     0 |1153M 1361M  100M 1018M|  8    4    0    0    0 |   0     0 
24-11 05:24:50|  0   0 100   0   0|   0    24k|1153M 1361M  100M 1018M|  8    4    0    0    0 |  76B   90B
24-11 05:24:51|  0   0 100   0   0|   0     0 |1153M 1361M  100M 1018M|  8    4    0    0    0 |   0     0 
24-11 05:24:52|  0   0 100   0   0|   0     0 |1153M 1361M  100M 1018M|  8    4    0    0    0 |   0     0 
24-11 05:24:53|  0   0 100   0   0|   0     0 |1153M 1361M  100M 1018M|  8    4    0    0    0 |   0     0 
24-11 05:24:54|  0   0 100   0   0|   0     0 |1153M 1361M  100M 1018M|  8    4    0    0    0 |  52B   66B
